<?xml version="1.0" encoding="UTF-8"?>
<coverage generated="1665041414250" clover="3.2.0">
  <project timestamp="1665041414250" name="All files">
    <metrics statements="600" coveredstatements="392" conditionals="282" coveredconditionals="127" methods="179" coveredmethods="135" elements="1061" coveredelements="654" complexity="0" loc="600" ncloc="600" packages="4" files="9" classes="9"/>
    <package name="src">
      <metrics statements="25" coveredstatements="23" conditionals="8" coveredconditionals="2" methods="8" coveredmethods="7"/>
      <file name="mondis.ts" path="/home/boar/mg/libs/mondis/src/mondis.ts">
        <metrics statements="25" coveredstatements="23" conditionals="8" coveredconditionals="2" methods="8" coveredmethods="7"/>
        <line num="5" count="1" type="stmt"/>
        <line num="6" count="1" type="stmt"/>
        <line num="7" count="1" type="stmt"/>
        <line num="29" count="1" type="stmt"/>
        <line num="96" count="14" type="cond" truecount="0" falsecount="1"/>
        <line num="97" count="14" type="cond" truecount="0" falsecount="1"/>
        <line num="98" count="14" type="stmt"/>
        <line num="99" count="168" type="cond" truecount="0" falsecount="1"/>
        <line num="100" count="168" type="stmt"/>
        <line num="102" count="14" type="stmt"/>
        <line num="115" count="14" type="stmt"/>
        <line num="116" count="14" type="stmt"/>
        <line num="117" count="14" type="stmt"/>
        <line num="122" count="14" type="stmt"/>
        <line num="123" count="14" type="cond" truecount="1" falsecount="0"/>
        <line num="124" count="14" type="stmt"/>
        <line num="125" count="42" type="stmt"/>
        <line num="127" count="14" type="stmt"/>
        <line num="129" count="14" type="cond" truecount="1" falsecount="0"/>
        <line num="133" count="14" type="stmt"/>
        <line num="137" count="14" type="cond" truecount="0" falsecount="1"/>
        <line num="138" count="14" type="stmt"/>
        <line num="142" count="0" type="cond" truecount="0" falsecount="1"/>
        <line num="143" count="0" type="stmt"/>
        <line num="147" count="1" type="stmt"/>
      </file>
    </package>
    <package name="src.CachedQuery">
      <metrics statements="186" coveredstatements="50" conditionals="97" coveredconditionals="20" methods="47" coveredmethods="17"/>
      <file name="config.ts" path="/home/boar/mg/libs/mondis/src/CachedQuery/config.ts">
        <metrics statements="13" coveredstatements="13" conditionals="16" coveredconditionals="14" methods="6" coveredmethods="6"/>
        <line num="51" count="12" type="cond" truecount="0" falsecount="1"/>
        <line num="52" count="12" type="stmt"/>
        <line num="53" count="2" type="stmt"/>
        <line num="54" count="2" type="stmt"/>
        <line num="64" count="12" type="stmt"/>
        <line num="65" count="18" type="cond" truecount="2" falsecount="0"/>
        <line num="67" count="12" type="cond" truecount="1" falsecount="0"/>
        <line num="68" count="11" type="stmt"/>
        <line num="71" count="2" type="stmt"/>
        <line num="76" count="1" type="stmt"/>
        <line num="91" count="12" type="stmt"/>
        <line num="92" count="12" type="stmt"/>
        <line num="104" count="12" type="stmt"/>
      </file>
      <file name="index.ts" path="/home/boar/mg/libs/mondis/src/CachedQuery/index.ts">
        <metrics statements="110" coveredstatements="10" conditionals="47" coveredconditionals="2" methods="19" coveredmethods="2"/>
        <line num="1" count="1" type="stmt"/>
        <line num="10" count="1" type="stmt"/>
        <line num="31" count="0" type="stmt"/>
        <line num="32" count="0" type="stmt"/>
        <line num="33" count="0" type="stmt"/>
        <line num="37" count="0" type="stmt"/>
        <line num="41" count="0" type="stmt"/>
        <line num="52" count="168" type="stmt"/>
        <line num="53" count="168" type="stmt"/>
        <line num="57" count="957" type="stmt"/>
        <line num="58" count="957" type="cond" truecount="2" falsecount="0"/>
        <line num="59" count="957" type="cond" truecount="0" falsecount="1"/>
        <line num="60" count="0" type="stmt"/>
        <line num="62" count="957" type="stmt"/>
        <line num="63" count="957" type="stmt"/>
        <line num="67" count="0" type="stmt"/>
        <line num="68" count="0" type="stmt"/>
        <line num="69" count="0" type="stmt"/>
        <line num="70" count="0" type="stmt"/>
        <line num="71" count="0" type="cond" truecount="0" falsecount="2"/>
        <line num="72" count="0" type="stmt"/>
        <line num="74" count="0" type="cond" truecount="0" falsecount="1"/>
        <line num="75" count="0" type="cond" truecount="0" falsecount="1"/>
        <line num="76" count="0" type="cond" truecount="0" falsecount="3"/>
        <line num="78" count="0" type="cond" truecount="0" falsecount="1"/>
        <line num="79" count="0" type="cond" truecount="0" falsecount="1"/>
        <line num="80" count="0" type="stmt"/>
        <line num="84" count="0" type="stmt"/>
        <line num="88" count="0" type="stmt"/>
        <line num="89" count="0" type="stmt"/>
        <line num="96" count="0" type="stmt"/>
        <line num="97" count="0" type="stmt"/>
        <line num="98" count="0" type="stmt"/>
        <line num="99" count="0" type="stmt"/>
        <line num="100" count="0" type="stmt"/>
        <line num="101" count="0" type="stmt"/>
        <line num="102" count="0" type="stmt"/>
        <line num="104" count="0" type="stmt"/>
        <line num="105" count="0" type="stmt"/>
        <line num="106" count="0" type="stmt"/>
        <line num="107" count="0" type="stmt"/>
        <line num="108" count="0" type="stmt"/>
        <line num="109" count="0" type="stmt"/>
        <line num="110" count="0" type="stmt"/>
        <line num="111" count="0" type="stmt"/>
        <line num="112" count="0" type="stmt"/>
        <line num="113" count="0" type="stmt"/>
        <line num="114" count="0" type="stmt"/>
        <line num="116" count="0" type="stmt"/>
        <line num="117" count="0" type="stmt"/>
        <line num="118" count="0" type="stmt"/>
        <line num="120" count="0" type="stmt"/>
        <line num="127" count="0" type="stmt"/>
        <line num="128" count="0" type="stmt"/>
        <line num="129" count="0" type="stmt"/>
        <line num="130" count="0" type="cond" truecount="0" falsecount="2"/>
        <line num="133" count="0" type="cond" truecount="0" falsecount="5"/>
        <line num="134" count="0" type="stmt"/>
        <line num="137" count="0" type="stmt"/>
        <line num="138" count="0" type="cond" truecount="0" falsecount="1"/>
        <line num="139" count="0" type="stmt"/>
        <line num="140" count="0" type="stmt"/>
        <line num="141" count="0" type="cond" truecount="0" falsecount="1"/>
        <line num="142" count="0" type="stmt"/>
        <line num="148" count="0" type="cond" truecount="0" falsecount="1"/>
        <line num="149" count="0" type="stmt"/>
        <line num="154" count="0" type="cond" truecount="0" falsecount="3"/>
        <line num="155" count="0" type="stmt"/>
        <line num="158" count="0" type="cond" truecount="0" falsecount="1"/>
        <line num="159" count="0" type="stmt"/>
        <line num="163" count="0" type="stmt"/>
        <line num="164" count="0" type="stmt"/>
        <line num="165" count="0" type="cond" truecount="0" falsecount="2"/>
        <line num="169" count="0" type="stmt"/>
        <line num="170" count="0" type="stmt"/>
        <line num="175" count="0" type="cond" truecount="0" falsecount="1"/>
        <line num="176" count="0" type="stmt"/>
        <line num="178" count="0" type="stmt"/>
        <line num="179" count="0" type="stmt"/>
        <line num="180" count="0" type="stmt"/>
        <line num="185" count="0" type="stmt"/>
        <line num="192" count="0" type="stmt"/>
        <line num="193" count="0" type="stmt"/>
        <line num="194" count="0" type="cond" truecount="0" falsecount="1"/>
        <line num="195" count="0" type="cond" truecount="0" falsecount="1"/>
        <line num="196" count="0" type="stmt"/>
        <line num="197" count="0" type="stmt"/>
        <line num="200" count="0" type="cond" truecount="0" falsecount="1"/>
        <line num="201" count="0" type="stmt"/>
        <line num="202" count="0" type="stmt"/>
        <line num="207" count="0" type="cond" truecount="0" falsecount="1"/>
        <line num="208" count="0" type="stmt"/>
        <line num="209" count="0" type="stmt"/>
        <line num="210" count="0" type="stmt"/>
        <line num="215" count="0" type="cond" truecount="0" falsecount="2"/>
        <line num="219" count="0" type="cond" truecount="0" falsecount="1"/>
        <line num="220" count="0" type="stmt"/>
        <line num="221" count="0" type="cond" truecount="0" falsecount="4"/>
        <line num="222" count="0" type="cond" truecount="0" falsecount="1"/>
        <line num="223" count="0" type="cond" truecount="0" falsecount="2"/>
        <line num="224" count="0" type="stmt"/>
        <line num="226" count="0" type="stmt"/>
        <line num="234" count="0" type="cond" truecount="0" falsecount="1"/>
        <line num="235" count="0" type="stmt"/>
        <line num="236" count="0" type="cond" truecount="0" falsecount="2"/>
        <line num="237" count="0" type="stmt"/>
        <line num="239" count="0" type="stmt"/>
        <line num="240" count="0" type="stmt"/>
        <line num="243" count="0" type="stmt"/>
        <line num="247" count="1" type="stmt"/>
      </file>
      <file name="utils.ts" path="/home/boar/mg/libs/mondis/src/CachedQuery/utils.ts">
        <metrics statements="63" coveredstatements="27" conditionals="34" coveredconditionals="4" methods="22" coveredmethods="9"/>
        <line num="1" count="1" type="stmt"/>
        <line num="2" count="1" type="stmt"/>
        <line num="3" count="1" type="stmt"/>
        <line num="16" count="419" type="cond" truecount="0" falsecount="1"/>
        <line num="17" count="419" type="stmt"/>
        <line num="18" count="419" type="cond" truecount="1" falsecount="1"/>
        <line num="20" count="419" type="cond" truecount="1" falsecount="1"/>
        <line num="21" count="419" type="stmt"/>
        <line num="23" count="0" type="stmt"/>
        <line num="24" count="0" type="cond" truecount="0" falsecount="3"/>
        <line num="25" count="0" type="stmt"/>
        <line num="27" count="0" type="stmt"/>
        <line num="28" count="0" type="stmt"/>
        <line num="32" count="1" type="stmt"/>
        <line num="33" count="12" type="stmt"/>
        <line num="36" count="1" type="stmt"/>
        <line num="37" count="6" type="stmt"/>
        <line num="40" count="1" type="stmt"/>
        <line num="42" count="0" type="stmt"/>
        <line num="43" count="0" type="stmt"/>
        <line num="44" count="0" type="stmt"/>
        <line num="46" count="0" type="stmt"/>
        <line num="49" count="1" type="stmt"/>
        <line num="51" count="401" type="stmt"/>
        <line num="52" count="401" type="stmt"/>
        <line num="55" count="1" type="stmt"/>
        <line num="56" count="0" type="stmt"/>
        <line num="67" count="1" type="stmt"/>
        <line num="71" count="0" type="cond" truecount="0" falsecount="1"/>
        <line num="72" count="0" type="stmt"/>
        <line num="74" count="0" type="stmt"/>
        <line num="75" count="0" type="stmt"/>
        <line num="76" count="0" type="stmt"/>
        <line num="77" count="0" type="cond" truecount="0" falsecount="3"/>
        <line num="79" count="0" type="cond" truecount="0" falsecount="2"/>
        <line num="80" count="0" type="stmt"/>
        <line num="81" count="0" type="cond" truecount="0" falsecount="1"/>
        <line num="82" count="0" type="stmt"/>
        <line num="83" count="0" type="cond" truecount="0" falsecount="1"/>
        <line num="84" count="0" type="stmt"/>
        <line num="89" count="0" type="stmt"/>
        <line num="95" count="1" type="stmt"/>
        <line num="96" count="0" type="cond" truecount="0" falsecount="2"/>
        <line num="97" count="0" type="cond" truecount="0" falsecount="2"/>
        <line num="98" count="0" type="cond" truecount="0" falsecount="1"/>
        <line num="99" count="0" type="cond" truecount="0" falsecount="3"/>
        <line num="100" count="0" type="cond" truecount="0" falsecount="3"/>
        <line num="101" count="0" type="cond" truecount="0" falsecount="2"/>
        <line num="103" count="0" type="stmt"/>
        <line num="106" count="1" type="stmt"/>
        <line num="107" count="0" type="stmt"/>
        <line num="108" count="0" type="stmt"/>
        <line num="115" count="1" type="stmt"/>
        <line num="116" count="0" type="stmt"/>
        <line num="117" count="0" type="stmt"/>
        <line num="118" count="0" type="stmt"/>
        <line num="120" count="0" type="stmt"/>
        <line num="123" count="1" type="stmt"/>
        <line num="124" count="28" type="stmt"/>
        <line num="127" count="196" type="stmt"/>
        <line num="128" count="196" type="cond" truecount="2" falsecount="0"/>
        <line num="129" count="168" type="stmt"/>
        <line num="131" count="28" type="stmt"/>
      </file>
    </package>
    <package name="src.CachedQuery.invalidation">
      <metrics statements="338" coveredstatements="268" conditionals="175" coveredconditionals="104" methods="98" coveredmethods="85"/>
      <file name="core.ts" path="/home/boar/mg/libs/mondis/src/CachedQuery/invalidation/core.ts">
        <metrics statements="113" coveredstatements="112" conditionals="57" coveredconditionals="53" methods="30" coveredmethods="29"/>
        <line num="1" count="1" type="stmt"/>
        <line num="12" count="1" type="stmt"/>
        <line num="34" count="279" type="cond" truecount="0" falsecount="1"/>
        <line num="35" count="279" type="cond" truecount="1" falsecount="0"/>
        <line num="36" count="121" type="cond" truecount="1" falsecount="0"/>
        <line num="38" count="106" type="stmt"/>
        <line num="39" count="106" type="stmt"/>
        <line num="40" count="108" type="cond" truecount="3" falsecount="0"/>
        <line num="47" count="15" type="stmt"/>
        <line num="48" count="15" type="stmt"/>
        <line num="49" count="15" type="cond" truecount="2" falsecount="0"/>
        <line num="56" count="196" type="stmt"/>
        <line num="58" count="196" type="stmt"/>
        <line num="59" count="294" type="cond" truecount="2" falsecount="1"/>
        <line num="60" count="294" type="stmt"/>
        <line num="61" count="294" type="cond" truecount="2" falsecount="0"/>
        <line num="62" count="140" type="cond" truecount="0" falsecount="1"/>
        <line num="64" count="154" type="cond" truecount="2" falsecount="0"/>
        <line num="65" count="140" type="stmt"/>
        <line num="66" count="14" type="cond" truecount="0" falsecount="1"/>
        <line num="67" count="0" type="stmt"/>
        <line num="69" count="154" type="stmt"/>
        <line num="72" count="196" type="stmt"/>
        <line num="83" count="168" type="cond" truecount="3" falsecount="0"/>
        <line num="84" count="70" type="stmt"/>
        <line num="87" count="98" type="stmt"/>
        <line num="88" count="98" type="stmt"/>
        <line num="91" count="98" type="stmt"/>
        <line num="92" count="98" type="stmt"/>
        <line num="94" count="168" type="cond" truecount="3" falsecount="0"/>
        <line num="95" count="154" type="stmt"/>
        <line num="96" count="154" type="cond" truecount="2" falsecount="0"/>
        <line num="97" count="98" type="cond" truecount="1" falsecount="0"/>
        <line num="98" count="98" type="stmt"/>
        <line num="100" count="56" type="stmt"/>
        <line num="103" count="112" type="stmt"/>
        <line num="105" count="98" type="stmt"/>
        <line num="106" count="98" type="stmt"/>
        <line num="107" count="112" type="cond" truecount="1" falsecount="0"/>
        <line num="108" count="14" type="stmt"/>
        <line num="112" count="98" type="stmt"/>
        <line num="123" count="168" type="stmt"/>
        <line num="124" count="168" type="stmt"/>
        <line num="125" count="168" type="stmt"/>
        <line num="126" count="168" type="stmt"/>
        <line num="127" count="168" type="stmt"/>
        <line num="128" count="168" type="stmt"/>
        <line num="129" count="168" type="stmt"/>
        <line num="130" count="168" type="stmt"/>
        <line num="131" count="168" type="stmt"/>
        <line num="132" count="168" type="cond" truecount="2" falsecount="0"/>
        <line num="139" count="180" type="stmt"/>
        <line num="140" count="180" type="stmt"/>
        <line num="141" count="180" type="stmt"/>
        <line num="142" count="180" type="stmt"/>
        <line num="143" count="180" type="cond" truecount="4" falsecount="0"/>
        <line num="146" count="140" type="cond" truecount="3" falsecount="0"/>
        <line num="148" count="74" type="stmt"/>
        <line num="150" count="40" type="cond" truecount="4" falsecount="0"/>
        <line num="151" count="2" type="stmt"/>
        <line num="152" count="38" type="cond" truecount="3" falsecount="0"/>
        <line num="153" count="2" type="stmt"/>
        <line num="155" count="102" type="stmt"/>
        <line num="159" count="1884" type="stmt"/>
        <line num="160" count="1884" type="stmt"/>
        <line num="163" count="1884" type="cond" truecount="3" falsecount="0"/>
        <line num="165" count="1570" type="stmt"/>
        <line num="166" count="1570" type="cond" truecount="1" falsecount="0"/>
        <line num="167" count="1173" type="stmt"/>
        <line num="171" count="1251" type="stmt"/>
        <line num="174" count="1251" type="cond" truecount="1" falsecount="0"/>
        <line num="175" count="910" type="stmt"/>
        <line num="176" count="910" type="stmt"/>
        <line num="178" count="957" type="stmt"/>
        <line num="179" count="957" type="stmt"/>
        <line num="181" count="910" type="stmt"/>
        <line num="189" count="28" type="stmt"/>
        <line num="190" count="28" type="cond" truecount="1" falsecount="0"/>
        <line num="191" count="28" type="stmt"/>
        <line num="192" count="28" type="stmt"/>
        <line num="193" count="28" type="stmt"/>
        <line num="200" count="4" type="stmt"/>
        <line num="201" count="4" type="stmt"/>
        <line num="202" count="4" type="cond" truecount="1" falsecount="0"/>
        <line num="203" count="3" type="stmt"/>
        <line num="205" count="1" type="stmt"/>
        <line num="209" count="1" type="stmt"/>
        <line num="210" count="14" type="stmt"/>
        <line num="211" count="14" type="stmt"/>
        <line num="212" count="14" type="stmt"/>
        <line num="213" count="168" type="stmt"/>
        <line num="214" count="168" type="stmt"/>
        <line num="216" count="28" type="stmt"/>
        <line num="217" count="28" type="stmt"/>
        <line num="221" count="28" type="stmt"/>
        <line num="223" count="168" type="stmt"/>
        <line num="225" count="14" type="stmt"/>
        <line num="228" count="1" type="stmt"/>
        <line num="231" count="39" type="stmt"/>
        <line num="232" count="39" type="stmt"/>
        <line num="234" count="2068" type="cond" truecount="1" falsecount="0"/>
        <line num="235" count="1254" type="cond" truecount="1" falsecount="0"/>
        <line num="236" count="911" type="stmt"/>
        <line num="238" count="1254" type="cond" truecount="1" falsecount="0"/>
        <line num="239" count="344" type="stmt"/>
        <line num="240" count="344" type="cond" truecount="2" falsecount="0"/>
        <line num="241" count="3" type="stmt"/>
        <line num="243" count="341" type="stmt"/>
        <line num="247" count="39" type="stmt"/>
        <line num="248" count="39" type="stmt"/>
        <line num="251" count="44" type="stmt"/>
        <line num="252" count="44" type="cond" truecount="1" falsecount="0"/>
        <line num="253" count="41" type="stmt"/>
      </file>
      <file name="handler.ts" path="/home/boar/mg/libs/mondis/src/CachedQuery/invalidation/handler.ts">
        <metrics statements="47" coveredstatements="44" conditionals="26" coveredconditionals="22" methods="18" coveredmethods="18"/>
        <line num="3" count="1" type="stmt"/>
        <line num="10" count="1" type="stmt"/>
        <line num="12" count="14" type="stmt"/>
        <line num="15" count="14" type="stmt"/>
        <line num="19" count="42" type="cond" truecount="3" falsecount="1"/>
        <line num="20" count="32" type="stmt"/>
        <line num="21" count="7" type="stmt"/>
        <line num="22" count="3" type="stmt"/>
        <line num="23" count="0" type="stmt"/>
        <line num="28" count="7" type="stmt"/>
        <line num="29" count="7" type="stmt"/>
        <line num="30" count="7" type="stmt"/>
        <line num="31" count="7" type="stmt"/>
        <line num="32" count="17" type="stmt"/>
        <line num="33" count="180" type="stmt"/>
        <line num="35" count="17" type="stmt"/>
        <line num="36" count="4" type="stmt"/>
        <line num="40" count="7" type="stmt"/>
        <line num="44" count="32" type="stmt"/>
        <line num="45" count="32" type="stmt"/>
        <line num="46" count="32" type="stmt"/>
        <line num="47" count="32" type="stmt"/>
        <line num="48" count="214" type="stmt"/>
        <line num="49" count="1884" type="stmt"/>
        <line num="53" count="32" type="stmt"/>
        <line num="57" count="3" type="stmt"/>
        <line num="58" count="3" type="stmt"/>
        <line num="59" count="3" type="stmt"/>
        <line num="67" count="28" type="stmt"/>
        <line num="68" count="28" type="cond" truecount="5" falsecount="0"/>
        <line num="70" count="14" type="stmt"/>
        <line num="71" count="14" type="cond" truecount="3" falsecount="0"/>
        <line num="72" count="266" type="stmt"/>
        <line num="74" count="14" type="cond" truecount="3" falsecount="0"/>
        <line num="75" count="28" type="stmt"/>
        <line num="77" count="14" type="stmt"/>
        <line num="78" count="14" type="stmt"/>
        <line num="79" count="14" type="stmt"/>
        <line num="80" count="294" type="cond" truecount="0" falsecount="1"/>
        <line num="81" count="294" type="cond" truecount="1" falsecount="1"/>
        <line num="82" count="0" type="stmt"/>
        <line num="83" count="294" type="cond" truecount="2" falsecount="1"/>
        <line num="84" count="0" type="stmt"/>
        <line num="90" count="39" type="cond" truecount="1" falsecount="0"/>
        <line num="91" count="14" type="stmt"/>
        <line num="92" count="14" type="stmt"/>
        <line num="94" count="39" type="stmt"/>
      </file>
      <file name="mongo-operators.ts" path="/home/boar/mg/libs/mondis/src/CachedQuery/invalidation/mongo-operators.ts">
        <metrics statements="122" coveredstatements="64" conditionals="75" coveredconditionals="20" methods="37" coveredmethods="26"/>
        <line num="2" count="1" type="stmt"/>
        <line num="3" count="1" type="stmt"/>
        <line num="5" count="1" type="stmt"/>
        <line num="25" count="1" type="stmt"/>
        <line num="41" count="1" type="cond" truecount="3" falsecount="1"/>
        <line num="42" count="0" type="cond" truecount="0" falsecount="1"/>
        <line num="43" count="0" type="cond" truecount="0" falsecount="1"/>
        <line num="44" count="0" type="cond" truecount="0" falsecount="1"/>
        <line num="45" count="0" type="cond" truecount="0" falsecount="1"/>
        <line num="46" count="0" type="cond" truecount="0" falsecount="3"/>
        <line num="47" count="0" type="stmt"/>
        <line num="55" count="1" type="stmt"/>
        <line num="56" count="1" type="stmt"/>
        <line num="57" count="1" type="cond" truecount="0" falsecount="1"/>
        <line num="58" count="0" type="cond" truecount="0" falsecount="1"/>
        <line num="59" count="0" type="cond" truecount="0" falsecount="1"/>
        <line num="61" count="1" type="stmt"/>
        <line num="64" count="1" type="stmt"/>
        <line num="66" count="0" type="stmt"/>
        <line num="67" count="0" type="cond" truecount="0" falsecount="3"/>
        <line num="68" count="0" type="stmt"/>
        <line num="69" count="0" type="cond" truecount="0" falsecount="1"/>
        <line num="70" count="0" type="cond" truecount="0" falsecount="1"/>
        <line num="71" count="0" type="stmt"/>
        <line num="73" count="0" type="stmt"/>
        <line num="75" count="0" type="stmt"/>
        <line num="78" count="12" type="stmt"/>
        <line num="79" count="12" type="cond" truecount="3" falsecount="0"/>
        <line num="80" count="0" type="cond" truecount="0" falsecount="1"/>
        <line num="81" count="0" type="cond" truecount="0" falsecount="1"/>
        <line num="82" count="0" type="cond" truecount="0" falsecount="1"/>
        <line num="83" count="0" type="stmt"/>
        <line num="85" count="12" type="stmt"/>
        <line num="86" count="12" type="cond" truecount="0" falsecount="1"/>
        <line num="87" count="12" type="cond" truecount="1" falsecount="0"/>
        <line num="88" count="0" type="stmt"/>
        <line num="92" count="0" type="stmt"/>
        <line num="93" count="0" type="cond" truecount="0" falsecount="1"/>
        <line num="96" count="0" type="stmt"/>
        <line num="97" count="0" type="cond" truecount="0" falsecount="1"/>
        <line num="100" count="0" type="cond" truecount="0" falsecount="1"/>
        <line num="101" count="0" type="stmt"/>
        <line num="102" count="0" type="cond" truecount="0" falsecount="1"/>
        <line num="103" count="0" type="cond" truecount="0" falsecount="1"/>
        <line num="104" count="0" type="stmt"/>
        <line num="108" count="0" type="cond" truecount="0" falsecount="1"/>
        <line num="109" count="0" type="stmt"/>
        <line num="110" count="0" type="stmt"/>
        <line num="113" count="6" type="stmt"/>
        <line num="119" count="0" type="stmt"/>
        <line num="122" count="0" type="stmt"/>
        <line num="123" count="0" type="cond" truecount="0" falsecount="2"/>
        <line num="124" count="0" type="stmt"/>
        <line num="125" count="0" type="cond" truecount="0" falsecount="2"/>
        <line num="127" count="0" type="cond" truecount="0" falsecount="1"/>
        <line num="129" count="0" type="stmt"/>
        <line num="133" count="0" type="stmt"/>
        <line num="134" count="0" type="cond" truecount="0" falsecount="2"/>
        <line num="136" count="0" type="cond" truecount="0" falsecount="2"/>
        <line num="137" count="0" type="cond" truecount="0" falsecount="4"/>
        <line num="138" count="0" type="stmt"/>
        <line num="139" count="0" type="cond" truecount="0" falsecount="2"/>
        <line num="140" count="0" type="stmt"/>
        <line num="142" count="0" type="stmt"/>
        <line num="145" count="0" type="stmt"/>
        <line num="149" count="1" type="stmt"/>
        <line num="150" count="1" type="cond" truecount="1" falsecount="1"/>
        <line num="151" count="0" type="stmt"/>
        <line num="152" count="0" type="stmt"/>
        <line num="153" count="1" type="cond" truecount="1" falsecount="1"/>
        <line num="154" count="1" type="stmt"/>
        <line num="156" count="0" type="stmt"/>
        <line num="162" count="13" type="stmt"/>
        <line num="166" count="4" type="cond" truecount="2" falsecount="1"/>
        <line num="170" count="2" type="cond" truecount="2" falsecount="1"/>
        <line num="171" count="0" type="stmt"/>
        <line num="172" count="0" type="cond" truecount="0" falsecount="1"/>
        <line num="173" count="0" type="stmt"/>
        <line num="174" count="0" type="cond" truecount="0" falsecount="1"/>
        <line num="176" count="2" type="stmt"/>
        <line num="180" count="8" type="stmt"/>
        <line num="181" count="9" type="cond" truecount="0" falsecount="1"/>
        <line num="182" count="9" type="stmt"/>
        <line num="183" count="9" type="stmt"/>
        <line num="184" count="10" type="cond" truecount="0" falsecount="1"/>
        <line num="185" count="10" type="cond" truecount="0" falsecount="1"/>
        <line num="186" count="10" type="stmt"/>
        <line num="187" count="20" type="stmt"/>
        <line num="193" count="1" type="stmt"/>
        <line num="194" count="8" type="cond" truecount="0" falsecount="1"/>
        <line num="195" count="8" type="cond" truecount="0" falsecount="1"/>
        <line num="196" count="8" type="stmt"/>
        <line num="198" count="5" type="cond" truecount="1" falsecount="0"/>
        <line num="199" count="5" type="stmt"/>
        <line num="201" count="8" type="stmt"/>
        <line num="202" count="9" type="cond" truecount="2" falsecount="0"/>
        <line num="203" count="5" type="stmt"/>
        <line num="204" count="4" type="cond" truecount="1" falsecount="1"/>
        <line num="205" count="4" type="cond" truecount="0" falsecount="1"/>
        <line num="206" count="4" type="stmt"/>
        <line num="207" count="4" type="cond" truecount="1" falsecount="1"/>
        <line num="208" count="0" type="stmt"/>
        <line num="210" count="4" type="stmt"/>
        <line num="213" count="0" type="stmt"/>
        <line num="216" count="8" type="stmt"/>
        <line num="219" count="1" type="stmt"/>
        <line num="220" count="7" type="stmt"/>
        <line num="221" count="7" type="stmt"/>
        <line num="222" count="7" type="stmt"/>
        <line num="224" count="7" type="stmt"/>
        <line num="227" count="1" type="stmt"/>
        <line num="228" count="1" type="stmt"/>
        <line num="230" count="1" type="stmt"/>
        <line num="231" count="2" type="stmt"/>
        <line num="232" count="2" type="cond" truecount="1" falsecount="0"/>
        <line num="235" count="1" type="stmt"/>
        <line num="236" count="1" type="stmt"/>
        <line num="237" count="1" type="stmt"/>
        <line num="240" count="1" type="stmt"/>
        <line num="241" count="7" type="stmt"/>
        <line num="242" count="7" type="stmt"/>
        <line num="243" count="17" type="stmt"/>
      </file>
      <file name="mongoose-plugin.ts" path="/home/boar/mg/libs/mondis/src/CachedQuery/invalidation/mongoose-plugin.ts">
        <metrics statements="56" coveredstatements="48" conditionals="17" coveredconditionals="9" methods="13" coveredmethods="12"/>
        <line num="8" count="1" type="stmt"/>
        <line num="27" count="11" type="stmt"/>
        <line num="28" count="11" type="stmt"/>
        <line num="29" count="11" type="stmt"/>
        <line num="30" count="11" type="cond" truecount="1" falsecount="0"/>
        <line num="31" count="11" type="cond" truecount="1" falsecount="0"/>
        <line num="32" count="11" type="cond" truecount="0" falsecount="1"/>
        <line num="33" count="11" type="cond" truecount="0" falsecount="1"/>
        <line num="34" count="11" type="stmt"/>
        <line num="38" count="3" type="stmt"/>
        <line num="39" count="3" type="stmt"/>
        <line num="40" count="3" type="stmt"/>
        <line num="44" count="8" type="stmt"/>
        <line num="45" count="8" type="cond" truecount="1" falsecount="0"/>
        <line num="46" count="8" type="stmt"/>
        <line num="47" count="8" type="stmt"/>
        <line num="48" count="8" type="stmt"/>
        <line num="51" count="1" type="stmt"/>
        <line num="52" count="1" type="stmt"/>
        <line num="58" count="1" type="stmt"/>
        <line num="60" count="42" type="stmt"/>
        <line num="63" count="14" type="stmt"/>
        <line num="65" count="3" type="stmt"/>
        <line num="66" count="3" type="cond" truecount="0" falsecount="1"/>
        <line num="67" count="3" type="cond" truecount="1" falsecount="1"/>
        <line num="68" count="3" type="stmt"/>
        <line num="70" count="0" type="stmt"/>
        <line num="71" count="0" type="cond" truecount="0" falsecount="1"/>
        <line num="72" count="0" type="stmt"/>
        <line num="73" count="0" type="cond" truecount="0" falsecount="1"/>
        <line num="74" count="0" type="stmt"/>
        <line num="75" count="0" type="stmt"/>
        <line num="80" count="0" type="stmt"/>
        <line num="81" count="0" type="stmt"/>
        <line num="85" count="8" type="stmt"/>
        <line num="86" count="8" type="stmt"/>
        <line num="87" count="8" type="cond" truecount="2" falsecount="0"/>
        <line num="88" count="7" type="stmt"/>
        <line num="89" count="7" type="stmt"/>
        <line num="90" count="7" type="stmt"/>
        <line num="91" count="1" type="cond" truecount="1" falsecount="0"/>
        <line num="92" count="1" type="stmt"/>
        <line num="93" count="1" type="stmt"/>
        <line num="98" count="3" type="stmt"/>
        <line num="99" count="3" type="cond" truecount="1" falsecount="0"/>
        <line num="100" count="3" type="stmt"/>
        <line num="107" count="28" type="stmt"/>
        <line num="108" count="28" type="cond" truecount="1" falsecount="1"/>
        <line num="109" count="210" type="stmt"/>
        <line num="110" count="28" type="stmt"/>
        <line num="111" count="28" type="stmt"/>
        <line num="114" count="28" type="stmt"/>
        <line num="115" count="28" type="stmt"/>
        <line num="116" count="28" type="stmt"/>
        <line num="117" count="28" type="stmt"/>
        <line num="118" count="28" type="stmt"/>
      </file>
    </package>
    <package name="tests">
      <metrics statements="51" coveredstatements="51" conditionals="2" coveredconditionals="1" methods="26" coveredmethods="26"/>
      <file name="setup.ts" path="/home/boar/mg/libs/mondis/tests/setup.ts">
        <metrics statements="51" coveredstatements="51" conditionals="2" coveredconditionals="1" methods="26" coveredmethods="26"/>
        <line num="1" count="1" type="stmt"/>
        <line num="3" count="1" type="stmt"/>
        <line num="4" count="1" type="stmt"/>
        <line num="5" count="1" type="stmt"/>
        <line num="28" count="1" type="stmt"/>
        <line num="29" count="21" type="stmt"/>
        <line num="34" count="1" type="stmt"/>
        <line num="41" count="1" type="stmt"/>
        <line num="55" count="1" type="stmt"/>
        <line num="57" count="1" type="stmt"/>
        <line num="60" count="1" type="stmt"/>
        <line num="63" count="1" type="stmt"/>
        <line num="67" count="1" type="stmt"/>
        <line num="70" count="1" type="stmt"/>
        <line num="73" count="1" type="stmt"/>
        <line num="76" count="1" type="stmt"/>
        <line num="79" count="1" type="stmt"/>
        <line num="82" count="1" type="stmt"/>
        <line num="85" count="1" type="stmt"/>
        <line num="88" count="1" type="stmt"/>
        <line num="92" count="1" type="stmt"/>
        <line num="95" count="1" type="stmt"/>
        <line num="98" count="1" type="stmt"/>
        <line num="102" count="1" type="stmt"/>
        <line num="118" count="14" type="stmt"/>
        <line num="124" count="14" type="stmt"/>
        <line num="130" count="14" type="stmt"/>
        <line num="136" count="14" type="stmt"/>
        <line num="142" count="14" type="stmt"/>
        <line num="148" count="14" type="stmt"/>
        <line num="175" count="14" type="stmt"/>
        <line num="181" count="1" type="stmt"/>
        <line num="182" count="14" type="stmt"/>
        <line num="183" count="14" type="stmt"/>
        <line num="184" count="14" type="stmt"/>
        <line num="186" count="14" type="stmt"/>
        <line num="187" count="14" type="stmt"/>
        <line num="193" count="14" type="stmt"/>
        <line num="198" count="14" type="stmt"/>
        <line num="199" count="168" type="stmt"/>
        <line num="200" count="168" type="stmt"/>
        <line num="203" count="14" type="stmt"/>
        <line num="204" count="14" type="stmt"/>
        <line num="208" count="14" type="stmt"/>
        <line num="213" count="14" type="stmt"/>
        <line num="216" count="1" type="stmt"/>
        <line num="220" count="14" type="stmt"/>
        <line num="221" count="14" type="stmt"/>
        <line num="222" count="14" type="stmt"/>
        <line num="223" count="14" type="stmt"/>
        <line num="224" count="14" type="stmt"/>
      </file>
    </package>
  </project>
</coverage>
