{"/home/boar/mg/libs/cached-query/src/mondis.ts": {"path":"/home/boar/mg/libs/cached-query/src/mondis.ts","statementMap":{"0":{"start":{"line":4,"column":0},"end":{"line":4,"column":63}},"1":{"start":{"line":5,"column":0},"end":{"line":5,"column":61}},"2":{"start":{"line":6,"column":0},"end":{"line":6,"column":54}},"3":{"start":{"line":23,"column":17},"end":{"line":58,"column":2}},"4":{"start":{"line":75,"column":4},"end":{"line":75,"column":54}},"5":{"start":{"line":76,"column":4},"end":{"line":76,"column":31}},"6":{"start":{"line":77,"column":4},"end":{"line":77,"column":28}},"7":{"start":{"line":81,"column":32},"end":{"line":81,"column":38}},"8":{"start":{"line":82,"column":4},"end":{"line":87,"column":null}},"9":{"start":{"line":83,"column":6},"end":{"line":85,"column":9}},"10":{"start":{"line":84,"column":8},"end":{"line":84,"column":40}},"11":{"start":{"line":86,"column":6},"end":{"line":86,"column":26}},"12":{"start":{"line":88,"column":4},"end":{"line":88,"column":44}},"13":{"start":{"line":88,"column":18},"end":{"line":88,"column":44}},"14":{"start":{"line":92,"column":4},"end":{"line":92,"column":41}},"15":{"start":{"line":96,"column":24},"end":{"line":96,"column":59}},"16":{"start":{"line":97,"column":4},"end":{"line":97,"column":70}},"17":{"start":{"line":98,"column":4},"end":{"line":98,"column":23}},"18":{"start":{"line":102,"column":4},"end":{"line":102,"column":83}},"19":{"start":{"line":102,"column":22},"end":{"line":102,"column":83}},"20":{"start":{"line":103,"column":4},"end":{"line":103,"column":23}},"21":{"start":{"line":107,"column":4},"end":{"line":107,"column":89}},"22":{"start":{"line":107,"column":25},"end":{"line":107,"column":89}},"23":{"start":{"line":108,"column":4},"end":{"line":108,"column":26}},"24":{"start":{"line":112,"column":0},"end":{"line":112,"column":22}}},"fnMap":{"0":{"name":"(anonymous_1)","decl":{"start":{"line":74,"column":2},"end":{"line":74,"column":14}},"loc":{"start":{"line":74,"column":42},"end":{"line":78,"column":3}}},"1":{"name":"(anonymous_2)","decl":{"start":{"line":80,"column":2},"end":{"line":80,"column":6}},"loc":{"start":{"line":80,"column":34},"end":{"line":89,"column":3}}},"2":{"name":"(anonymous_3)","decl":{"start":{"line":83,"column":39},"end":{"line":83,"column":40}},"loc":{"start":{"line":83,"column":56},"end":{"line":85,"column":7}}},"3":{"name":"(anonymous_4)","decl":{"start":{"line":91,"column":2},"end":{"line":91,"column":8}},"loc":{"start":{"line":91,"column":8},"end":{"line":93,"column":3}}},"4":{"name":"(anonymous_5)","decl":{"start":{"line":95,"column":2},"end":{"line":95,"column":13}},"loc":{"start":{"line":95,"column":97},"end":{"line":99,"column":3}}},"5":{"name":"(anonymous_6)","decl":{"start":{"line":101,"column":2},"end":{"line":101,"column":6}},"loc":{"start":{"line":101,"column":11},"end":{"line":104,"column":3}}},"6":{"name":"(anonymous_7)","decl":{"start":{"line":106,"column":2},"end":{"line":106,"column":6}},"loc":{"start":{"line":106,"column":14},"end":{"line":109,"column":3}}}},"branchMap":{"0":{"loc":{"start":{"line":77,"column":14},"end":{"line":77,"column":26}},"type":"binary-expr","locations":[{"start":{"line":77,"column":14},"end":{"line":77,"column":20}},{"start":{"line":77,"column":24},"end":{"line":77,"column":26}}]},"1":{"loc":{"start":{"line":82,"column":4},"end":{"line":87,"column":null}},"type":"if","locations":[{"start":{"line":82,"column":4},"end":{"line":87,"column":null}}]},"2":{"loc":{"start":{"line":88,"column":4},"end":{"line":88,"column":44}},"type":"if","locations":[{"start":{"line":88,"column":4},"end":{"line":88,"column":44}}]},"3":{"loc":{"start":{"line":102,"column":4},"end":{"line":102,"column":83}},"type":"if","locations":[{"start":{"line":102,"column":4},"end":{"line":102,"column":83}}]},"4":{"loc":{"start":{"line":107,"column":4},"end":{"line":107,"column":89}},"type":"if","locations":[{"start":{"line":107,"column":4},"end":{"line":107,"column":89}}]}},"s":{"0":1,"1":1,"2":1,"3":1,"4":1,"5":1,"6":1,"7":1,"8":1,"9":1,"10":2,"11":1,"12":1,"13":1,"14":1,"15":3,"16":3,"17":3,"18":26,"19":0,"20":26,"21":7,"22":0,"23":7,"24":1},"f":{"0":1,"1":1,"2":2,"3":1,"4":3,"5":26,"6":7},"b":{"0":[1,0],"1":[1],"2":[1],"3":[0],"4":[0]}}
,"/home/boar/mg/libs/cached-query/src/CachedQuery/index.ts": {"path":"/home/boar/mg/libs/cached-query/src/CachedQuery/index.ts","statementMap":{"0":{"start":{"line":1,"column":0},"end":{"line":1,"column":46}},"1":{"start":{"line":11,"column":0},"end":{"line":11,"column":null}},"2":{"start":{"line":54,"column":4},"end":{"line":54,"column":23}},"3":{"start":{"line":55,"column":4},"end":{"line":55,"column":19}},"4":{"start":{"line":56,"column":4},"end":{"line":56,"column":21}},"5":{"start":{"line":60,"column":4},"end":{"line":60,"column":57}},"6":{"start":{"line":64,"column":4},"end":{"line":64,"column":78}},"7":{"start":{"line":81,"column":4},"end":{"line":81,"column":27}},"8":{"start":{"line":93,"column":8},"end":{"line":93,"column":14}},"9":{"start":{"line":94,"column":4},"end":{"line":105,"column":6}},"10":{"start":{"line":109,"column":40},"end":{"line":109,"column":44}},"11":{"start":{"line":110,"column":28},"end":{"line":110,"column":76}},"12":{"start":{"line":111,"column":4},"end":{"line":113,"column":null}},"13":{"start":{"line":112,"column":6},"end":{"line":112,"column":104}},"14":{"start":{"line":115,"column":22},"end":{"line":115,"column":44}},"15":{"start":{"line":116,"column":4},"end":{"line":116,"column":35}},"16":{"start":{"line":120,"column":4},"end":{"line":120,"column":30}},"17":{"start":{"line":124,"column":25},"end":{"line":124,"column":37}},"18":{"start":{"line":125,"column":54},"end":{"line":125,"column":65}},"19":{"start":{"line":126,"column":45},"end":{"line":126,"column":66}},"20":{"start":{"line":127,"column":14},"end":{"line":127,"column":50}},"21":{"start":{"line":128,"column":4},"end":{"line":134,"column":null}},"22":{"start":{"line":129,"column":6},"end":{"line":129,"column":17}},"23":{"start":{"line":131,"column":6},"end":{"line":131,"column":29}},"24":{"start":{"line":131,"column":16},"end":{"line":131,"column":29}},"25":{"start":{"line":132,"column":6},"end":{"line":132,"column":29}},"26":{"start":{"line":132,"column":16},"end":{"line":132,"column":29}},"27":{"start":{"line":133,"column":6},"end":{"line":133,"column":54}},"28":{"start":{"line":133,"column":39},"end":{"line":133,"column":54}},"29":{"start":{"line":135,"column":4},"end":{"line":135,"column":33}},"30":{"start":{"line":135,"column":16},"end":{"line":135,"column":33}},"31":{"start":{"line":136,"column":4},"end":{"line":136,"column":46}},"32":{"start":{"line":136,"column":25},"end":{"line":136,"column":46}},"33":{"start":{"line":137,"column":4},"end":{"line":137,"column":13}},"34":{"start":{"line":141,"column":4},"end":{"line":141,"column":48}},"35":{"start":{"line":145,"column":17},"end":{"line":145,"column":76}},"36":{"start":{"line":146,"column":4},"end":{"line":146,"column":50}},"37":{"start":{"line":153,"column":22},"end":{"line":153,"column":34}},"38":{"start":{"line":154,"column":33},"end":{"line":154,"column":44}},"39":{"start":{"line":155,"column":4},"end":{"line":174,"column":null}},"40":{"start":{"line":156,"column":19},"end":{"line":156,"column":36}},"41":{"start":{"line":157,"column":22},"end":{"line":157,"column":59}},"42":{"start":{"line":158,"column":21},"end":{"line":158,"column":45}},"43":{"start":{"line":160,"column":20},"end":{"line":160,"column":33}},"44":{"start":{"line":161,"column":6},"end":{"line":161,"column":26}},"45":{"start":{"line":162,"column":6},"end":{"line":162,"column":42}},"46":{"start":{"line":163,"column":6},"end":{"line":163,"column":57}},"47":{"start":{"line":164,"column":6},"end":{"line":164,"column":35}},"48":{"start":{"line":165,"column":6},"end":{"line":165,"column":39}},"49":{"start":{"line":166,"column":6},"end":{"line":166,"column":37}},"50":{"start":{"line":167,"column":6},"end":{"line":170,"column":9}},"51":{"start":{"line":168,"column":8},"end":{"line":168,"column":42}},"52":{"start":{"line":169,"column":8},"end":{"line":169,"column":44}},"53":{"start":{"line":171,"column":6},"end":{"line":171,"column":25}},"54":{"start":{"line":178,"column":17},"end":{"line":178,"column":38}},"55":{"start":{"line":179,"column":22},"end":{"line":179,"column":34}},"56":{"start":{"line":180,"column":35},"end":{"line":180,"column":46}},"57":{"start":{"line":181,"column":59},"end":{"line":181,"column":68}},"58":{"start":{"line":184,"column":4},"end":{"line":186,"column":null}},"59":{"start":{"line":185,"column":6},"end":{"line":185,"column":50}},"60":{"start":{"line":188,"column":30},"end":{"line":188,"column":34}},"61":{"start":{"line":189,"column":4},"end":{"line":198,"column":null}},"62":{"start":{"line":190,"column":6},"end":{"line":197,"column":null}},"63":{"start":{"line":191,"column":21},"end":{"line":191,"column":62}},"64":{"start":{"line":192,"column":8},"end":{"line":194,"column":null}},"65":{"start":{"line":193,"column":10},"end":{"line":193,"column":59}},"66":{"start":{"line":199,"column":4},"end":{"line":208,"column":null}},"67":{"start":{"line":200,"column":6},"end":{"line":200,"column":78}},"68":{"start":{"line":205,"column":6},"end":{"line":207,"column":null}},"69":{"start":{"line":206,"column":8},"end":{"line":206,"column":49}},"70":{"start":{"line":209,"column":4},"end":{"line":209,"column":47}},"71":{"start":{"line":209,"column":16},"end":{"line":209,"column":47}},"72":{"start":{"line":210,"column":4},"end":{"line":210,"column":45}},"73":{"start":{"line":214,"column":21},"end":{"line":214,"column":63}},"74":{"start":{"line":215,"column":19},"end":{"line":215,"column":44}},"75":{"start":{"line":216,"column":4},"end":{"line":216,"column":29}},"76":{"start":{"line":220,"column":17},"end":{"line":220,"column":38}},"77":{"start":{"line":221,"column":27},"end":{"line":221,"column":38}},"78":{"start":{"line":226,"column":4},"end":{"line":235,"column":null}},"79":{"start":{"line":227,"column":30},"end":{"line":227,"column":39}},"80":{"start":{"line":229,"column":25},"end":{"line":229,"column":84}},"81":{"start":{"line":230,"column":21},"end":{"line":230,"column":58}},"82":{"start":{"line":231,"column":6},"end":{"line":234,"column":8}},"83":{"start":{"line":236,"column":4},"end":{"line":239,"column":7}},"84":{"start":{"line":243,"column":17},"end":{"line":243,"column":38}},"85":{"start":{"line":244,"column":22},"end":{"line":244,"column":34}},"86":{"start":{"line":245,"column":67},"end":{"line":245,"column":71}},"87":{"start":{"line":246,"column":4},"end":{"line":249,"column":null}},"88":{"start":{"line":247,"column":25},"end":{"line":247,"column":84}},"89":{"start":{"line":248,"column":6},"end":{"line":248,"column":31}},"90":{"start":{"line":251,"column":4},"end":{"line":257,"column":null}},"91":{"start":{"line":252,"column":6},"end":{"line":256,"column":null}},"92":{"start":{"line":253,"column":8},"end":{"line":253,"column":52}},"93":{"start":{"line":258,"column":4},"end":{"line":265,"column":null}},"94":{"start":{"line":259,"column":6},"end":{"line":259,"column":52}},"95":{"start":{"line":260,"column":6},"end":{"line":264,"column":null}},"96":{"start":{"line":261,"column":8},"end":{"line":261,"column":51}},"97":{"start":{"line":266,"column":4},"end":{"line":266,"column":67}},"98":{"start":{"line":270,"column":4},"end":{"line":270,"column":53}},"99":{"start":{"line":270,"column":40},"end":{"line":270,"column":53}},"100":{"start":{"line":271,"column":22},"end":{"line":271,"column":33}},"101":{"start":{"line":272,"column":35},"end":{"line":272,"column":80}},"102":{"start":{"line":273,"column":4},"end":{"line":276,"column":null}},"103":{"start":{"line":274,"column":21},"end":{"line":274,"column":90}},"104":{"start":{"line":275,"column":6},"end":{"line":275,"column":81}},"105":{"start":{"line":277,"column":4},"end":{"line":277,"column":82}},"106":{"start":{"line":285,"column":4},"end":{"line":293,"column":null}},"107":{"start":{"line":286,"column":24},"end":{"line":286,"column":35}},"108":{"start":{"line":287,"column":6},"end":{"line":292,"column":null}},"109":{"start":{"line":288,"column":8},"end":{"line":288,"column":43}},"110":{"start":{"line":290,"column":23},"end":{"line":290,"column":86}},"111":{"start":{"line":290,"column":69},"end":{"line":290,"column":80}},"112":{"start":{"line":291,"column":8},"end":{"line":291,"column":75}},"113":{"start":{"line":294,"column":4},"end":{"line":294,"column":22}},"114":{"start":{"line":298,"column":4},"end":{"line":301,"column":null}},"115":{"start":{"line":299,"column":24},"end":{"line":299,"column":35}},"116":{"start":{"line":300,"column":6},"end":{"line":300,"column":60}},"117":{"start":{"line":302,"column":4},"end":{"line":302,"column":32}},"118":{"start":{"line":306,"column":0},"end":{"line":306,"column":27}}},"fnMap":{"0":{"name":"(anonymous_0)","decl":{"start":{"line":53,"column":2},"end":{"line":53,"column":14}},"loc":{"start":{"line":53,"column":72},"end":{"line":57,"column":3}}},"1":{"name":"(anonymous_1)","decl":{"start":{"line":59,"column":2},"end":{"line":59,"column":7}},"loc":{"start":{"line":59,"column":30},"end":{"line":61,"column":3}}},"2":{"name":"(anonymous_2)","decl":{"start":{"line":63,"column":2},"end":{"line":63,"column":8}},"loc":{"start":{"line":63,"column":31},"end":{"line":65,"column":3}}},"3":{"name":"(anonymous_3)","decl":{"start":{"line":80,"column":2},"end":{"line":80,"column":14}},"loc":{"start":{"line":80,"column":62},"end":{"line":106,"column":3}}},"4":{"name":"(anonymous_4)","decl":{"start":{"line":108,"column":2},"end":{"line":108,"column":13}},"loc":{"start":{"line":108,"column":36},"end":{"line":117,"column":3}}},"5":{"name":"(anonymous_5)","decl":{"start":{"line":119,"column":2},"end":{"line":119,"column":19}},"loc":{"start":{"line":119,"column":19},"end":{"line":121,"column":3}}},"6":{"name":"(anonymous_6)","decl":{"start":{"line":123,"column":10},"end":{"line":123,"column":20}},"loc":{"start":{"line":123,"column":47},"end":{"line":138,"column":3}}},"7":{"name":"(anonymous_7)","decl":{"start":{"line":140,"column":2},"end":{"line":140,"column":7}},"loc":{"start":{"line":140,"column":44},"end":{"line":142,"column":3}}},"8":{"name":"(anonymous_8)","decl":{"start":{"line":144,"column":2},"end":{"line":144,"column":7}},"loc":{"start":{"line":144,"column":45},"end":{"line":147,"column":3}}},"9":{"name":"(anonymous_9)","decl":{"start":{"line":152,"column":10},"end":{"line":152,"column":15}},"loc":{"start":{"line":152,"column":63},"end":{"line":175,"column":3}}},"10":{"name":"(anonymous_10)","decl":{"start":{"line":167,"column":22},"end":{"line":167,"column":23}},"loc":{"start":{"line":167,"column":29},"end":{"line":170,"column":7}}},"11":{"name":"(anonymous_11)","decl":{"start":{"line":177,"column":2},"end":{"line":177,"column":7}},"loc":{"start":{"line":177,"column":39},"end":{"line":211,"column":3}}},"12":{"name":"(anonymous_12)","decl":{"start":{"line":213,"column":2},"end":{"line":213,"column":7}},"loc":{"start":{"line":213,"column":42},"end":{"line":217,"column":3}}},"13":{"name":"(anonymous_13)","decl":{"start":{"line":219,"column":2},"end":{"line":219,"column":7}},"loc":{"start":{"line":219,"column":48},"end":{"line":240,"column":3}}},"14":{"name":"(anonymous_14)","decl":{"start":{"line":242,"column":2},"end":{"line":242,"column":7}},"loc":{"start":{"line":242,"column":40},"end":{"line":267,"column":3}}},"15":{"name":"(anonymous_15)","decl":{"start":{"line":269,"column":10},"end":{"line":269,"column":19}},"loc":{"start":{"line":269,"column":46},"end":{"line":278,"column":3}}},"16":{"name":"(anonymous_16)","decl":{"start":{"line":284,"column":2},"end":{"line":284,"column":6}},"loc":{"start":{"line":284,"column":10},"end":{"line":295,"column":3}}},"17":{"name":"(anonymous_17)","decl":{"start":{"line":290,"column":58},"end":{"line":290,"column":59}},"loc":{"start":{"line":290,"column":69},"end":{"line":290,"column":80}}},"18":{"name":"(anonymous_18)","decl":{"start":{"line":297,"column":2},"end":{"line":297,"column":6}},"loc":{"start":{"line":297,"column":20},"end":{"line":303,"column":3}}}},"branchMap":{"0":{"loc":{"start":{"line":85,"column":6},"end":{"line":85,"column":17}},"type":"default-arg","locations":[{"start":{"line":85,"column":15},"end":{"line":85,"column":17}}]},"1":{"loc":{"start":{"line":86,"column":6},"end":{"line":86,"column":19}},"type":"default-arg","locations":[{"start":{"line":86,"column":17},"end":{"line":86,"column":19}}]},"2":{"loc":{"start":{"line":87,"column":6},"end":{"line":87,"column":17}},"type":"default-arg","locations":[{"start":{"line":87,"column":13},"end":{"line":87,"column":17}}]},"3":{"loc":{"start":{"line":88,"column":6},"end":{"line":88,"column":27}},"type":"default-arg","locations":[{"start":{"line":88,"column":19},"end":{"line":88,"column":27}}]},"4":{"loc":{"start":{"line":89,"column":6},"end":{"line":89,"column":27}},"type":"default-arg","locations":[{"start":{"line":89,"column":15},"end":{"line":89,"column":27}}]},"5":{"loc":{"start":{"line":90,"column":6},"end":{"line":90,"column":20}},"type":"default-arg","locations":[{"start":{"line":90,"column":15},"end":{"line":90,"column":20}}]},"6":{"loc":{"start":{"line":91,"column":6},"end":{"line":91,"column":31}},"type":"default-arg","locations":[{"start":{"line":91,"column":27},"end":{"line":91,"column":31}}]},"7":{"loc":{"start":{"line":92,"column":6},"end":{"line":92,"column":22}},"type":"default-arg","locations":[{"start":{"line":92,"column":18},"end":{"line":92,"column":22}}]},"8":{"loc":{"start":{"line":108,"column":14},"end":{"line":108,"column":36}},"type":"default-arg","locations":[{"start":{"line":108,"column":34},"end":{"line":108,"column":36}}]},"9":{"loc":{"start":{"line":110,"column":28},"end":{"line":110,"column":76}},"type":"cond-expr","locations":[{"start":{"line":110,"column":60},"end":{"line":110,"column":72}},{"start":{"line":110,"column":75},"end":{"line":110,"column":76}}]},"10":{"loc":{"start":{"line":111,"column":4},"end":{"line":113,"column":null}},"type":"if","locations":[{"start":{"line":111,"column":4},"end":{"line":113,"column":null}}]},"11":{"loc":{"start":{"line":128,"column":4},"end":{"line":134,"column":null}},"type":"if","locations":[{"start":{"line":128,"column":4},"end":{"line":134,"column":null}},{"start":{"line":130,"column":11},"end":{"line":134,"column":null}}]},"12":{"loc":{"start":{"line":131,"column":6},"end":{"line":131,"column":29}},"type":"if","locations":[{"start":{"line":131,"column":6},"end":{"line":131,"column":29}}]},"13":{"loc":{"start":{"line":132,"column":6},"end":{"line":132,"column":29}},"type":"if","locations":[{"start":{"line":132,"column":6},"end":{"line":132,"column":29}}]},"14":{"loc":{"start":{"line":133,"column":6},"end":{"line":133,"column":54}},"type":"if","locations":[{"start":{"line":133,"column":6},"end":{"line":133,"column":54}}]},"15":{"loc":{"start":{"line":133,"column":10},"end":{"line":133,"column":37}},"type":"binary-expr","locations":[{"start":{"line":133,"column":10},"end":{"line":133,"column":15}},{"start":{"line":133,"column":19},"end":{"line":133,"column":37}}]},"16":{"loc":{"start":{"line":135,"column":4},"end":{"line":135,"column":33}},"type":"if","locations":[{"start":{"line":135,"column":4},"end":{"line":135,"column":33}}]},"17":{"loc":{"start":{"line":136,"column":4},"end":{"line":136,"column":46}},"type":"if","locations":[{"start":{"line":136,"column":4},"end":{"line":136,"column":46}}]},"18":{"loc":{"start":{"line":181,"column":12},"end":{"line":181,"column":20}},"type":"default-arg","locations":[{"start":{"line":181,"column":19},"end":{"line":181,"column":20}}]},"19":{"loc":{"start":{"line":181,"column":29},"end":{"line":181,"column":46}},"type":"default-arg","locations":[{"start":{"line":181,"column":41},"end":{"line":181,"column":46}}]},"20":{"loc":{"start":{"line":184,"column":4},"end":{"line":186,"column":null}},"type":"if","locations":[{"start":{"line":184,"column":4},"end":{"line":186,"column":null}}]},"21":{"loc":{"start":{"line":184,"column":8},"end":{"line":184,"column":96}},"type":"binary-expr","locations":[{"start":{"line":184,"column":9},"end":{"line":184,"column":30}},{"start":{"line":184,"column":34},"end":{"line":184,"column":53}},{"start":{"line":184,"column":59},"end":{"line":184,"column":64}},{"start":{"line":184,"column":68},"end":{"line":184,"column":95}}]},"22":{"loc":{"start":{"line":189,"column":4},"end":{"line":198,"column":null}},"type":"if","locations":[{"start":{"line":189,"column":4},"end":{"line":198,"column":null}}]},"23":{"loc":{"start":{"line":192,"column":8},"end":{"line":194,"column":null}},"type":"if","locations":[{"start":{"line":192,"column":8},"end":{"line":194,"column":null}}]},"24":{"loc":{"start":{"line":199,"column":4},"end":{"line":208,"column":null}},"type":"if","locations":[{"start":{"line":199,"column":4},"end":{"line":208,"column":null}}]},"25":{"loc":{"start":{"line":205,"column":6},"end":{"line":207,"column":null}},"type":"if","locations":[{"start":{"line":205,"column":6},"end":{"line":207,"column":null}}]},"26":{"loc":{"start":{"line":205,"column":10},"end":{"line":205,"column":38}},"type":"binary-expr","locations":[{"start":{"line":205,"column":10},"end":{"line":205,"column":27}},{"start":{"line":205,"column":31},"end":{"line":205,"column":38}}]},"27":{"loc":{"start":{"line":209,"column":4},"end":{"line":209,"column":47}},"type":"if","locations":[{"start":{"line":209,"column":4},"end":{"line":209,"column":47}}]},"28":{"loc":{"start":{"line":216,"column":11},"end":{"line":216,"column":28}},"type":"binary-expr","locations":[{"start":{"line":216,"column":11},"end":{"line":216,"column":20}},{"start":{"line":216,"column":24},"end":{"line":216,"column":28}}]},"29":{"loc":{"start":{"line":226,"column":4},"end":{"line":235,"column":null}},"type":"if","locations":[{"start":{"line":226,"column":4},"end":{"line":235,"column":null}}]},"30":{"loc":{"start":{"line":245,"column":43},"end":{"line":245,"column":60}},"type":"default-arg","locations":[{"start":{"line":245,"column":55},"end":{"line":245,"column":60}}]},"31":{"loc":{"start":{"line":246,"column":4},"end":{"line":249,"column":null}},"type":"if","locations":[{"start":{"line":246,"column":4},"end":{"line":249,"column":null}}]},"32":{"loc":{"start":{"line":251,"column":4},"end":{"line":257,"column":null}},"type":"if","locations":[{"start":{"line":251,"column":4},"end":{"line":257,"column":null}}]},"33":{"loc":{"start":{"line":258,"column":4},"end":{"line":265,"column":null}},"type":"if","locations":[{"start":{"line":258,"column":4},"end":{"line":265,"column":null}}]},"34":{"loc":{"start":{"line":266,"column":11},"end":{"line":266,"column":66}},"type":"cond-expr","locations":[{"start":{"line":266,"column":39},"end":{"line":266,"column":44}},{"start":{"line":266,"column":47},"end":{"line":266,"column":66}}]},"35":{"loc":{"start":{"line":270,"column":4},"end":{"line":270,"column":53}},"type":"if","locations":[{"start":{"line":270,"column":4},"end":{"line":270,"column":53}}]},"36":{"loc":{"start":{"line":272,"column":35},"end":{"line":272,"column":80}},"type":"cond-expr","locations":[{"start":{"line":272,"column":70},"end":{"line":272,"column":72}},{"start":{"line":272,"column":75},"end":{"line":272,"column":80}}]},"37":{"loc":{"start":{"line":272,"column":36},"end":{"line":272,"column":66}},"type":"binary-expr","locations":[{"start":{"line":272,"column":36},"end":{"line":272,"column":42}},{"start":{"line":272,"column":46},"end":{"line":272,"column":66}}]},"38":{"loc":{"start":{"line":273,"column":4},"end":{"line":276,"column":null}},"type":"if","locations":[{"start":{"line":273,"column":4},"end":{"line":276,"column":null}}]},"39":{"loc":{"start":{"line":274,"column":21},"end":{"line":274,"column":90}},"type":"cond-expr","locations":[{"start":{"line":274,"column":45},"end":{"line":274,"column":56}},{"start":{"line":274,"column":60},"end":{"line":274,"column":90}}]},"40":{"loc":{"start":{"line":285,"column":4},"end":{"line":293,"column":null}},"type":"if","locations":[{"start":{"line":285,"column":4},"end":{"line":293,"column":null}}]},"41":{"loc":{"start":{"line":287,"column":6},"end":{"line":292,"column":null}},"type":"if","locations":[{"start":{"line":287,"column":6},"end":{"line":292,"column":null}},{"start":{"line":289,"column":13},"end":{"line":292,"column":null}}]},"42":{"loc":{"start":{"line":298,"column":4},"end":{"line":301,"column":null}},"type":"if","locations":[{"start":{"line":298,"column":4},"end":{"line":301,"column":null}}]}},"s":{"0":1,"1":1,"2":19,"3":19,"4":19,"5":7,"6":0,"7":3,"8":3,"9":3,"10":15,"11":15,"12":15,"13":0,"14":15,"15":15,"16":9,"17":7,"18":7,"19":7,"20":7,"21":7,"22":0,"23":7,"24":0,"25":7,"26":0,"27":7,"28":0,"29":7,"30":7,"31":7,"32":0,"33":7,"34":7,"35":0,"36":0,"37":7,"38":7,"39":7,"40":7,"41":7,"42":7,"43":7,"44":7,"45":7,"46":7,"47":7,"48":7,"49":7,"50":7,"51":22,"52":22,"53":7,"54":12,"55":12,"56":12,"57":12,"58":12,"59":0,"60":12,"61":12,"62":12,"63":12,"64":12,"65":5,"66":12,"67":7,"68":7,"69":7,"70":12,"71":0,"72":12,"73":0,"74":0,"75":0,"76":0,"77":0,"78":0,"79":0,"80":0,"81":0,"82":0,"83":0,"84":0,"85":0,"86":0,"87":0,"88":0,"89":0,"90":0,"91":0,"92":0,"93":0,"94":0,"95":0,"96":0,"97":0,"98":19,"99":7,"100":12,"101":12,"102":12,"103":8,"104":8,"105":4,"106":24,"107":3,"108":3,"109":1,"110":2,"111":2,"112":2,"113":24,"114":6,"115":3,"116":3,"117":6,"118":1},"f":{"0":19,"1":7,"2":0,"3":3,"4":15,"5":9,"6":7,"7":7,"8":0,"9":7,"10":22,"11":12,"12":0,"13":0,"14":0,"15":19,"16":24,"17":2,"18":6},"b":{"0":[3],"1":[3],"2":[3],"3":[3],"4":[3],"5":[3],"6":[3],"7":[3],"8":[0],"9":[10,5],"10":[0],"11":[0,7],"12":[0],"13":[0],"14":[0],"15":[7,7],"16":[7],"17":[0],"18":[12],"19":[12],"20":[0],"21":[12,0,12,0],"22":[12],"23":[5],"24":[7],"25":[7],"26":[7,0],"27":[0],"28":[0,0],"29":[0],"30":[0],"31":[0],"32":[0],"33":[0],"34":[0,0],"35":[7],"36":[12,0],"37":[12,8],"38":[8],"39":[8,0],"40":[3],"41":[1,2],"42":[3]}}
,"/home/boar/mg/libs/cached-query/src/CachedQuery/invalidation.ts": {"path":"/home/boar/mg/libs/cached-query/src/CachedQuery/invalidation.ts","statementMap":{"0":{"start":{"line":15,"column":17},"end":{"line":15,"column":29}},"1":{"start":{"line":16,"column":2},"end":{"line":18,"column":5}},"2":{"start":{"line":17,"column":4},"end":{"line":17,"column":45}},"3":{"start":{"line":17,"column":28},"end":{"line":17,"column":43}},"4":{"start":{"line":19,"column":2},"end":{"line":19,"column":28}},"5":{"start":{"line":23,"column":13},"end":{"line":23,"column":23}},"6":{"start":{"line":24,"column":2},"end":{"line":24,"column":62}},"7":{"start":{"line":29,"column":2},"end":{"line":29,"column":24}},"8":{"start":{"line":29,"column":14},"end":{"line":29,"column":24}},"9":{"start":{"line":30,"column":28},"end":{"line":30,"column":30}},"10":{"start":{"line":31,"column":2},"end":{"line":34,"column":5}},"11":{"start":{"line":32,"column":4},"end":{"line":32,"column":29}},"12":{"start":{"line":32,"column":22},"end":{"line":32,"column":29}},"13":{"start":{"line":33,"column":4},"end":{"line":33,"column":21}},"14":{"start":{"line":35,"column":2},"end":{"line":35,"column":16}},"15":{"start":{"line":46,"column":48},"end":{"line":46,"column":57}},"16":{"start":{"line":49,"column":2},"end":{"line":49,"column":72}},"17":{"start":{"line":49,"column":60},"end":{"line":49,"column":72}},"18":{"start":{"line":51,"column":52},"end":{"line":51,"column":69}},"19":{"start":{"line":54,"column":29},"end":{"line":58,"column":4}},"20":{"start":{"line":55,"column":4},"end":{"line":57,"column":23}},"21":{"start":{"line":60,"column":2},"end":{"line":60,"column":38}},"22":{"start":{"line":60,"column":26},"end":{"line":60,"column":38}},"23":{"start":{"line":61,"column":2},"end":{"line":65,"column":null}},"24":{"start":{"line":64,"column":4},"end":{"line":64,"column":43}},"25":{"start":{"line":67,"column":17},"end":{"line":67,"column":51}},"26":{"start":{"line":67,"column":42},"end":{"line":67,"column":50}},"27":{"start":{"line":68,"column":2},"end":{"line":68,"column":41}},"28":{"start":{"line":72,"column":17},"end":{"line":72,"column":44}},"29":{"start":{"line":73,"column":2},"end":{"line":78,"column":null}},"30":{"start":{"line":74,"column":18},"end":{"line":74,"column":37}},"31":{"start":{"line":75,"column":4},"end":{"line":75,"column":53}},"32":{"start":{"line":75,"column":15},"end":{"line":75,"column":53}},"33":{"start":{"line":79,"column":2},"end":{"line":79,"column":12}},"34":{"start":{"line":86,"column":4},"end":{"line":86,"column":27}},"35":{"start":{"line":92,"column":4},"end":{"line":92,"column":66}},"36":{"start":{"line":92,"column":32},"end":{"line":92,"column":66}},"37":{"start":{"line":93,"column":4},"end":{"line":93,"column":66}},"38":{"start":{"line":93,"column":32},"end":{"line":93,"column":66}},"39":{"start":{"line":97,"column":22},"end":{"line":97,"column":34}},"40":{"start":{"line":98,"column":32},"end":{"line":98,"column":38}},"41":{"start":{"line":100,"column":27},"end":{"line":100,"column":75}},"42":{"start":{"line":101,"column":25},"end":{"line":101,"column":69}},"43":{"start":{"line":102,"column":4},"end":{"line":102,"column":53}},"44":{"start":{"line":106,"column":22},"end":{"line":106,"column":34}},"45":{"start":{"line":107,"column":20},"end":{"line":107,"column":26}},"46":{"start":{"line":108,"column":18},"end":{"line":108,"column":31}},"47":{"start":{"line":109,"column":4},"end":{"line":109,"column":61}},"48":{"start":{"line":109,"column":24},"end":{"line":109,"column":59}},"49":{"start":{"line":110,"column":19},"end":{"line":110,"column":70}},"50":{"start":{"line":111,"column":4},"end":{"line":111,"column":24}},"51":{"start":{"line":111,"column":17},"end":{"line":111,"column":24}},"52":{"start":{"line":113,"column":26},"end":{"line":113,"column":42}},"53":{"start":{"line":114,"column":4},"end":{"line":114,"column":41}},"54":{"start":{"line":118,"column":4},"end":{"line":118,"column":32}},"55":{"start":{"line":118,"column":22},"end":{"line":118,"column":32}},"56":{"start":{"line":120,"column":22},"end":{"line":120,"column":34}},"57":{"start":{"line":121,"column":18},"end":{"line":121,"column":31}},"58":{"start":{"line":122,"column":4},"end":{"line":122,"column":47}},"59":{"start":{"line":122,"column":26},"end":{"line":122,"column":45}},"60":{"start":{"line":123,"column":20},"end":{"line":123,"column":38}},"61":{"start":{"line":124,"column":4},"end":{"line":124,"column":47}},"62":{"start":{"line":124,"column":37},"end":{"line":124,"column":47}},"63":{"start":{"line":126,"column":38},"end":{"line":126,"column":40}},"64":{"start":{"line":127,"column":4},"end":{"line":131,"column":7}},"65":{"start":{"line":128,"column":6},"end":{"line":128,"column":31}},"66":{"start":{"line":128,"column":24},"end":{"line":128,"column":31}},"67":{"start":{"line":129,"column":18},"end":{"line":129,"column":29}},"68":{"start":{"line":130,"column":6},"end":{"line":130,"column":53}},"69":{"start":{"line":130,"column":27},"end":{"line":130,"column":53}},"70":{"start":{"line":133,"column":4},"end":{"line":133,"column":27}},"71":{"start":{"line":137,"column":4},"end":{"line":137,"column":29}},"72":{"start":{"line":137,"column":22},"end":{"line":137,"column":29}},"73":{"start":{"line":139,"column":21},"end":{"line":145,"column":6}},"74":{"start":{"line":140,"column":20},"end":{"line":140,"column":50}},"75":{"start":{"line":141,"column":6},"end":{"line":141,"column":52}},"76":{"start":{"line":141,"column":45},"end":{"line":141,"column":52}},"77":{"start":{"line":143,"column":21},"end":{"line":143,"column":49}},"78":{"start":{"line":144,"column":6},"end":{"line":144,"column":84}},"79":{"start":{"line":147,"column":4},"end":{"line":147,"column":32}},"80":{"start":{"line":151,"column":17},"end":{"line":151,"column":34}},"81":{"start":{"line":152,"column":17},"end":{"line":152,"column":34}},"82":{"start":{"line":153,"column":33},"end":{"line":153,"column":45}},"83":{"start":{"line":154,"column":4},"end":{"line":161,"column":7}},"84":{"start":{"line":155,"column":6},"end":{"line":160,"column":9}},"85":{"start":{"line":156,"column":21},"end":{"line":156,"column":61}},"86":{"start":{"line":157,"column":8},"end":{"line":157,"column":26}},"87":{"start":{"line":157,"column":19},"end":{"line":157,"column":26}},"88":{"start":{"line":158,"column":8},"end":{"line":158,"column":46}},"89":{"start":{"line":158,"column":27},"end":{"line":158,"column":46}},"90":{"start":{"line":159,"column":8},"end":{"line":159,"column":46}},"91":{"start":{"line":159,"column":27},"end":{"line":159,"column":46}},"92":{"start":{"line":162,"column":4},"end":{"line":162,"column":26}},"93":{"start":{"line":166,"column":33},"end":{"line":166,"column":45}},"94":{"start":{"line":167,"column":18},"end":{"line":167,"column":41}},"95":{"start":{"line":168,"column":4},"end":{"line":171,"column":null}},"96":{"start":{"line":169,"column":20},"end":{"line":169,"column":71}},"97":{"start":{"line":169,"column":50},"end":{"line":169,"column":70}},"98":{"start":{"line":170,"column":6},"end":{"line":170,"column":30}},"99":{"start":{"line":170,"column":17},"end":{"line":170,"column":30}},"100":{"start":{"line":172,"column":4},"end":{"line":172,"column":16}},"101":{"start":{"line":82,"column":0},"end":{"line":82,"column":21}}},"fnMap":{"0":{"name":"union","decl":{"start":{"line":14,"column":9},"end":{"line":14,"column":14}},"loc":{"start":{"line":14,"column":46},"end":{"line":20,"column":1}}},"1":{"name":"(anonymous_1)","decl":{"start":{"line":16,"column":18},"end":{"line":16,"column":19}},"loc":{"start":{"line":16,"column":29},"end":{"line":18,"column":3}}},"2":{"name":"(anonymous_2)","decl":{"start":{"line":17,"column":19},"end":{"line":17,"column":20}},"loc":{"start":{"line":17,"column":28},"end":{"line":17,"column":43}}},"3":{"name":"okForComparison","decl":{"start":{"line":22,"column":9},"end":{"line":22,"column":24}},"loc":{"start":{"line":22,"column":37},"end":{"line":25,"column":1}}},"4":{"name":"flattenRedisMulti","decl":{"start":{"line":28,"column":9},"end":{"line":28,"column":26}},"loc":{"start":{"line":28,"column":50},"end":{"line":36,"column":1}}},"5":{"name":"(anonymous_5)","decl":{"start":{"line":31,"column":16},"end":{"line":31,"column":17}},"loc":{"start":{"line":31,"column":31},"end":{"line":34,"column":3}}},"6":{"name":"getInsertInvalidation","decl":{"start":{"line":41,"column":9},"end":{"line":41,"column":30}},"loc":{"start":{"line":44,"column":18},"end":{"line":69,"column":1}}},"7":{"name":"(anonymous_7)","decl":{"start":{"line":54,"column":61},"end":{"line":54,"column":62}},"loc":{"start":{"line":55,"column":4},"end":{"line":57,"column":23}}},"8":{"name":"(anonymous_8)","decl":{"start":{"line":67,"column":33},"end":{"line":67,"column":34}},"loc":{"start":{"line":67,"column":42},"end":{"line":67,"column":50}}},"9":{"name":"parseParamsFromQueryKey","decl":{"start":{"line":71,"column":9},"end":{"line":71,"column":32}},"loc":{"start":{"line":71,"column":44},"end":{"line":80,"column":1}}},"10":{"name":"(anonymous_10)","decl":{"start":{"line":85,"column":2},"end":{"line":85,"column":14}},"loc":{"start":{"line":85,"column":29},"end":{"line":87,"column":3}}},"11":{"name":"(anonymous_11)","decl":{"start":{"line":91,"column":2},"end":{"line":91,"column":15}},"loc":{"start":{"line":91,"column":35},"end":{"line":94,"column":3}}},"12":{"name":"(anonymous_12)","decl":{"start":{"line":96,"column":2},"end":{"line":96,"column":7}},"loc":{"start":{"line":96,"column":67},"end":{"line":103,"column":3}}},"13":{"name":"(anonymous_13)","decl":{"start":{"line":105,"column":2},"end":{"line":105,"column":7}},"loc":{"start":{"line":105,"column":67},"end":{"line":115,"column":3}}},"14":{"name":"(anonymous_14)","decl":{"start":{"line":109,"column":16},"end":{"line":109,"column":17}},"loc":{"start":{"line":109,"column":24},"end":{"line":109,"column":59}}},"15":{"name":"(anonymous_15)","decl":{"start":{"line":117,"column":2},"end":{"line":117,"column":7}},"loc":{"start":{"line":117,"column":33},"end":{"line":134,"column":3}}},"16":{"name":"(anonymous_16)","decl":{"start":{"line":122,"column":17},"end":{"line":122,"column":18}},"loc":{"start":{"line":122,"column":26},"end":{"line":122,"column":45}}},"17":{"name":"(anonymous_17)","decl":{"start":{"line":127,"column":20},"end":{"line":127,"column":21}},"loc":{"start":{"line":127,"column":47},"end":{"line":131,"column":5}}},"18":{"name":"(anonymous_18)","decl":{"start":{"line":136,"column":2},"end":{"line":136,"column":7}},"loc":{"start":{"line":136,"column":32},"end":{"line":148,"column":3}}},"19":{"name":"(anonymous_19)","decl":{"start":{"line":139,"column":30},"end":{"line":139,"column":35}},"loc":{"start":{"line":139,"column":44},"end":{"line":145,"column":5}}},"20":{"name":"(anonymous_20)","decl":{"start":{"line":150,"column":2},"end":{"line":150,"column":28}},"loc":{"start":{"line":150,"column":63},"end":{"line":163,"column":3}}},"21":{"name":"(anonymous_21)","decl":{"start":{"line":154,"column":29},"end":{"line":154,"column":30}},"loc":{"start":{"line":154,"column":39},"end":{"line":161,"column":5}}},"22":{"name":"(anonymous_22)","decl":{"start":{"line":155,"column":19},"end":{"line":155,"column":20}},"loc":{"start":{"line":155,"column":27},"end":{"line":160,"column":7}}},"23":{"name":"(anonymous_23)","decl":{"start":{"line":165,"column":2},"end":{"line":165,"column":22}},"loc":{"start":{"line":165,"column":34},"end":{"line":173,"column":3}}},"24":{"name":"(anonymous_24)","decl":{"start":{"line":169,"column":42},"end":{"line":169,"column":43}},"loc":{"start":{"line":169,"column":50},"end":{"line":169,"column":70}}}},"branchMap":{"0":{"loc":{"start":{"line":24,"column":9},"end":{"line":24,"column":61}},"type":"binary-expr","locations":[{"start":{"line":24,"column":10},"end":{"line":24,"column":22}},{"start":{"line":24,"column":26},"end":{"line":24,"column":40}},{"start":{"line":24,"column":45},"end":{"line":24,"column":61}}]},"1":{"loc":{"start":{"line":29,"column":2},"end":{"line":29,"column":24}},"type":"if","locations":[{"start":{"line":29,"column":2},"end":{"line":29,"column":24}}]},"2":{"loc":{"start":{"line":32,"column":4},"end":{"line":32,"column":29}},"type":"if","locations":[{"start":{"line":32,"column":4},"end":{"line":32,"column":29}}]},"3":{"loc":{"start":{"line":49,"column":2},"end":{"line":49,"column":72}},"type":"if","locations":[{"start":{"line":49,"column":2},"end":{"line":49,"column":72}}]},"4":{"loc":{"start":{"line":49,"column":6},"end":{"line":49,"column":58}},"type":"binary-expr","locations":[{"start":{"line":49,"column":6},"end":{"line":49,"column":12}},{"start":{"line":49,"column":16},"end":{"line":49,"column":35}},{"start":{"line":49,"column":39},"end":{"line":49,"column":58}}]},"5":{"loc":{"start":{"line":55,"column":4},"end":{"line":57,"column":23}},"type":"binary-expr","locations":[{"start":{"line":55,"column":4},"end":{"line":55,"column":24}},{"start":{"line":56,"column":7},"end":{"line":56,"column":32}},{"start":{"line":57,"column":7},"end":{"line":57,"column":23}}]},"6":{"loc":{"start":{"line":60,"column":2},"end":{"line":60,"column":38}},"type":"if","locations":[{"start":{"line":60,"column":2},"end":{"line":60,"column":38}}]},"7":{"loc":{"start":{"line":61,"column":2},"end":{"line":65,"column":null}},"type":"if","locations":[{"start":{"line":61,"column":2},"end":{"line":65,"column":null}}]},"8":{"loc":{"start":{"line":74,"column":18},"end":{"line":74,"column":37}},"type":"binary-expr","locations":[{"start":{"line":74,"column":18},"end":{"line":74,"column":24}},{"start":{"line":74,"column":28},"end":{"line":74,"column":37}}]},"9":{"loc":{"start":{"line":75,"column":4},"end":{"line":75,"column":53}},"type":"if","locations":[{"start":{"line":75,"column":4},"end":{"line":75,"column":53}}]},"10":{"loc":{"start":{"line":92,"column":4},"end":{"line":92,"column":66}},"type":"if","locations":[{"start":{"line":92,"column":4},"end":{"line":92,"column":66}}]},"11":{"loc":{"start":{"line":93,"column":4},"end":{"line":93,"column":66}},"type":"if","locations":[{"start":{"line":93,"column":4},"end":{"line":93,"column":66}}]},"12":{"loc":{"start":{"line":101,"column":25},"end":{"line":101,"column":69}},"type":"cond-expr","locations":[{"start":{"line":101,"column":37},"end":{"line":101,"column":64}},{"start":{"line":101,"column":67},"end":{"line":101,"column":69}}]},"13":{"loc":{"start":{"line":111,"column":4},"end":{"line":111,"column":24}},"type":"if","locations":[{"start":{"line":111,"column":4},"end":{"line":111,"column":24}}]},"14":{"loc":{"start":{"line":118,"column":4},"end":{"line":118,"column":32}},"type":"if","locations":[{"start":{"line":118,"column":4},"end":{"line":118,"column":32}}]},"15":{"loc":{"start":{"line":124,"column":4},"end":{"line":124,"column":47}},"type":"if","locations":[{"start":{"line":124,"column":4},"end":{"line":124,"column":47}}]},"16":{"loc":{"start":{"line":124,"column":8},"end":{"line":124,"column":35}},"type":"binary-expr","locations":[{"start":{"line":124,"column":8},"end":{"line":124,"column":16}},{"start":{"line":124,"column":20},"end":{"line":124,"column":35}}]},"17":{"loc":{"start":{"line":128,"column":6},"end":{"line":128,"column":31}},"type":"if","locations":[{"start":{"line":128,"column":6},"end":{"line":128,"column":31}}]},"18":{"loc":{"start":{"line":130,"column":6},"end":{"line":130,"column":53}},"type":"if","locations":[{"start":{"line":130,"column":6},"end":{"line":130,"column":53}}]},"19":{"loc":{"start":{"line":130,"column":10},"end":{"line":130,"column":25}},"type":"binary-expr","locations":[{"start":{"line":130,"column":10},"end":{"line":130,"column":13}},{"start":{"line":130,"column":17},"end":{"line":130,"column":25}}]},"20":{"loc":{"start":{"line":137,"column":4},"end":{"line":137,"column":29}},"type":"if","locations":[{"start":{"line":137,"column":4},"end":{"line":137,"column":29}}]},"21":{"loc":{"start":{"line":141,"column":6},"end":{"line":141,"column":52}},"type":"if","locations":[{"start":{"line":141,"column":6},"end":{"line":141,"column":52}}]},"22":{"loc":{"start":{"line":141,"column":10},"end":{"line":141,"column":43}},"type":"binary-expr","locations":[{"start":{"line":141,"column":10},"end":{"line":141,"column":16}},{"start":{"line":141,"column":20},"end":{"line":141,"column":43}}]},"23":{"loc":{"start":{"line":157,"column":8},"end":{"line":157,"column":26}},"type":"if","locations":[{"start":{"line":157,"column":8},"end":{"line":157,"column":26}}]},"24":{"loc":{"start":{"line":158,"column":8},"end":{"line":158,"column":46}},"type":"if","locations":[{"start":{"line":158,"column":8},"end":{"line":158,"column":46}}]},"25":{"loc":{"start":{"line":159,"column":8},"end":{"line":159,"column":46}},"type":"if","locations":[{"start":{"line":159,"column":8},"end":{"line":159,"column":46}}]},"26":{"loc":{"start":{"line":168,"column":4},"end":{"line":171,"column":null}},"type":"if","locations":[{"start":{"line":168,"column":4},"end":{"line":171,"column":null}}]},"27":{"loc":{"start":{"line":168,"column":8},"end":{"line":168,"column":25}},"type":"binary-expr","locations":[{"start":{"line":168,"column":8},"end":{"line":168,"column":13}},{"start":{"line":168,"column":17},"end":{"line":168,"column":25}}]},"28":{"loc":{"start":{"line":170,"column":6},"end":{"line":170,"column":30}},"type":"if","locations":[{"start":{"line":170,"column":6},"end":{"line":170,"column":30}}]}},"s":{"0":4,"1":4,"2":7,"3":6,"4":4,"5":4,"6":4,"7":1,"8":0,"9":1,"10":1,"11":1,"12":0,"13":1,"14":1,"15":6,"16":6,"17":0,"18":6,"19":6,"20":2,"21":6,"22":1,"23":5,"24":2,"25":3,"26":2,"27":3,"28":0,"29":0,"30":0,"31":0,"32":0,"33":0,"34":1,"35":4,"36":3,"37":4,"38":1,"39":3,"40":3,"41":3,"42":3,"43":3,"44":1,"45":1,"46":1,"47":1,"48":1,"49":1,"50":1,"51":0,"52":1,"53":1,"54":4,"55":1,"56":3,"57":3,"58":3,"59":6,"60":3,"61":3,"62":0,"63":3,"64":3,"65":6,"66":0,"67":6,"68":6,"69":4,"70":3,"71":0,"72":0,"73":0,"74":0,"75":0,"76":0,"77":0,"78":0,"79":0,"80":3,"81":3,"82":3,"83":3,"84":6,"85":6,"86":6,"87":1,"88":5,"89":3,"90":5,"91":2,"92":3,"93":0,"94":0,"95":0,"96":0,"97":0,"98":0,"99":0,"100":0,"101":1},"f":{"0":4,"1":7,"2":6,"3":4,"4":1,"5":1,"6":6,"7":2,"8":2,"9":0,"10":1,"11":4,"12":3,"13":1,"14":1,"15":4,"16":6,"17":6,"18":0,"19":0,"20":3,"21":6,"22":6,"23":0,"24":0},"b":{"0":[4,4,4],"1":[0],"2":[0],"3":[0],"4":[6,6,6],"5":[2,2,2],"6":[1],"7":[2],"8":[0,0],"9":[0],"10":[3],"11":[1],"12":[2,1],"13":[0],"14":[1],"15":[0],"16":[3,3],"17":[0],"18":[4],"19":[6,6],"20":[0],"21":[0],"22":[0,0],"23":[1],"24":[3],"25":[2],"26":[0],"27":[0,0],"28":[0]}}
,"/home/boar/mg/libs/cached-query/src/CachedQuery/lib.ts": {"path":"/home/boar/mg/libs/cached-query/src/CachedQuery/lib.ts","statementMap":{"0":{"start":{"line":1,"column":0},"end":{"line":1,"column":33}},"1":{"start":{"line":2,"column":0},"end":{"line":2,"column":29}},"2":{"start":{"line":3,"column":0},"end":{"line":3,"column":28}},"3":{"start":{"line":12,"column":2},"end":{"line":16,"column":4}},"4":{"start":{"line":11,"column":0},"end":{"line":11,"column":16}},"5":{"start":{"line":27,"column":18},"end":{"line":27,"column":79}},"6":{"start":{"line":27,"column":39},"end":{"line":27,"column":48}},"7":{"start":{"line":27,"column":63},"end":{"line":27,"column":78}},"8":{"start":{"line":28,"column":2},"end":{"line":28,"column":43}},"9":{"start":{"line":28,"column":28},"end":{"line":28,"column":43}},"10":{"start":{"line":29,"column":17},"end":{"line":29,"column":33}},"11":{"start":{"line":31,"column":2},"end":{"line":46,"column":5}},"12":{"start":{"line":32,"column":4},"end":{"line":45,"column":7}},"13":{"start":{"line":33,"column":29},"end":{"line":33,"column":43}},"14":{"start":{"line":34,"column":6},"end":{"line":34,"column":54}},"15":{"start":{"line":34,"column":47},"end":{"line":34,"column":54}},"16":{"start":{"line":36,"column":31},"end":{"line":36,"column":69}},"17":{"start":{"line":37,"column":6},"end":{"line":44,"column":9}},"18":{"start":{"line":38,"column":8},"end":{"line":38,"column":43}},"19":{"start":{"line":38,"column":36},"end":{"line":38,"column":43}},"20":{"start":{"line":39,"column":8},"end":{"line":43,"column":null}},"21":{"start":{"line":40,"column":10},"end":{"line":40,"column":89}},"22":{"start":{"line":40,"column":73},"end":{"line":40,"column":87}},"23":{"start":{"line":42,"column":10},"end":{"line":42,"column":43}},"24":{"start":{"line":48,"column":2},"end":{"line":48,"column":21}},"25":{"start":{"line":23,"column":0},"end":{"line":23,"column":16}},"26":{"start":{"line":55,"column":2},"end":{"line":55,"column":47}},"27":{"start":{"line":56,"column":2},"end":{"line":56,"column":58}},"28":{"start":{"line":57,"column":2},"end":{"line":57,"column":71}},"29":{"start":{"line":57,"column":16},"end":{"line":57,"column":71}},"30":{"start":{"line":58,"column":2},"end":{"line":58,"column":89}},"31":{"start":{"line":58,"column":41},"end":{"line":58,"column":89}},"32":{"start":{"line":59,"column":2},"end":{"line":61,"column":null}},"33":{"start":{"line":60,"column":4},"end":{"line":60,"column":65}},"34":{"start":{"line":62,"column":2},"end":{"line":62,"column":15}},"35":{"start":{"line":54,"column":0},"end":{"line":54,"column":16}},"36":{"start":{"line":74,"column":21},"end":{"line":74,"column":26}},"37":{"start":{"line":75,"column":2},"end":{"line":77,"column":null}},"38":{"start":{"line":76,"column":4},"end":{"line":76,"column":64}},"39":{"start":{"line":80,"column":17},"end":{"line":80,"column":68}},"40":{"start":{"line":80,"column":59},"end":{"line":80,"column":61}},"41":{"start":{"line":81,"column":2},"end":{"line":81,"column":27}},"42":{"start":{"line":84,"column":32},"end":{"line":84,"column":34}},"43":{"start":{"line":86,"column":4},"end":{"line":86,"column":54}},"44":{"start":{"line":86,"column":47},"end":{"line":86,"column":54}},"45":{"start":{"line":87,"column":21},"end":{"line":87,"column":43}},"46":{"start":{"line":88,"column":4},"end":{"line":93,"column":null}},"47":{"start":{"line":89,"column":6},"end":{"line":89,"column":38}},"48":{"start":{"line":89,"column":18},"end":{"line":89,"column":38}},"49":{"start":{"line":90,"column":6},"end":{"line":90,"column":34}},"50":{"start":{"line":92,"column":6},"end":{"line":92,"column":68}},"51":{"start":{"line":92,"column":43},"end":{"line":92,"column":66}},"52":{"start":{"line":95,"column":2},"end":{"line":95,"column":61}},"53":{"start":{"line":95,"column":44},"end":{"line":95,"column":59}},"54":{"start":{"line":97,"column":46},"end":{"line":97,"column":48}},"55":{"start":{"line":98,"column":2},"end":{"line":102,"column":5}},"56":{"start":{"line":99,"column":4},"end":{"line":101,"column":null}},"57":{"start":{"line":100,"column":6},"end":{"line":100,"column":24}},"58":{"start":{"line":104,"column":2},"end":{"line":104,"column":51}},"59":{"start":{"line":71,"column":0},"end":{"line":71,"column":16}},"60":{"start":{"line":108,"column":15},"end":{"line":108,"column":36}},"61":{"start":{"line":109,"column":2},"end":{"line":113,"column":22}},"62":{"start":{"line":107,"column":0},"end":{"line":107,"column":16}}},"fnMap":{"0":{"name":"hasObjectId","decl":{"start":{"line":11,"column":16},"end":{"line":11,"column":27}},"loc":{"start":{"line":11,"column":43},"end":{"line":17,"column":1}}},"1":{"name":"collectPopulatedIds","decl":{"start":{"line":23,"column":16},"end":{"line":23,"column":35}},"loc":{"start":{"line":25,"column":33},"end":{"line":49,"column":1}}},"2":{"name":"(anonymous_3)","decl":{"start":{"line":27,"column":30},"end":{"line":27,"column":31}},"loc":{"start":{"line":27,"column":39},"end":{"line":27,"column":48}}},"3":{"name":"(anonymous_4)","decl":{"start":{"line":27,"column":54},"end":{"line":27,"column":55}},"loc":{"start":{"line":27,"column":63},"end":{"line":27,"column":78}}},"4":{"name":"(anonymous_5)","decl":{"start":{"line":31,"column":15},"end":{"line":31,"column":16}},"loc":{"start":{"line":31,"column":23},"end":{"line":46,"column":3}}},"5":{"name":"(anonymous_6)","decl":{"start":{"line":32,"column":24},"end":{"line":32,"column":25}},"loc":{"start":{"line":32,"column":62},"end":{"line":45,"column":5}}},"6":{"name":"(anonymous_7)","decl":{"start":{"line":37,"column":20},"end":{"line":37,"column":21}},"loc":{"start":{"line":37,"column":33},"end":{"line":44,"column":7}}},"7":{"name":"(anonymous_8)","decl":{"start":{"line":40,"column":65},"end":{"line":40,"column":66}},"loc":{"start":{"line":40,"column":73},"end":{"line":40,"column":87}}},"8":{"name":"skipAndLimit","decl":{"start":{"line":54,"column":16},"end":{"line":54,"column":28}},"loc":{"start":{"line":54,"column":73},"end":{"line":63,"column":1}}},"9":{"name":"classifyQueryKeys","decl":{"start":{"line":71,"column":16},"end":{"line":71,"column":33}},"loc":{"start":{"line":72,"column":60},"end":{"line":105,"column":1}}},"10":{"name":"(anonymous_11)","decl":{"start":{"line":80,"column":52},"end":{"line":80,"column":55}},"loc":{"start":{"line":80,"column":59},"end":{"line":80,"column":61}}},"11":{"name":"findParam","decl":{"start":{"line":85,"column":11},"end":{"line":85,"column":20}},"loc":{"start":{"line":85,"column":65},"end":{"line":94,"column":3}}},"12":{"name":"(anonymous_13)","decl":{"start":{"line":92,"column":36},"end":{"line":92,"column":37}},"loc":{"start":{"line":92,"column":43},"end":{"line":92,"column":66}}},"13":{"name":"(anonymous_14)","decl":{"start":{"line":95,"column":32},"end":{"line":95,"column":33}},"loc":{"start":{"line":95,"column":44},"end":{"line":95,"column":59}}},"14":{"name":"(anonymous_15)","decl":{"start":{"line":98,"column":32},"end":{"line":98,"column":33}},"loc":{"start":{"line":98,"column":43},"end":{"line":102,"column":3}}},"15":{"name":"jsonHash","decl":{"start":{"line":107,"column":16},"end":{"line":107,"column":24}},"loc":{"start":{"line":107,"column":39},"end":{"line":114,"column":1}}}},"branchMap":{"0":{"loc":{"start":{"line":13,"column":4},"end":{"line":15,"column":66}},"type":"binary-expr","locations":[{"start":{"line":13,"column":4},"end":{"line":13,"column":12}},{"start":{"line":14,"column":7},"end":{"line":14,"column":33}},{"start":{"line":15,"column":8},"end":{"line":15,"column":66}}]},"1":{"loc":{"start":{"line":28,"column":2},"end":{"line":28,"column":43}},"type":"if","locations":[{"start":{"line":28,"column":2},"end":{"line":28,"column":43}}]},"2":{"loc":{"start":{"line":34,"column":6},"end":{"line":34,"column":54}},"type":"if","locations":[{"start":{"line":34,"column":6},"end":{"line":34,"column":54}}]},"3":{"loc":{"start":{"line":34,"column":10},"end":{"line":34,"column":45}},"type":"binary-expr","locations":[{"start":{"line":34,"column":10},"end":{"line":34,"column":16}},{"start":{"line":34,"column":20},"end":{"line":34,"column":45}}]},"4":{"loc":{"start":{"line":36,"column":31},"end":{"line":36,"column":69}},"type":"cond-expr","locations":[{"start":{"line":36,"column":54},"end":{"line":36,"column":59}},{"start":{"line":36,"column":62},"end":{"line":36,"column":69}}]},"5":{"loc":{"start":{"line":38,"column":8},"end":{"line":38,"column":43}},"type":"if","locations":[{"start":{"line":38,"column":8},"end":{"line":38,"column":43}}]},"6":{"loc":{"start":{"line":39,"column":8},"end":{"line":43,"column":null}},"type":"if","locations":[{"start":{"line":39,"column":8},"end":{"line":43,"column":null}},{"start":{"line":41,"column":15},"end":{"line":43,"column":null}}]},"7":{"loc":{"start":{"line":55,"column":9},"end":{"line":55,"column":46}},"type":"cond-expr","locations":[{"start":{"line":55,"column":38},"end":{"line":55,"column":42}},{"start":{"line":55,"column":45},"end":{"line":55,"column":46}}]},"8":{"loc":{"start":{"line":56,"column":10},"end":{"line":56,"column":57}},"type":"cond-expr","locations":[{"start":{"line":56,"column":40},"end":{"line":56,"column":45}},{"start":{"line":56,"column":48},"end":{"line":56,"column":57}}]},"9":{"loc":{"start":{"line":57,"column":2},"end":{"line":57,"column":71}},"type":"if","locations":[{"start":{"line":57,"column":2},"end":{"line":57,"column":71}}]},"10":{"loc":{"start":{"line":58,"column":2},"end":{"line":58,"column":89}},"type":"if","locations":[{"start":{"line":58,"column":2},"end":{"line":58,"column":89}}]},"11":{"loc":{"start":{"line":58,"column":6},"end":{"line":58,"column":39}},"type":"binary-expr","locations":[{"start":{"line":58,"column":6},"end":{"line":58,"column":25}},{"start":{"line":58,"column":29},"end":{"line":58,"column":39}}]},"12":{"loc":{"start":{"line":59,"column":2},"end":{"line":61,"column":null}},"type":"if","locations":[{"start":{"line":59,"column":2},"end":{"line":61,"column":null}}]},"13":{"loc":{"start":{"line":59,"column":6},"end":{"line":59,"column":23}},"type":"binary-expr","locations":[{"start":{"line":59,"column":6},"end":{"line":59,"column":14}},{"start":{"line":59,"column":18},"end":{"line":59,"column":23}}]},"14":{"loc":{"start":{"line":60,"column":29},"end":{"line":60,"column":63}},"type":"cond-expr","locations":[{"start":{"line":60,"column":38},"end":{"line":60,"column":50}},{"start":{"line":60,"column":54},"end":{"line":60,"column":63}}]},"15":{"loc":{"start":{"line":75,"column":2},"end":{"line":77,"column":null}},"type":"if","locations":[{"start":{"line":75,"column":2},"end":{"line":77,"column":null}}]},"16":{"loc":{"start":{"line":75,"column":6},"end":{"line":75,"column":40}},"type":"binary-expr","locations":[{"start":{"line":75,"column":6},"end":{"line":75,"column":11}},{"start":{"line":75,"column":15},"end":{"line":75,"column":40}}]},"17":{"loc":{"start":{"line":85,"column":51},"end":{"line":85,"column":65}},"type":"default-arg","locations":[{"start":{"line":85,"column":60},"end":{"line":85,"column":65}}]},"18":{"loc":{"start":{"line":86,"column":4},"end":{"line":86,"column":54}},"type":"if","locations":[{"start":{"line":86,"column":4},"end":{"line":86,"column":54}}]},"19":{"loc":{"start":{"line":86,"column":8},"end":{"line":86,"column":45}},"type":"binary-expr","locations":[{"start":{"line":86,"column":8},"end":{"line":86,"column":15}},{"start":{"line":86,"column":19},"end":{"line":86,"column":45}}]},"20":{"loc":{"start":{"line":88,"column":4},"end":{"line":93,"column":null}},"type":"if","locations":[{"start":{"line":88,"column":4},"end":{"line":93,"column":null}},{"start":{"line":91,"column":11},"end":{"line":93,"column":null}}]},"21":{"loc":{"start":{"line":89,"column":6},"end":{"line":89,"column":38}},"type":"if","locations":[{"start":{"line":89,"column":6},"end":{"line":89,"column":38}}]},"22":{"loc":{"start":{"line":99,"column":4},"end":{"line":101,"column":null}},"type":"if","locations":[{"start":{"line":99,"column":4},"end":{"line":101,"column":null}}]}},"s":{"0":1,"1":1,"2":1,"3":0,"4":1,"5":7,"6":22,"7":22,"8":7,"9":7,"10":0,"11":0,"12":0,"13":0,"14":0,"15":0,"16":0,"17":0,"18":0,"19":0,"20":0,"21":0,"22":0,"23":0,"24":0,"25":1,"26":12,"27":12,"28":12,"29":0,"30":12,"31":0,"32":12,"33":0,"34":12,"35":1,"36":3,"37":3,"38":1,"39":2,"40":2,"41":2,"42":2,"43":3,"44":0,"45":3,"46":3,"47":2,"48":1,"49":2,"50":1,"51":1,"52":2,"53":2,"54":2,"55":2,"56":2,"57":0,"58":2,"59":1,"60":3,"61":3,"62":1},"f":{"0":0,"1":7,"2":22,"3":22,"4":0,"5":0,"6":0,"7":0,"8":12,"9":3,"10":2,"11":3,"12":1,"13":2,"14":2,"15":3},"b":{"0":[0,0,0],"1":[7],"2":[0],"3":[0,0],"4":[0,0],"5":[0],"6":[0,0],"7":[12,0],"8":[0,12],"9":[0],"10":[0],"11":[12,0],"12":[0],"13":[12,12],"14":[0,0],"15":[1],"16":[3,3],"17":[2],"18":[0],"19":[3,3],"20":[2,1],"21":[1],"22":[0]}}
,"/home/boar/mg/libs/cached-query/src/CachedQuery/mongoosePlugin.ts": {"path":"/home/boar/mg/libs/cached-query/src/CachedQuery/mongoosePlugin.ts","statementMap":{"0":{"start":{"line":1,"column":0},"end":{"line":1,"column":null}},"1":{"start":{"line":23,"column":17},"end":{"line":27,"column":4}},"2":{"start":{"line":28,"column":17},"end":{"line":28,"column":19}},"3":{"start":{"line":30,"column":2},"end":{"line":32,"column":null}},"4":{"start":{"line":31,"column":4},"end":{"line":31,"column":25}},"5":{"start":{"line":33,"column":2},"end":{"line":33,"column":17}},"6":{"start":{"line":34,"column":2},"end":{"line":34,"column":16}},"7":{"start":{"line":38,"column":38},"end":{"line":38,"column":41}},"8":{"start":{"line":39,"column":24},"end":{"line":39,"column":53}},"9":{"start":{"line":40,"column":2},"end":{"line":40,"column":35}},"10":{"start":{"line":44,"column":39},"end":{"line":44,"column":44}},"11":{"start":{"line":45,"column":2},"end":{"line":45,"column":27}},"12":{"start":{"line":49,"column":39},"end":{"line":49,"column":44}},"13":{"start":{"line":50,"column":15},"end":{"line":50,"column":33}},"14":{"start":{"line":51,"column":2},"end":{"line":59,"column":4}},"15":{"start":{"line":62,"column":13},"end":{"line":62,"column":54}},"16":{"start":{"line":63,"column":16},"end":{"line":63,"column":57}},"17":{"start":{"line":71,"column":4},"end":{"line":71,"column":30}},"18":{"start":{"line":73,"column":2},"end":{"line":156,"column":4}},"19":{"start":{"line":75,"column":40},"end":{"line":75,"column":61}},"20":{"start":{"line":76,"column":6},"end":{"line":76,"column":29}},"21":{"start":{"line":76,"column":22},"end":{"line":76,"column":29}},"22":{"start":{"line":77,"column":6},"end":{"line":79,"column":null}},"23":{"start":{"line":78,"column":8},"end":{"line":78,"column":56}},"24":{"start":{"line":80,"column":6},"end":{"line":80,"column":67}},"25":{"start":{"line":84,"column":33},"end":{"line":84,"column":54}},"26":{"start":{"line":85,"column":6},"end":{"line":85,"column":54}},"27":{"start":{"line":89,"column":32},"end":{"line":89,"column":50}},"28":{"start":{"line":90,"column":18},"end":{"line":90,"column":57}},"29":{"start":{"line":91,"column":6},"end":{"line":94,"column":null}},"30":{"start":{"line":92,"column":8},"end":{"line":92,"column":49}},"31":{"start":{"line":93,"column":8},"end":{"line":93,"column":30}},"32":{"start":{"line":101,"column":46},"end":{"line":101,"column":50}},"33":{"start":{"line":102,"column":29},"end":{"line":102,"column":32}},"34":{"start":{"line":103,"column":6},"end":{"line":103,"column":61}},"35":{"start":{"line":103,"column":22},"end":{"line":103,"column":61}},"36":{"start":{"line":104,"column":6},"end":{"line":111,"column":null}},"37":{"start":{"line":105,"column":24},"end":{"line":105,"column":70}},"38":{"start":{"line":106,"column":8},"end":{"line":110,"column":11}},"39":{"start":{"line":115,"column":32},"end":{"line":115,"column":50}},"40":{"start":{"line":116,"column":18},"end":{"line":116,"column":57}},"41":{"start":{"line":117,"column":6},"end":{"line":119,"column":null}},"42":{"start":{"line":118,"column":8},"end":{"line":118,"column":49}},"43":{"start":{"line":123,"column":6},"end":{"line":123,"column":23}},"44":{"start":{"line":123,"column":16},"end":{"line":123,"column":23}},"45":{"start":{"line":124,"column":50},"end":{"line":124,"column":73}},"46":{"start":{"line":126,"column":6},"end":{"line":126,"column":58}},"47":{"start":{"line":128,"column":6},"end":{"line":136,"column":null}},"48":{"start":{"line":129,"column":8},"end":{"line":133,"column":null}},"49":{"start":{"line":130,"column":28},"end":{"line":130,"column":32}},"50":{"start":{"line":131,"column":10},"end":{"line":131,"column":61}},"51":{"start":{"line":132,"column":10},"end":{"line":132,"column":27}},"52":{"start":{"line":132,"column":20},"end":{"line":132,"column":27}},"53":{"start":{"line":134,"column":8},"end":{"line":134,"column":58}},"54":{"start":{"line":134,"column":37},"end":{"line":134,"column":58}},"55":{"start":{"line":135,"column":8},"end":{"line":135,"column":57}},"56":{"start":{"line":142,"column":28},"end":{"line":142,"column":32}},"57":{"start":{"line":143,"column":19},"end":{"line":144,"column":73}},"58":{"start":{"line":144,"column":32},"end":{"line":144,"column":72}},"59":{"start":{"line":145,"column":6},"end":{"line":145,"column":48}},"60":{"start":{"line":146,"column":6},"end":{"line":146,"column":13}},"61":{"start":{"line":149,"column":4},"end":{"line":149,"column":56}},"62":{"start":{"line":150,"column":4},"end":{"line":150,"column":60}},"63":{"start":{"line":151,"column":4},"end":{"line":151,"column":79}},"64":{"start":{"line":152,"column":4},"end":{"line":152,"column":81}},"65":{"start":{"line":153,"column":4},"end":{"line":153,"column":79}},"66":{"start":{"line":154,"column":4},"end":{"line":154,"column":94}},"67":{"start":{"line":155,"column":4},"end":{"line":155,"column":44}},"68":{"start":{"line":69,"column":0},"end":{"line":69,"column":24}}},"fnMap":{"0":{"name":"findIds","decl":{"start":{"line":22,"column":15},"end":{"line":22,"column":22}},"loc":{"start":{"line":22,"column":60},"end":{"line":35,"column":1}}},"1":{"name":"getDocumentInfo","decl":{"start":{"line":37,"column":9},"end":{"line":37,"column":24}},"loc":{"start":{"line":37,"column":44},"end":{"line":41,"column":1}}},"2":{"name":"getQueryInfo","decl":{"start":{"line":43,"column":9},"end":{"line":43,"column":21}},"loc":{"start":{"line":43,"column":40},"end":{"line":46,"column":1}}},"3":{"name":"getFindOneAndInfo","decl":{"start":{"line":48,"column":9},"end":{"line":48,"column":26}},"loc":{"start":{"line":48,"column":45},"end":{"line":60,"column":1}}},"4":{"name":"bindPlugin","decl":{"start":{"line":69,"column":24},"end":{"line":69,"column":34}},"loc":{"start":{"line":69,"column":62},"end":{"line":157,"column":1}}},"5":{"name":"effect","decl":{"start":{"line":70,"column":11},"end":{"line":70,"column":17}},"loc":{"start":{"line":70,"column":34},"end":{"line":72,"column":3}}},"6":{"name":"mondisPlugin","decl":{"start":{"line":73,"column":18},"end":{"line":73,"column":30}},"loc":{"start":{"line":73,"column":45},"end":{"line":156,"column":3}}},"7":{"name":"preDocSave","decl":{"start":{"line":74,"column":13},"end":{"line":74,"column":23}},"loc":{"start":{"line":74,"column":23},"end":{"line":81,"column":5}}},"8":{"name":"preDocRemove","decl":{"start":{"line":83,"column":13},"end":{"line":83,"column":25}},"loc":{"start":{"line":83,"column":25},"end":{"line":86,"column":5}}},"9":{"name":"preQueryUpdate","decl":{"start":{"line":88,"column":19},"end":{"line":88,"column":33}},"loc":{"start":{"line":88,"column":33},"end":{"line":95,"column":5}}},"10":{"name":"postQueryUpdate","decl":{"start":{"line":97,"column":19},"end":{"line":97,"column":34}},"loc":{"start":{"line":99,"column":30},"end":{"line":112,"column":5}}},"11":{"name":"preQueryRemove","decl":{"start":{"line":114,"column":19},"end":{"line":114,"column":33}},"loc":{"start":{"line":114,"column":33},"end":{"line":120,"column":5}}},"12":{"name":"postFindOneAnd","decl":{"start":{"line":122,"column":19},"end":{"line":122,"column":33}},"loc":{"start":{"line":122,"column":96},"end":{"line":137,"column":5}}},"13":{"name":"preInsertMany","decl":{"start":{"line":139,"column":13},"end":{"line":139,"column":26}},"loc":{"start":{"line":139,"column":81},"end":{"line":147,"column":5}}},"14":{"name":"(anonymous_14)","decl":{"start":{"line":144,"column":13},"end":{"line":144,"column":14}},"loc":{"start":{"line":144,"column":32},"end":{"line":144,"column":72}}}},"branchMap":{"0":{"loc":{"start":{"line":22,"column":43},"end":{"line":22,"column":60}},"type":"default-arg","locations":[{"start":{"line":22,"column":55},"end":{"line":22,"column":60}}]},"1":{"loc":{"start":{"line":26,"column":8},"end":{"line":26,"column":33}},"type":"binary-expr","locations":[{"start":{"line":26,"column":8},"end":{"line":26,"column":17}},{"start":{"line":26,"column":21},"end":{"line":26,"column":33}}]},"2":{"loc":{"start":{"line":55,"column":6},"end":{"line":57,"column":40}},"type":"binary-expr","locations":[{"start":{"line":55,"column":6},"end":{"line":55,"column":14}},{"start":{"line":56,"column":9},"end":{"line":56,"column":38}},{"start":{"line":57,"column":9},"end":{"line":57,"column":40}}]},"3":{"loc":{"start":{"line":76,"column":6},"end":{"line":76,"column":29}},"type":"if","locations":[{"start":{"line":76,"column":6},"end":{"line":76,"column":29}}]},"4":{"loc":{"start":{"line":77,"column":6},"end":{"line":79,"column":null}},"type":"if","locations":[{"start":{"line":77,"column":6},"end":{"line":79,"column":null}}]},"5":{"loc":{"start":{"line":91,"column":6},"end":{"line":94,"column":null}},"type":"if","locations":[{"start":{"line":91,"column":6},"end":{"line":94,"column":null}}]},"6":{"loc":{"start":{"line":101,"column":33},"end":{"line":101,"column":41}},"type":"default-arg","locations":[{"start":{"line":101,"column":39},"end":{"line":101,"column":41}}]},"7":{"loc":{"start":{"line":103,"column":6},"end":{"line":103,"column":61}},"type":"if","locations":[{"start":{"line":103,"column":6},"end":{"line":103,"column":61}}]},"8":{"loc":{"start":{"line":104,"column":6},"end":{"line":111,"column":null}},"type":"if","locations":[{"start":{"line":104,"column":6},"end":{"line":111,"column":null}}]},"9":{"loc":{"start":{"line":104,"column":10},"end":{"line":104,"column":27}},"type":"binary-expr","locations":[{"start":{"line":104,"column":10},"end":{"line":104,"column":13}},{"start":{"line":104,"column":17},"end":{"line":104,"column":27}}]},"10":{"loc":{"start":{"line":117,"column":6},"end":{"line":119,"column":null}},"type":"if","locations":[{"start":{"line":117,"column":6},"end":{"line":119,"column":null}}]},"11":{"loc":{"start":{"line":123,"column":6},"end":{"line":123,"column":23}},"type":"if","locations":[{"start":{"line":123,"column":6},"end":{"line":123,"column":23}}]},"12":{"loc":{"start":{"line":128,"column":6},"end":{"line":136,"column":null}},"type":"if","locations":[{"start":{"line":128,"column":6},"end":{"line":136,"column":null}}]},"13":{"loc":{"start":{"line":129,"column":8},"end":{"line":133,"column":null}},"type":"if","locations":[{"start":{"line":129,"column":8},"end":{"line":133,"column":null}}]},"14":{"loc":{"start":{"line":132,"column":10},"end":{"line":132,"column":27}},"type":"if","locations":[{"start":{"line":132,"column":10},"end":{"line":132,"column":27}}]},"15":{"loc":{"start":{"line":134,"column":8},"end":{"line":134,"column":58}},"type":"if","locations":[{"start":{"line":134,"column":8},"end":{"line":134,"column":58}}]},"16":{"loc":{"start":{"line":143,"column":20},"end":{"line":143,"column":58}},"type":"cond-expr","locations":[{"start":{"line":143,"column":43},"end":{"line":143,"column":48}},{"start":{"line":143,"column":51},"end":{"line":143,"column":58}}]}},"s":{"0":1,"1":1,"2":1,"3":1,"4":1,"5":1,"6":1,"7":2,"8":2,"9":2,"10":1,"11":1,"12":0,"13":0,"14":0,"15":1,"16":1,"17":4,"18":1,"19":2,"20":2,"21":0,"22":2,"23":0,"24":2,"25":0,"26":0,"27":0,"28":0,"29":0,"30":0,"31":0,"32":0,"33":0,"34":0,"35":0,"36":0,"37":0,"38":0,"39":1,"40":1,"41":1,"42":1,"43":0,"44":0,"45":0,"46":0,"47":0,"48":0,"49":0,"50":0,"51":0,"52":0,"53":0,"54":0,"55":0,"56":1,"57":1,"58":6,"59":1,"60":1,"61":1,"62":1,"63":1,"64":1,"65":1,"66":1,"67":1,"68":1},"f":{"0":1,"1":2,"2":1,"3":0,"4":1,"5":4,"6":1,"7":2,"8":0,"9":0,"10":0,"11":1,"12":0,"13":1,"14":6},"b":{"0":[0],"1":[1,1],"2":[0,0,0],"3":[0],"4":[0],"5":[0],"6":[0],"7":[0],"8":[0],"9":[0,0],"10":[1],"11":[0],"12":[0],"13":[0],"14":[0],"15":[0],"16":[1,0]}}
}
