{"/home/boar/mg/libs/mondis/src/mondis.ts": {"path":"/home/boar/mg/libs/mondis/src/mondis.ts","statementMap":{"0":{"start":{"line":5,"column":0},"end":{"line":5,"column":40}},"1":{"start":{"line":6,"column":0},"end":{"line":6,"column":69}},"2":{"start":{"line":7,"column":0},"end":{"line":7,"column":68}},"3":{"start":{"line":29,"column":17},"end":{"line":93,"column":2}},"4":{"start":{"line":96,"column":2},"end":{"line":96,"column":45}},"5":{"start":{"line":96,"column":14},"end":{"line":96,"column":45}},"6":{"start":{"line":97,"column":2},"end":{"line":97,"column":73}},"7":{"start":{"line":97,"column":33},"end":{"line":97,"column":73}},"8":{"start":{"line":98,"column":22},"end":{"line":101,"column":4}},"9":{"start":{"line":99,"column":4},"end":{"line":99,"column":55}},"10":{"start":{"line":99,"column":14},"end":{"line":99,"column":55}},"11":{"start":{"line":100,"column":4},"end":{"line":100,"column":69}},"12":{"start":{"line":102,"column":2},"end":{"line":102,"column":62}},"13":{"start":{"line":115,"column":4},"end":{"line":115,"column":22}},"14":{"start":{"line":116,"column":4},"end":{"line":116,"column":61}},"15":{"start":{"line":117,"column":4},"end":{"line":117,"column":53}},"16":{"start":{"line":122,"column":32},"end":{"line":122,"column":39}},"17":{"start":{"line":123,"column":4},"end":{"line":128,"column":null}},"18":{"start":{"line":124,"column":6},"end":{"line":126,"column":9}},"19":{"start":{"line":125,"column":8},"end":{"line":125,"column":40}},"20":{"start":{"line":127,"column":6},"end":{"line":127,"column":26}},"21":{"start":{"line":129,"column":4},"end":{"line":129,"column":44}},"22":{"start":{"line":129,"column":18},"end":{"line":129,"column":44}},"23":{"start":{"line":133,"column":4},"end":{"line":133,"column":40}},"24":{"start":{"line":137,"column":4},"end":{"line":137,"column":83}},"25":{"start":{"line":137,"column":22},"end":{"line":137,"column":83}},"26":{"start":{"line":138,"column":4},"end":{"line":138,"column":23}},"27":{"start":{"line":142,"column":4},"end":{"line":142,"column":89}},"28":{"start":{"line":142,"column":25},"end":{"line":142,"column":89}},"29":{"start":{"line":143,"column":4},"end":{"line":143,"column":26}},"30":{"start":{"line":147,"column":0},"end":{"line":147,"column":22}}},"fnMap":{"0":{"name":"buildCachedQueryMap","decl":{"start":{"line":95,"column":9},"end":{"line":95,"column":28}},"loc":{"start":{"line":95,"column":62},"end":{"line":103,"column":1}}},"1":{"name":"(anonymous_2)","decl":{"start":{"line":98,"column":48},"end":{"line":98,"column":49}},"loc":{"start":{"line":98,"column":64},"end":{"line":101,"column":3}}},"2":{"name":"(anonymous_3)","decl":{"start":{"line":114,"column":2},"end":{"line":114,"column":14}},"loc":{"start":{"line":114,"column":49},"end":{"line":118,"column":3}}},"3":{"name":"(anonymous_4)","decl":{"start":{"line":120,"column":2},"end":{"line":120,"column":6}},"loc":{"start":{"line":120,"column":54},"end":{"line":130,"column":3}}},"4":{"name":"(anonymous_5)","decl":{"start":{"line":124,"column":39},"end":{"line":124,"column":40}},"loc":{"start":{"line":124,"column":56},"end":{"line":126,"column":7}}},"5":{"name":"(anonymous_6)","decl":{"start":{"line":132,"column":2},"end":{"line":132,"column":8}},"loc":{"start":{"line":132,"column":8},"end":{"line":134,"column":3}}},"6":{"name":"(anonymous_7)","decl":{"start":{"line":136,"column":2},"end":{"line":136,"column":6}},"loc":{"start":{"line":136,"column":11},"end":{"line":139,"column":3}}},"7":{"name":"(anonymous_8)","decl":{"start":{"line":141,"column":2},"end":{"line":141,"column":6}},"loc":{"start":{"line":141,"column":14},"end":{"line":144,"column":3}}}},"branchMap":{"0":{"loc":{"start":{"line":96,"column":2},"end":{"line":96,"column":45}},"type":"if","locations":[{"start":{"line":96,"column":2},"end":{"line":96,"column":45}}]},"1":{"loc":{"start":{"line":97,"column":2},"end":{"line":97,"column":73}},"type":"if","locations":[{"start":{"line":97,"column":2},"end":{"line":97,"column":73}}]},"2":{"loc":{"start":{"line":99,"column":4},"end":{"line":99,"column":55}},"type":"if","locations":[{"start":{"line":99,"column":4},"end":{"line":99,"column":55}}]},"3":{"loc":{"start":{"line":114,"column":14},"end":{"line":114,"column":49}},"type":"default-arg","locations":[{"start":{"line":114,"column":47},"end":{"line":114,"column":49}}]},"4":{"loc":{"start":{"line":123,"column":4},"end":{"line":128,"column":null}},"type":"if","locations":[{"start":{"line":123,"column":4},"end":{"line":128,"column":null}}]},"5":{"loc":{"start":{"line":129,"column":4},"end":{"line":129,"column":44}},"type":"if","locations":[{"start":{"line":129,"column":4},"end":{"line":129,"column":44}}]},"6":{"loc":{"start":{"line":137,"column":4},"end":{"line":137,"column":83}},"type":"if","locations":[{"start":{"line":137,"column":4},"end":{"line":137,"column":83}}]},"7":{"loc":{"start":{"line":142,"column":4},"end":{"line":142,"column":89}},"type":"if","locations":[{"start":{"line":142,"column":4},"end":{"line":142,"column":89}}]}},"s":{"0":2,"1":2,"2":2,"3":2,"4":23,"5":0,"6":23,"7":0,"8":23,"9":276,"10":0,"11":276,"12":23,"13":23,"14":23,"15":23,"16":23,"17":23,"18":23,"19":69,"20":23,"21":23,"22":23,"23":23,"24":262,"25":0,"26":262,"27":152,"28":0,"29":152,"30":2},"f":{"0":23,"1":276,"2":23,"3":23,"4":69,"5":23,"6":262,"7":152},"b":{"0":[0],"1":[0],"2":[0],"3":[0],"4":[23],"5":[23],"6":[0],"7":[0]}}
,"/home/boar/mg/libs/mondis/src/CachedQuery/config.ts": {"path":"/home/boar/mg/libs/mondis/src/CachedQuery/config.ts","statementMap":{"0":{"start":{"line":51,"column":2},"end":{"line":59,"column":5}},"1":{"start":{"line":52,"column":40},"end":{"line":52,"column":46}},"2":{"start":{"line":53,"column":4},"end":{"line":58,"column":6}},"3":{"start":{"line":63,"column":28},"end":{"line":64,"column":null}},"4":{"start":{"line":64,"column":22},"end":{"line":64,"column":50}},"5":{"start":{"line":66,"column":2},"end":{"line":66,"column":40}},"6":{"start":{"line":66,"column":26},"end":{"line":66,"column":40}},"7":{"start":{"line":67,"column":2},"end":{"line":72,"column":4}},"8":{"start":{"line":70,"column":42},"end":{"line":70,"column":51}},"9":{"start":{"line":90,"column":6},"end":{"line":90,"column":12}},"10":{"start":{"line":91,"column":34},"end":{"line":102,"column":4}},"11":{"start":{"line":103,"column":2},"end":{"line":103,"column":43}},"12":{"start":{"line":75,"column":0},"end":{"line":75,"column":16}}},"fnMap":{"0":{"name":"transformPopulate","decl":{"start":{"line":50,"column":9},"end":{"line":50,"column":26}},"loc":{"start":{"line":50,"column":49},"end":{"line":60,"column":1}}},"1":{"name":"(anonymous_1)","decl":{"start":{"line":51,"column":35},"end":{"line":51,"column":36}},"loc":{"start":{"line":51,"column":54},"end":{"line":59,"column":3}}},"2":{"name":"selectPopulations","decl":{"start":{"line":62,"column":9},"end":{"line":62,"column":26}},"loc":{"start":{"line":62,"column":77},"end":{"line":73,"column":1}}},"3":{"name":"(anonymous_3)","decl":{"start":{"line":64,"column":4},"end":{"line":64,"column":5}},"loc":{"start":{"line":64,"column":22},"end":{"line":64,"column":50}}},"4":{"name":"(anonymous_4)","decl":{"start":{"line":70,"column":32},"end":{"line":70,"column":33}},"loc":{"start":{"line":70,"column":42},"end":{"line":70,"column":51}}},"5":{"name":"parseConfig","decl":{"start":{"line":75,"column":16},"end":{"line":75,"column":27}},"loc":{"start":{"line":78,"column":24},"end":{"line":104,"column":1}}}},"branchMap":{"0":{"loc":{"start":{"line":56,"column":10},"end":{"line":56,"column":34}},"type":"cond-expr","locations":[{"start":{"line":56,"column":19},"end":{"line":56,"column":29}},{"start":{"line":56,"column":32},"end":{"line":56,"column":34}}]},"1":{"loc":{"start":{"line":57,"column":10},"end":{"line":57,"column":67}},"type":"cond-expr","locations":[{"start":{"line":57,"column":21},"end":{"line":57,"column":62}},{"start":{"line":57,"column":65},"end":{"line":57,"column":67}}]},"2":{"loc":{"start":{"line":64,"column":22},"end":{"line":64,"column":50}},"type":"binary-expr","locations":[{"start":{"line":64,"column":22},"end":{"line":64,"column":32}},{"start":{"line":64,"column":36},"end":{"line":64,"column":50}}]},"3":{"loc":{"start":{"line":66,"column":2},"end":{"line":66,"column":40}},"type":"if","locations":[{"start":{"line":66,"column":2},"end":{"line":66,"column":40}}]},"4":{"loc":{"start":{"line":82,"column":4},"end":{"line":82,"column":15}},"type":"default-arg","locations":[{"start":{"line":82,"column":13},"end":{"line":82,"column":15}}]},"5":{"loc":{"start":{"line":83,"column":4},"end":{"line":83,"column":17}},"type":"default-arg","locations":[{"start":{"line":83,"column":15},"end":{"line":83,"column":17}}]},"6":{"loc":{"start":{"line":84,"column":4},"end":{"line":84,"column":15}},"type":"default-arg","locations":[{"start":{"line":84,"column":11},"end":{"line":84,"column":15}}]},"7":{"loc":{"start":{"line":85,"column":4},"end":{"line":85,"column":25}},"type":"default-arg","locations":[{"start":{"line":85,"column":17},"end":{"line":85,"column":25}}]},"8":{"loc":{"start":{"line":86,"column":4},"end":{"line":86,"column":25}},"type":"default-arg","locations":[{"start":{"line":86,"column":13},"end":{"line":86,"column":25}}]},"9":{"loc":{"start":{"line":87,"column":4},"end":{"line":87,"column":18}},"type":"default-arg","locations":[{"start":{"line":87,"column":13},"end":{"line":87,"column":18}}]},"10":{"loc":{"start":{"line":88,"column":4},"end":{"line":88,"column":29}},"type":"default-arg","locations":[{"start":{"line":88,"column":25},"end":{"line":88,"column":29}}]},"11":{"loc":{"start":{"line":89,"column":4},"end":{"line":89,"column":20}},"type":"default-arg","locations":[{"start":{"line":89,"column":16},"end":{"line":89,"column":20}}]}},"s":{"0":276,"1":46,"2":46,"3":276,"4":414,"5":276,"6":23,"7":253,"8":46,"9":276,"10":276,"11":276,"12":2},"f":{"0":276,"1":46,"2":276,"3":414,"4":46,"5":276},"b":{"0":[23,23],"1":[0,46],"2":[414,23],"3":[23],"4":[23],"5":[230],"6":[253],"7":[228],"8":[276],"9":[253],"10":[253],"11":[276]}}
,"/home/boar/mg/libs/mondis/src/CachedQuery/index.ts": {"path":"/home/boar/mg/libs/mondis/src/CachedQuery/index.ts","statementMap":{"0":{"start":{"line":1,"column":0},"end":{"line":1,"column":53}},"1":{"start":{"line":10,"column":0},"end":{"line":10,"column":null}},"2":{"start":{"line":31,"column":13},"end":{"line":31,"column":31}},"3":{"start":{"line":32,"column":13},"end":{"line":32,"column":24}},"4":{"start":{"line":33,"column":13},"end":{"line":33,"column":35}},"5":{"start":{"line":37,"column":4},"end":{"line":37,"column":57}},"6":{"start":{"line":41,"column":4},"end":{"line":41,"column":78}},"7":{"start":{"line":52,"column":13},"end":{"line":52,"column":28}},"8":{"start":{"line":53,"column":13},"end":{"line":53,"column":44}},"9":{"start":{"line":57,"column":40},"end":{"line":57,"column":44}},"10":{"start":{"line":58,"column":28},"end":{"line":58,"column":76}},"11":{"start":{"line":59,"column":4},"end":{"line":61,"column":null}},"12":{"start":{"line":60,"column":6},"end":{"line":60,"column":104}},"13":{"start":{"line":62,"column":22},"end":{"line":62,"column":45}},"14":{"start":{"line":63,"column":4},"end":{"line":63,"column":35}},"15":{"start":{"line":67,"column":25},"end":{"line":67,"column":37}},"16":{"start":{"line":68,"column":54},"end":{"line":68,"column":65}},"17":{"start":{"line":69,"column":45},"end":{"line":69,"column":66}},"18":{"start":{"line":70,"column":14},"end":{"line":70,"column":50}},"19":{"start":{"line":71,"column":4},"end":{"line":77,"column":null}},"20":{"start":{"line":72,"column":6},"end":{"line":72,"column":17}},"21":{"start":{"line":74,"column":6},"end":{"line":74,"column":29}},"22":{"start":{"line":74,"column":16},"end":{"line":74,"column":29}},"23":{"start":{"line":75,"column":6},"end":{"line":75,"column":29}},"24":{"start":{"line":75,"column":16},"end":{"line":75,"column":29}},"25":{"start":{"line":76,"column":6},"end":{"line":76,"column":54}},"26":{"start":{"line":76,"column":39},"end":{"line":76,"column":54}},"27":{"start":{"line":78,"column":4},"end":{"line":78,"column":33}},"28":{"start":{"line":78,"column":16},"end":{"line":78,"column":33}},"29":{"start":{"line":79,"column":4},"end":{"line":79,"column":46}},"30":{"start":{"line":79,"column":25},"end":{"line":79,"column":46}},"31":{"start":{"line":80,"column":4},"end":{"line":80,"column":13}},"32":{"start":{"line":84,"column":4},"end":{"line":84,"column":48}},"33":{"start":{"line":88,"column":17},"end":{"line":88,"column":76}},"34":{"start":{"line":89,"column":4},"end":{"line":89,"column":50}},"35":{"start":{"line":96,"column":22},"end":{"line":96,"column":34}},"36":{"start":{"line":97,"column":51},"end":{"line":97,"column":55}},"37":{"start":{"line":98,"column":4},"end":{"line":123,"column":null}},"38":{"start":{"line":99,"column":19},"end":{"line":99,"column":36}},"39":{"start":{"line":100,"column":21},"end":{"line":100,"column":57}},"40":{"start":{"line":100,"column":41},"end":{"line":100,"column":56}},"41":{"start":{"line":101,"column":27},"end":{"line":101,"column":64}},"42":{"start":{"line":102,"column":21},"end":{"line":102,"column":32}},"43":{"start":{"line":104,"column":20},"end":{"line":104,"column":33}},"44":{"start":{"line":105,"column":6},"end":{"line":105,"column":26}},"45":{"start":{"line":106,"column":6},"end":{"line":106,"column":38}},"46":{"start":{"line":107,"column":6},"end":{"line":107,"column":50}},"47":{"start":{"line":108,"column":6},"end":{"line":108,"column":56}},"48":{"start":{"line":109,"column":6},"end":{"line":109,"column":35}},"49":{"start":{"line":110,"column":6},"end":{"line":110,"column":39}},"50":{"start":{"line":111,"column":6},"end":{"line":111,"column":37}},"51":{"start":{"line":112,"column":6},"end":{"line":115,"column":9}},"52":{"start":{"line":113,"column":8},"end":{"line":113,"column":40}},"53":{"start":{"line":114,"column":8},"end":{"line":114,"column":42}},"54":{"start":{"line":116,"column":6},"end":{"line":119,"column":9}},"55":{"start":{"line":117,"column":8},"end":{"line":117,"column":40}},"56":{"start":{"line":118,"column":8},"end":{"line":118,"column":42}},"57":{"start":{"line":120,"column":6},"end":{"line":120,"column":25}},"58":{"start":{"line":127,"column":17},"end":{"line":127,"column":38}},"59":{"start":{"line":128,"column":22},"end":{"line":128,"column":34}},"60":{"start":{"line":129,"column":35},"end":{"line":129,"column":46}},"61":{"start":{"line":130,"column":59},"end":{"line":130,"column":68}},"62":{"start":{"line":133,"column":4},"end":{"line":135,"column":null}},"63":{"start":{"line":134,"column":6},"end":{"line":134,"column":50}},"64":{"start":{"line":137,"column":30},"end":{"line":137,"column":34}},"65":{"start":{"line":138,"column":4},"end":{"line":147,"column":null}},"66":{"start":{"line":139,"column":6},"end":{"line":146,"column":null}},"67":{"start":{"line":140,"column":21},"end":{"line":140,"column":58}},"68":{"start":{"line":141,"column":8},"end":{"line":143,"column":null}},"69":{"start":{"line":142,"column":10},"end":{"line":142,"column":59}},"70":{"start":{"line":148,"column":4},"end":{"line":157,"column":null}},"71":{"start":{"line":149,"column":6},"end":{"line":149,"column":78}},"72":{"start":{"line":154,"column":6},"end":{"line":156,"column":null}},"73":{"start":{"line":155,"column":8},"end":{"line":155,"column":49}},"74":{"start":{"line":158,"column":4},"end":{"line":158,"column":47}},"75":{"start":{"line":158,"column":16},"end":{"line":158,"column":47}},"76":{"start":{"line":159,"column":4},"end":{"line":159,"column":45}},"77":{"start":{"line":163,"column":21},"end":{"line":163,"column":63}},"78":{"start":{"line":164,"column":19},"end":{"line":164,"column":44}},"79":{"start":{"line":165,"column":4},"end":{"line":165,"column":29}},"80":{"start":{"line":169,"column":17},"end":{"line":169,"column":38}},"81":{"start":{"line":170,"column":27},"end":{"line":170,"column":38}},"82":{"start":{"line":175,"column":4},"end":{"line":184,"column":null}},"83":{"start":{"line":176,"column":30},"end":{"line":176,"column":39}},"84":{"start":{"line":178,"column":25},"end":{"line":178,"column":84}},"85":{"start":{"line":179,"column":21},"end":{"line":179,"column":58}},"86":{"start":{"line":180,"column":6},"end":{"line":183,"column":8}},"87":{"start":{"line":185,"column":4},"end":{"line":188,"column":7}},"88":{"start":{"line":192,"column":17},"end":{"line":192,"column":38}},"89":{"start":{"line":193,"column":22},"end":{"line":193,"column":34}},"90":{"start":{"line":194,"column":67},"end":{"line":194,"column":71}},"91":{"start":{"line":195,"column":4},"end":{"line":198,"column":null}},"92":{"start":{"line":196,"column":25},"end":{"line":196,"column":84}},"93":{"start":{"line":197,"column":6},"end":{"line":197,"column":31}},"94":{"start":{"line":200,"column":4},"end":{"line":206,"column":null}},"95":{"start":{"line":201,"column":6},"end":{"line":205,"column":null}},"96":{"start":{"line":202,"column":8},"end":{"line":202,"column":52}},"97":{"start":{"line":207,"column":4},"end":{"line":214,"column":null}},"98":{"start":{"line":208,"column":6},"end":{"line":208,"column":52}},"99":{"start":{"line":209,"column":6},"end":{"line":213,"column":null}},"100":{"start":{"line":210,"column":8},"end":{"line":210,"column":51}},"101":{"start":{"line":215,"column":4},"end":{"line":215,"column":67}},"102":{"start":{"line":219,"column":4},"end":{"line":219,"column":53}},"103":{"start":{"line":219,"column":40},"end":{"line":219,"column":53}},"104":{"start":{"line":220,"column":22},"end":{"line":220,"column":33}},"105":{"start":{"line":221,"column":35},"end":{"line":221,"column":80}},"106":{"start":{"line":222,"column":4},"end":{"line":225,"column":null}},"107":{"start":{"line":223,"column":21},"end":{"line":223,"column":90}},"108":{"start":{"line":224,"column":6},"end":{"line":224,"column":81}},"109":{"start":{"line":226,"column":4},"end":{"line":226,"column":64}},"110":{"start":{"line":234,"column":4},"end":{"line":242,"column":null}},"111":{"start":{"line":235,"column":24},"end":{"line":235,"column":35}},"112":{"start":{"line":236,"column":6},"end":{"line":241,"column":null}},"113":{"start":{"line":237,"column":8},"end":{"line":237,"column":43}},"114":{"start":{"line":239,"column":23},"end":{"line":239,"column":86}},"115":{"start":{"line":239,"column":69},"end":{"line":239,"column":80}},"116":{"start":{"line":240,"column":8},"end":{"line":240,"column":75}},"117":{"start":{"line":243,"column":4},"end":{"line":243,"column":22}},"118":{"start":{"line":247,"column":0},"end":{"line":247,"column":27}}},"fnMap":{"0":{"name":"(anonymous_0)","decl":{"start":{"line":30,"column":2},"end":{"line":30,"column":null}},"loc":{"start":{"line":33,"column":35},"end":{"line":34,"column":7}}},"1":{"name":"(anonymous_1)","decl":{"start":{"line":36,"column":2},"end":{"line":36,"column":7}},"loc":{"start":{"line":36,"column":30},"end":{"line":38,"column":3}}},"2":{"name":"(anonymous_2)","decl":{"start":{"line":40,"column":2},"end":{"line":40,"column":8}},"loc":{"start":{"line":40,"column":31},"end":{"line":42,"column":3}}},"3":{"name":"(anonymous_3)","decl":{"start":{"line":51,"column":2},"end":{"line":51,"column":null}},"loc":{"start":{"line":53,"column":44},"end":{"line":54,"column":7}}},"4":{"name":"(anonymous_4)","decl":{"start":{"line":56,"column":2},"end":{"line":56,"column":13}},"loc":{"start":{"line":56,"column":36},"end":{"line":64,"column":3}}},"5":{"name":"(anonymous_5)","decl":{"start":{"line":66,"column":10},"end":{"line":66,"column":20}},"loc":{"start":{"line":66,"column":47},"end":{"line":81,"column":3}}},"6":{"name":"(anonymous_6)","decl":{"start":{"line":83,"column":2},"end":{"line":83,"column":7}},"loc":{"start":{"line":83,"column":44},"end":{"line":85,"column":3}}},"7":{"name":"(anonymous_7)","decl":{"start":{"line":87,"column":2},"end":{"line":87,"column":7}},"loc":{"start":{"line":87,"column":45},"end":{"line":90,"column":3}}},"8":{"name":"(anonymous_8)","decl":{"start":{"line":95,"column":10},"end":{"line":95,"column":15}},"loc":{"start":{"line":95,"column":63},"end":{"line":124,"column":3}}},"9":{"name":"(anonymous_9)","decl":{"start":{"line":100,"column":32},"end":{"line":100,"column":33}},"loc":{"start":{"line":100,"column":41},"end":{"line":100,"column":56}}},"10":{"name":"(anonymous_10)","decl":{"start":{"line":112,"column":21},"end":{"line":112,"column":22}},"loc":{"start":{"line":112,"column":28},"end":{"line":115,"column":7}}},"11":{"name":"(anonymous_11)","decl":{"start":{"line":116,"column":27},"end":{"line":116,"column":28}},"loc":{"start":{"line":116,"column":34},"end":{"line":119,"column":7}}},"12":{"name":"(anonymous_12)","decl":{"start":{"line":126,"column":2},"end":{"line":126,"column":7}},"loc":{"start":{"line":126,"column":39},"end":{"line":160,"column":3}}},"13":{"name":"(anonymous_13)","decl":{"start":{"line":162,"column":2},"end":{"line":162,"column":7}},"loc":{"start":{"line":162,"column":42},"end":{"line":166,"column":3}}},"14":{"name":"(anonymous_14)","decl":{"start":{"line":168,"column":2},"end":{"line":168,"column":7}},"loc":{"start":{"line":168,"column":48},"end":{"line":189,"column":3}}},"15":{"name":"(anonymous_15)","decl":{"start":{"line":191,"column":2},"end":{"line":191,"column":7}},"loc":{"start":{"line":191,"column":40},"end":{"line":216,"column":3}}},"16":{"name":"(anonymous_16)","decl":{"start":{"line":218,"column":10},"end":{"line":218,"column":19}},"loc":{"start":{"line":218,"column":46},"end":{"line":227,"column":3}}},"17":{"name":"(anonymous_17)","decl":{"start":{"line":233,"column":2},"end":{"line":233,"column":6}},"loc":{"start":{"line":233,"column":10},"end":{"line":244,"column":3}}},"18":{"name":"(anonymous_18)","decl":{"start":{"line":239,"column":58},"end":{"line":239,"column":59}},"loc":{"start":{"line":239,"column":69},"end":{"line":239,"column":80}}}},"branchMap":{"0":{"loc":{"start":{"line":56,"column":14},"end":{"line":56,"column":36}},"type":"default-arg","locations":[{"start":{"line":56,"column":34},"end":{"line":56,"column":36}}]},"1":{"loc":{"start":{"line":58,"column":28},"end":{"line":58,"column":76}},"type":"cond-expr","locations":[{"start":{"line":58,"column":60},"end":{"line":58,"column":72}},{"start":{"line":58,"column":75},"end":{"line":58,"column":76}}]},"2":{"loc":{"start":{"line":59,"column":4},"end":{"line":61,"column":null}},"type":"if","locations":[{"start":{"line":59,"column":4},"end":{"line":61,"column":null}}]},"3":{"loc":{"start":{"line":71,"column":4},"end":{"line":77,"column":null}},"type":"if","locations":[{"start":{"line":71,"column":4},"end":{"line":77,"column":null}},{"start":{"line":73,"column":11},"end":{"line":77,"column":null}}]},"4":{"loc":{"start":{"line":74,"column":6},"end":{"line":74,"column":29}},"type":"if","locations":[{"start":{"line":74,"column":6},"end":{"line":74,"column":29}}]},"5":{"loc":{"start":{"line":75,"column":6},"end":{"line":75,"column":29}},"type":"if","locations":[{"start":{"line":75,"column":6},"end":{"line":75,"column":29}}]},"6":{"loc":{"start":{"line":76,"column":6},"end":{"line":76,"column":54}},"type":"if","locations":[{"start":{"line":76,"column":6},"end":{"line":76,"column":54}}]},"7":{"loc":{"start":{"line":76,"column":10},"end":{"line":76,"column":37}},"type":"binary-expr","locations":[{"start":{"line":76,"column":10},"end":{"line":76,"column":15}},{"start":{"line":76,"column":19},"end":{"line":76,"column":37}}]},"8":{"loc":{"start":{"line":78,"column":4},"end":{"line":78,"column":33}},"type":"if","locations":[{"start":{"line":78,"column":4},"end":{"line":78,"column":33}}]},"9":{"loc":{"start":{"line":79,"column":4},"end":{"line":79,"column":46}},"type":"if","locations":[{"start":{"line":79,"column":4},"end":{"line":79,"column":46}}]},"10":{"loc":{"start":{"line":130,"column":12},"end":{"line":130,"column":20}},"type":"default-arg","locations":[{"start":{"line":130,"column":19},"end":{"line":130,"column":20}}]},"11":{"loc":{"start":{"line":130,"column":29},"end":{"line":130,"column":46}},"type":"default-arg","locations":[{"start":{"line":130,"column":41},"end":{"line":130,"column":46}}]},"12":{"loc":{"start":{"line":133,"column":4},"end":{"line":135,"column":null}},"type":"if","locations":[{"start":{"line":133,"column":4},"end":{"line":135,"column":null}}]},"13":{"loc":{"start":{"line":133,"column":8},"end":{"line":133,"column":96}},"type":"binary-expr","locations":[{"start":{"line":133,"column":9},"end":{"line":133,"column":30}},{"start":{"line":133,"column":34},"end":{"line":133,"column":53}},{"start":{"line":133,"column":59},"end":{"line":133,"column":64}},{"start":{"line":133,"column":68},"end":{"line":133,"column":95}}]},"14":{"loc":{"start":{"line":138,"column":4},"end":{"line":147,"column":null}},"type":"if","locations":[{"start":{"line":138,"column":4},"end":{"line":147,"column":null}}]},"15":{"loc":{"start":{"line":141,"column":8},"end":{"line":143,"column":null}},"type":"if","locations":[{"start":{"line":141,"column":8},"end":{"line":143,"column":null}}]},"16":{"loc":{"start":{"line":148,"column":4},"end":{"line":157,"column":null}},"type":"if","locations":[{"start":{"line":148,"column":4},"end":{"line":157,"column":null}}]},"17":{"loc":{"start":{"line":154,"column":6},"end":{"line":156,"column":null}},"type":"if","locations":[{"start":{"line":154,"column":6},"end":{"line":156,"column":null}}]},"18":{"loc":{"start":{"line":154,"column":10},"end":{"line":154,"column":38}},"type":"binary-expr","locations":[{"start":{"line":154,"column":10},"end":{"line":154,"column":27}},{"start":{"line":154,"column":31},"end":{"line":154,"column":38}}]},"19":{"loc":{"start":{"line":158,"column":4},"end":{"line":158,"column":47}},"type":"if","locations":[{"start":{"line":158,"column":4},"end":{"line":158,"column":47}}]},"20":{"loc":{"start":{"line":165,"column":11},"end":{"line":165,"column":28}},"type":"binary-expr","locations":[{"start":{"line":165,"column":11},"end":{"line":165,"column":20}},{"start":{"line":165,"column":24},"end":{"line":165,"column":28}}]},"21":{"loc":{"start":{"line":175,"column":4},"end":{"line":184,"column":null}},"type":"if","locations":[{"start":{"line":175,"column":4},"end":{"line":184,"column":null}}]},"22":{"loc":{"start":{"line":194,"column":43},"end":{"line":194,"column":60}},"type":"default-arg","locations":[{"start":{"line":194,"column":55},"end":{"line":194,"column":60}}]},"23":{"loc":{"start":{"line":195,"column":4},"end":{"line":198,"column":null}},"type":"if","locations":[{"start":{"line":195,"column":4},"end":{"line":198,"column":null}}]},"24":{"loc":{"start":{"line":200,"column":4},"end":{"line":206,"column":null}},"type":"if","locations":[{"start":{"line":200,"column":4},"end":{"line":206,"column":null}}]},"25":{"loc":{"start":{"line":207,"column":4},"end":{"line":214,"column":null}},"type":"if","locations":[{"start":{"line":207,"column":4},"end":{"line":214,"column":null}}]},"26":{"loc":{"start":{"line":215,"column":11},"end":{"line":215,"column":66}},"type":"cond-expr","locations":[{"start":{"line":215,"column":39},"end":{"line":215,"column":44}},{"start":{"line":215,"column":47},"end":{"line":215,"column":66}}]},"27":{"loc":{"start":{"line":219,"column":4},"end":{"line":219,"column":53}},"type":"if","locations":[{"start":{"line":219,"column":4},"end":{"line":219,"column":53}}]},"28":{"loc":{"start":{"line":221,"column":35},"end":{"line":221,"column":80}},"type":"cond-expr","locations":[{"start":{"line":221,"column":70},"end":{"line":221,"column":72}},{"start":{"line":221,"column":75},"end":{"line":221,"column":80}}]},"29":{"loc":{"start":{"line":221,"column":36},"end":{"line":221,"column":66}},"type":"binary-expr","locations":[{"start":{"line":221,"column":36},"end":{"line":221,"column":42}},{"start":{"line":221,"column":46},"end":{"line":221,"column":66}}]},"30":{"loc":{"start":{"line":222,"column":4},"end":{"line":225,"column":null}},"type":"if","locations":[{"start":{"line":222,"column":4},"end":{"line":225,"column":null}}]},"31":{"loc":{"start":{"line":223,"column":21},"end":{"line":223,"column":90}},"type":"cond-expr","locations":[{"start":{"line":223,"column":45},"end":{"line":223,"column":56}},{"start":{"line":223,"column":60},"end":{"line":223,"column":90}}]},"32":{"loc":{"start":{"line":234,"column":4},"end":{"line":242,"column":null}},"type":"if","locations":[{"start":{"line":234,"column":4},"end":{"line":242,"column":null}}]},"33":{"loc":{"start":{"line":236,"column":6},"end":{"line":241,"column":null}},"type":"if","locations":[{"start":{"line":236,"column":6},"end":{"line":241,"column":null}},{"start":{"line":238,"column":13},"end":{"line":241,"column":null}}]}},"s":{"0":2,"1":2,"2":359,"3":359,"4":359,"5":119,"6":120,"7":276,"8":276,"9":1346,"10":1346,"11":1346,"12":0,"13":1346,"14":1346,"15":152,"16":152,"17":152,"18":152,"19":152,"20":9,"21":143,"22":13,"23":143,"24":22,"25":143,"26":22,"27":152,"28":152,"29":152,"30":26,"31":152,"32":108,"33":44,"34":44,"35":75,"36":75,"37":75,"38":75,"39":75,"40":333,"41":75,"42":75,"43":75,"44":75,"45":75,"46":75,"47":75,"48":75,"49":75,"50":75,"51":75,"52":333,"53":333,"54":75,"55":44,"56":44,"57":75,"58":120,"59":120,"60":120,"61":120,"62":120,"63":33,"64":87,"65":87,"66":87,"67":87,"68":87,"69":12,"70":87,"71":75,"72":75,"73":75,"74":87,"75":0,"76":87,"77":10,"78":10,"79":10,"80":110,"81":110,"82":110,"83":66,"84":66,"85":66,"86":66,"87":44,"88":44,"89":44,"90":44,"91":44,"92":0,"93":0,"94":44,"95":44,"96":44,"97":44,"98":44,"99":44,"100":44,"101":44,"102":480,"103":360,"104":120,"105":120,"106":120,"107":70,"108":70,"109":50,"110":0,"111":0,"112":0,"113":0,"114":0,"115":0,"116":0,"117":0,"118":2},"f":{"0":359,"1":119,"2":120,"3":276,"4":1346,"5":152,"6":108,"7":44,"8":75,"9":333,"10":333,"11":44,"12":120,"13":10,"14":110,"15":44,"16":480,"17":0,"18":0},"b":{"0":[0],"1":[429,917],"2":[0],"3":[9,143],"4":[13],"5":[22],"6":[22],"7":[143,77],"8":[152],"9":[26],"10":[32],"11":[120],"12":[33],"13":[120,48,98,32],"14":[87],"15":[12],"16":[75],"17":[75],"18":[75,6],"19":[0],"20":[10,0],"21":[66],"22":[44],"23":[0],"24":[44],"25":[44],"26":[44,0],"27":[360],"28":[10,110],"29":[120,120],"30":[70],"31":[10,60],"32":[0],"33":[0,0]}}
,"/home/boar/mg/libs/mondis/src/CachedQuery/utils.ts": {"path":"/home/boar/mg/libs/mondis/src/CachedQuery/utils.ts","statementMap":{"0":{"start":{"line":1,"column":0},"end":{"line":1,"column":29}},"1":{"start":{"line":2,"column":0},"end":{"line":2,"column":33}},"2":{"start":{"line":3,"column":0},"end":{"line":3,"column":28}},"3":{"start":{"line":16,"column":2},"end":{"line":16,"column":29}},"4":{"start":{"line":16,"column":22},"end":{"line":16,"column":29}},"5":{"start":{"line":17,"column":16},"end":{"line":17,"column":31}},"6":{"start":{"line":18,"column":14},"end":{"line":18,"column":28}},"7":{"start":{"line":20,"column":2},"end":{"line":29,"column":null}},"8":{"start":{"line":21,"column":4},"end":{"line":21,"column":33}},"9":{"start":{"line":23,"column":24},"end":{"line":23,"column":49}},"10":{"start":{"line":24,"column":4},"end":{"line":26,"column":null}},"11":{"start":{"line":25,"column":7},"end":{"line":25,"column":38}},"12":{"start":{"line":27,"column":22},"end":{"line":27,"column":46}},"13":{"start":{"line":28,"column":4},"end":{"line":28,"column":47}},"14":{"start":{"line":33,"column":2},"end":{"line":33,"column":77}},"15":{"start":{"line":33,"column":45},"end":{"line":33,"column":73}},"16":{"start":{"line":32,"column":0},"end":{"line":32,"column":16}},"17":{"start":{"line":37,"column":2},"end":{"line":37,"column":68}},"18":{"start":{"line":37,"column":45},"end":{"line":37,"column":64}},"19":{"start":{"line":36,"column":0},"end":{"line":36,"column":16}},"20":{"start":{"line":42,"column":2},"end":{"line":45,"column":5}},"21":{"start":{"line":43,"column":4},"end":{"line":43,"column":24}},"22":{"start":{"line":44,"column":4},"end":{"line":44,"column":22}},"23":{"start":{"line":46,"column":2},"end":{"line":46,"column":16}},"24":{"start":{"line":40,"column":0},"end":{"line":40,"column":16}},"25":{"start":{"line":51,"column":2},"end":{"line":51,"column":70}},"26":{"start":{"line":51,"column":46},"end":{"line":51,"column":66}},"27":{"start":{"line":52,"column":2},"end":{"line":52,"column":16}},"28":{"start":{"line":49,"column":0},"end":{"line":49,"column":16}},"29":{"start":{"line":56,"column":2},"end":{"line":60,"column":4}},"30":{"start":{"line":55,"column":0},"end":{"line":55,"column":16}},"31":{"start":{"line":71,"column":2},"end":{"line":71,"column":37}},"32":{"start":{"line":71,"column":27},"end":{"line":71,"column":37}},"33":{"start":{"line":72,"column":17},"end":{"line":72,"column":34}},"34":{"start":{"line":74,"column":2},"end":{"line":87,"column":5}},"35":{"start":{"line":75,"column":4},"end":{"line":86,"column":7}},"36":{"start":{"line":76,"column":20},"end":{"line":76,"column":39}},"37":{"start":{"line":77,"column":6},"end":{"line":77,"column":54}},"38":{"start":{"line":77,"column":47},"end":{"line":77,"column":54}},"39":{"start":{"line":79,"column":31},"end":{"line":79,"column":69}},"40":{"start":{"line":80,"column":6},"end":{"line":85,"column":9}},"41":{"start":{"line":81,"column":8},"end":{"line":81,"column":43}},"42":{"start":{"line":81,"column":36},"end":{"line":81,"column":43}},"43":{"start":{"line":82,"column":8},"end":{"line":82,"column":41}},"44":{"start":{"line":83,"column":8},"end":{"line":83,"column":35}},"45":{"start":{"line":83,"column":28},"end":{"line":83,"column":35}},"46":{"start":{"line":84,"column":8},"end":{"line":84,"column":87}},"47":{"start":{"line":84,"column":71},"end":{"line":84,"column":85}},"48":{"start":{"line":89,"column":2},"end":{"line":89,"column":28}},"49":{"start":{"line":67,"column":0},"end":{"line":67,"column":16}},"50":{"start":{"line":96,"column":2},"end":{"line":96,"column":47}},"51":{"start":{"line":97,"column":2},"end":{"line":97,"column":58}},"52":{"start":{"line":98,"column":2},"end":{"line":98,"column":71}},"53":{"start":{"line":98,"column":16},"end":{"line":98,"column":71}},"54":{"start":{"line":99,"column":2},"end":{"line":99,"column":89}},"55":{"start":{"line":99,"column":41},"end":{"line":99,"column":89}},"56":{"start":{"line":100,"column":2},"end":{"line":102,"column":null}},"57":{"start":{"line":101,"column":4},"end":{"line":101,"column":65}},"58":{"start":{"line":103,"column":2},"end":{"line":103,"column":15}},"59":{"start":{"line":95,"column":0},"end":{"line":95,"column":16}},"60":{"start":{"line":107,"column":16},"end":{"line":107,"column":38}},"61":{"start":{"line":108,"column":2},"end":{"line":112,"column":22}},"62":{"start":{"line":106,"column":0},"end":{"line":106,"column":16}},"63":{"start":{"line":116,"column":2},"end":{"line":116,"column":26}},"64":{"start":{"line":119,"column":18},"end":{"line":119,"column":35}},"65":{"start":{"line":120,"column":4},"end":{"line":124,"column":null}},"66":{"start":{"line":121,"column":6},"end":{"line":121,"column":23}},"67":{"start":{"line":123,"column":6},"end":{"line":123,"column":32}},"68":{"start":{"line":115,"column":0},"end":{"line":115,"column":13}}},"fnMap":{"0":{"name":"walk","decl":{"start":{"line":10,"column":9},"end":{"line":10,"column":13}},"loc":{"start":{"line":14,"column":45},"end":{"line":30,"column":1}}},"1":{"name":"updateValue","decl":{"start":{"line":32,"column":16},"end":{"line":32,"column":27}},"loc":{"start":{"line":32,"column":90},"end":{"line":34,"column":1}}},"2":{"name":"(anonymous_3)","decl":{"start":{"line":33,"column":27},"end":{"line":33,"column":28}},"loc":{"start":{"line":33,"column":42},"end":{"line":33,"column":75}}},"3":{"name":"setValue","decl":{"start":{"line":36,"column":16},"end":{"line":36,"column":24}},"loc":{"start":{"line":36,"column":70},"end":{"line":38,"column":1}}},"4":{"name":"(anonymous_5)","decl":{"start":{"line":37,"column":27},"end":{"line":37,"column":28}},"loc":{"start":{"line":37,"column":42},"end":{"line":37,"column":66}}},"5":{"name":"unsetValue","decl":{"start":{"line":40,"column":16},"end":{"line":40,"column":26}},"loc":{"start":{"line":40,"column":56},"end":{"line":47,"column":1}}},"6":{"name":"(anonymous_7)","decl":{"start":{"line":42,"column":28},"end":{"line":42,"column":29}},"loc":{"start":{"line":42,"column":43},"end":{"line":45,"column":3}}},"7":{"name":"getValue","decl":{"start":{"line":49,"column":16},"end":{"line":49,"column":24}},"loc":{"start":{"line":49,"column":54},"end":{"line":53,"column":1}}},"8":{"name":"(anonymous_9)","decl":{"start":{"line":51,"column":28},"end":{"line":51,"column":29}},"loc":{"start":{"line":51,"column":43},"end":{"line":51,"column":68}}},"9":{"name":"hasObjectId","decl":{"start":{"line":55,"column":16},"end":{"line":55,"column":27}},"loc":{"start":{"line":55,"column":43},"end":{"line":61,"column":1}}},"10":{"name":"collectPopulatedIds","decl":{"start":{"line":67,"column":16},"end":{"line":67,"column":35}},"loc":{"start":{"line":69,"column":32},"end":{"line":90,"column":1}}},"11":{"name":"(anonymous_12)","decl":{"start":{"line":74,"column":15},"end":{"line":74,"column":16}},"loc":{"start":{"line":74,"column":23},"end":{"line":87,"column":3}}},"12":{"name":"(anonymous_13)","decl":{"start":{"line":75,"column":24},"end":{"line":75,"column":25}},"loc":{"start":{"line":75,"column":62},"end":{"line":86,"column":5}}},"13":{"name":"(anonymous_14)","decl":{"start":{"line":80,"column":20},"end":{"line":80,"column":21}},"loc":{"start":{"line":80,"column":33},"end":{"line":85,"column":7}}},"14":{"name":"(anonymous_15)","decl":{"start":{"line":84,"column":63},"end":{"line":84,"column":64}},"loc":{"start":{"line":84,"column":71},"end":{"line":84,"column":85}}},"15":{"name":"skipAndLimit","decl":{"start":{"line":95,"column":16},"end":{"line":95,"column":28}},"loc":{"start":{"line":95,"column":73},"end":{"line":104,"column":1}}},"16":{"name":"jsonHash","decl":{"start":{"line":106,"column":16},"end":{"line":106,"column":24}},"loc":{"start":{"line":106,"column":41},"end":{"line":113,"column":1}}},"17":{"name":"(anonymous_18)","decl":{"start":{"line":115,"column":0},"end":{"line":115,"column":13}},"loc":{"start":{"line":115,"column":0},"end":{"line":126,"column":1}}},"18":{"name":"(anonymous_19)","decl":{"start":{"line":118,"column":2},"end":{"line":118,"column":5}},"loc":{"start":{"line":118,"column":21},"end":{"line":125,"column":3}}}},"branchMap":{"0":{"loc":{"start":{"line":16,"column":2},"end":{"line":16,"column":29}},"type":"if","locations":[{"start":{"line":16,"column":2},"end":{"line":16,"column":29}}]},"1":{"loc":{"start":{"line":18,"column":14},"end":{"line":18,"column":28}},"type":"binary-expr","locations":[{"start":{"line":18,"column":14},"end":{"line":18,"column":22}},{"start":{"line":18,"column":26},"end":{"line":18,"column":28}}]},"2":{"loc":{"start":{"line":20,"column":2},"end":{"line":29,"column":null}},"type":"if","locations":[{"start":{"line":20,"column":2},"end":{"line":29,"column":null}},{"start":{"line":22,"column":9},"end":{"line":29,"column":null}}]},"3":{"loc":{"start":{"line":24,"column":4},"end":{"line":26,"column":null}},"type":"if","locations":[{"start":{"line":24,"column":4},"end":{"line":26,"column":null}}]},"4":{"loc":{"start":{"line":24,"column":8},"end":{"line":24,"column":39}},"type":"binary-expr","locations":[{"start":{"line":24,"column":8},"end":{"line":24,"column":17}},{"start":{"line":24,"column":21},"end":{"line":24,"column":39}}]},"5":{"loc":{"start":{"line":57,"column":4},"end":{"line":59,"column":66}},"type":"binary-expr","locations":[{"start":{"line":57,"column":4},"end":{"line":57,"column":10}},{"start":{"line":58,"column":7},"end":{"line":58,"column":33}},{"start":{"line":59,"column":8},"end":{"line":59,"column":66}}]},"6":{"loc":{"start":{"line":71,"column":2},"end":{"line":71,"column":37}},"type":"if","locations":[{"start":{"line":71,"column":2},"end":{"line":71,"column":37}}]},"7":{"loc":{"start":{"line":77,"column":6},"end":{"line":77,"column":54}},"type":"if","locations":[{"start":{"line":77,"column":6},"end":{"line":77,"column":54}}]},"8":{"loc":{"start":{"line":77,"column":10},"end":{"line":77,"column":45}},"type":"binary-expr","locations":[{"start":{"line":77,"column":10},"end":{"line":77,"column":16}},{"start":{"line":77,"column":20},"end":{"line":77,"column":45}}]},"9":{"loc":{"start":{"line":79,"column":31},"end":{"line":79,"column":69}},"type":"cond-expr","locations":[{"start":{"line":79,"column":54},"end":{"line":79,"column":59}},{"start":{"line":79,"column":62},"end":{"line":79,"column":69}}]},"10":{"loc":{"start":{"line":81,"column":8},"end":{"line":81,"column":43}},"type":"if","locations":[{"start":{"line":81,"column":8},"end":{"line":81,"column":43}}]},"11":{"loc":{"start":{"line":83,"column":8},"end":{"line":83,"column":35}},"type":"if","locations":[{"start":{"line":83,"column":8},"end":{"line":83,"column":35}}]},"12":{"loc":{"start":{"line":96,"column":9},"end":{"line":96,"column":46}},"type":"cond-expr","locations":[{"start":{"line":96,"column":38},"end":{"line":96,"column":42}},{"start":{"line":96,"column":45},"end":{"line":96,"column":46}}]},"13":{"loc":{"start":{"line":97,"column":10},"end":{"line":97,"column":57}},"type":"cond-expr","locations":[{"start":{"line":97,"column":40},"end":{"line":97,"column":45}},{"start":{"line":97,"column":48},"end":{"line":97,"column":57}}]},"14":{"loc":{"start":{"line":98,"column":2},"end":{"line":98,"column":71}},"type":"if","locations":[{"start":{"line":98,"column":2},"end":{"line":98,"column":71}}]},"15":{"loc":{"start":{"line":99,"column":2},"end":{"line":99,"column":89}},"type":"if","locations":[{"start":{"line":99,"column":2},"end":{"line":99,"column":89}}]},"16":{"loc":{"start":{"line":99,"column":6},"end":{"line":99,"column":39}},"type":"binary-expr","locations":[{"start":{"line":99,"column":6},"end":{"line":99,"column":25}},{"start":{"line":99,"column":29},"end":{"line":99,"column":39}}]},"17":{"loc":{"start":{"line":100,"column":2},"end":{"line":102,"column":null}},"type":"if","locations":[{"start":{"line":100,"column":2},"end":{"line":102,"column":null}}]},"18":{"loc":{"start":{"line":100,"column":6},"end":{"line":100,"column":23}},"type":"binary-expr","locations":[{"start":{"line":100,"column":6},"end":{"line":100,"column":14}},{"start":{"line":100,"column":18},"end":{"line":100,"column":23}}]},"19":{"loc":{"start":{"line":101,"column":29},"end":{"line":101,"column":63}},"type":"cond-expr","locations":[{"start":{"line":101,"column":38},"end":{"line":101,"column":50}},{"start":{"line":101,"column":54},"end":{"line":101,"column":63}}]},"20":{"loc":{"start":{"line":120,"column":4},"end":{"line":124,"column":null}},"type":"if","locations":[{"start":{"line":120,"column":4},"end":{"line":124,"column":null}},{"start":{"line":122,"column":11},"end":{"line":124,"column":null}}]}},"s":{"0":3,"1":3,"2":3,"3":817,"4":0,"5":817,"6":817,"7":817,"8":813,"9":4,"10":4,"11":0,"12":4,"13":4,"14":25,"15":25,"16":3,"17":22,"18":22,"19":3,"20":7,"21":7,"22":7,"23":7,"24":3,"25":759,"26":759,"27":759,"28":3,"29":74,"30":3,"31":75,"32":63,"33":12,"34":12,"35":116,"36":116,"37":116,"38":42,"39":74,"40":74,"41":74,"42":0,"43":74,"44":74,"45":74,"46":0,"47":0,"48":12,"49":3,"50":153,"51":153,"52":153,"53":0,"54":153,"55":0,"56":153,"57":54,"58":99,"59":3,"60":0,"61":0,"62":3,"63":46,"64":322,"65":322,"66":276,"67":46,"68":3},"f":{"0":817,"1":25,"2":25,"3":22,"4":22,"5":7,"6":7,"7":759,"8":759,"9":74,"10":75,"11":116,"12":116,"13":74,"14":0,"15":153,"16":0,"17":46,"18":322},"b":{"0":[0],"1":[817,0],"2":[813,4],"3":[0],"4":[4,1],"5":[74,74,74],"6":[63],"7":[42],"8":[116,74],"9":[0,74],"10":[0],"11":[74],"12":[109,44],"13":[43,110],"14":[0],"15":[0],"16":[153,43],"17":[54],"18":[153,131],"19":[43,11],"20":[276,46]}}
,"/home/boar/mg/libs/mondis/src/CachedQuery/invalidation/core.ts": {"path":"/home/boar/mg/libs/mondis/src/CachedQuery/invalidation/core.ts","statementMap":{"0":{"start":{"line":1,"column":0},"end":{"line":1,"column":24}},"1":{"start":{"line":12,"column":0},"end":{"line":12,"column":46}},"2":{"start":{"line":34,"column":2},"end":{"line":34,"column":42}},"3":{"start":{"line":34,"column":29},"end":{"line":34,"column":42}},"4":{"start":{"line":35,"column":2},"end":{"line":35,"column":42}},"5":{"start":{"line":35,"column":24},"end":{"line":35,"column":42}},"6":{"start":{"line":36,"column":2},"end":{"line":45,"column":null}},"7":{"start":{"line":38,"column":4},"end":{"line":44,"column":6}},"8":{"start":{"line":39,"column":20},"end":{"line":42,"column":null}},"9":{"start":{"line":40,"column":18},"end":{"line":42,"column":44}},"10":{"start":{"line":47,"column":2},"end":{"line":51,"column":4}},"11":{"start":{"line":48,"column":18},"end":{"line":49,"column":null}},"12":{"start":{"line":49,"column":16},"end":{"line":49,"column":68}},"13":{"start":{"line":56,"column":26},"end":{"line":56,"column":28}},"14":{"start":{"line":57,"column":19},"end":{"line":57,"column":24}},"15":{"start":{"line":59,"column":2},"end":{"line":73,"column":5}},"16":{"start":{"line":60,"column":4},"end":{"line":60,"column":86}},"17":{"start":{"line":60,"column":36},"end":{"line":60,"column":86}},"18":{"start":{"line":61,"column":25},"end":{"line":61,"column":36}},"19":{"start":{"line":62,"column":4},"end":{"line":72,"column":null}},"20":{"start":{"line":63,"column":6},"end":{"line":63,"column":81}},"21":{"start":{"line":63,"column":23},"end":{"line":63,"column":81}},"22":{"start":{"line":64,"column":6},"end":{"line":64,"column":24}},"23":{"start":{"line":66,"column":6},"end":{"line":70,"column":null}},"24":{"start":{"line":67,"column":8},"end":{"line":67,"column":32}},"25":{"start":{"line":68,"column":13},"end":{"line":70,"column":null}},"26":{"start":{"line":69,"column":8},"end":{"line":69,"column":69}},"27":{"start":{"line":71,"column":6},"end":{"line":71,"column":23}},"28":{"start":{"line":74,"column":2},"end":{"line":76,"column":null}},"29":{"start":{"line":75,"column":4},"end":{"line":75,"column":59}},"30":{"start":{"line":77,"column":2},"end":{"line":77,"column":62}},"31":{"start":{"line":88,"column":2},"end":{"line":90,"column":null}},"32":{"start":{"line":89,"column":4},"end":{"line":89,"column":83}},"33":{"start":{"line":92,"column":17},"end":{"line":92,"column":68}},"34":{"start":{"line":92,"column":59},"end":{"line":92,"column":61}},"35":{"start":{"line":93,"column":16},"end":{"line":93,"column":32}},"36":{"start":{"line":96,"column":21},"end":{"line":96,"column":26}},"37":{"start":{"line":97,"column":32},"end":{"line":97,"column":34}},"38":{"start":{"line":99,"column":4},"end":{"line":99,"column":54}},"39":{"start":{"line":99,"column":47},"end":{"line":99,"column":54}},"40":{"start":{"line":100,"column":21},"end":{"line":100,"column":43}},"41":{"start":{"line":101,"column":4},"end":{"line":106,"column":null}},"42":{"start":{"line":102,"column":6},"end":{"line":102,"column":38}},"43":{"start":{"line":102,"column":18},"end":{"line":102,"column":38}},"44":{"start":{"line":103,"column":6},"end":{"line":103,"column":34}},"45":{"start":{"line":105,"column":6},"end":{"line":105,"column":68}},"46":{"start":{"line":105,"column":43},"end":{"line":105,"column":66}},"47":{"start":{"line":108,"column":2},"end":{"line":108,"column":61}},"48":{"start":{"line":108,"column":44},"end":{"line":108,"column":59}},"49":{"start":{"line":110,"column":32},"end":{"line":110,"column":34}},"50":{"start":{"line":111,"column":2},"end":{"line":115,"column":5}},"51":{"start":{"line":112,"column":4},"end":{"line":114,"column":null}},"52":{"start":{"line":113,"column":6},"end":{"line":113,"column":24}},"53":{"start":{"line":117,"column":2},"end":{"line":117,"column":66}},"54":{"start":{"line":128,"column":23},"end":{"line":128,"column":47}},"55":{"start":{"line":129,"column":36},"end":{"line":129,"column":54}},"56":{"start":{"line":130,"column":51},"end":{"line":130,"column":71}},"57":{"start":{"line":131,"column":45},"end":{"line":131,"column":71}},"58":{"start":{"line":132,"column":4},"end":{"line":132,"column":27}},"59":{"start":{"line":133,"column":4},"end":{"line":133,"column":35}},"60":{"start":{"line":134,"column":4},"end":{"line":134,"column":37}},"61":{"start":{"line":135,"column":4},"end":{"line":135,"column":43}},"62":{"start":{"line":136,"column":4},"end":{"line":136,"column":35}},"63":{"start":{"line":137,"column":4},"end":{"line":137,"column":51}},"64":{"start":{"line":144,"column":65},"end":{"line":144,"column":69}},"65":{"start":{"line":145,"column":30},"end":{"line":145,"column":33}},"66":{"start":{"line":146,"column":21},"end":{"line":146,"column":36}},"67":{"start":{"line":147,"column":21},"end":{"line":147,"column":35}},"68":{"start":{"line":148,"column":4},"end":{"line":159,"column":null}},"69":{"start":{"line":151,"column":6},"end":{"line":154,"column":null}},"70":{"start":{"line":153,"column":8},"end":{"line":153,"column":57}},"71":{"start":{"line":155,"column":11},"end":{"line":159,"column":null}},"72":{"start":{"line":156,"column":6},"end":{"line":156,"column":47}},"73":{"start":{"line":157,"column":11},"end":{"line":159,"column":null}},"74":{"start":{"line":158,"column":6},"end":{"line":158,"column":48}},"75":{"start":{"line":160,"column":4},"end":{"line":160,"column":16}},"76":{"start":{"line":164,"column":37},"end":{"line":164,"column":41}},"77":{"start":{"line":165,"column":43},"end":{"line":165,"column":61}},"78":{"start":{"line":168,"column":4},"end":{"line":168,"column":51}},"79":{"start":{"line":168,"column":39},"end":{"line":168,"column":51}},"80":{"start":{"line":170,"column":31},"end":{"line":170,"column":43}},"81":{"start":{"line":171,"column":4},"end":{"line":171,"column":41}},"82":{"start":{"line":171,"column":29},"end":{"line":171,"column":41}},"83":{"start":{"line":172,"column":4},"end":{"line":172,"column":43}},"84":{"start":{"line":176,"column":55},"end":{"line":176,"column":59}},"85":{"start":{"line":179,"column":4},"end":{"line":179,"column":62}},"86":{"start":{"line":179,"column":22},"end":{"line":179,"column":62}},"87":{"start":{"line":181,"column":19},"end":{"line":181,"column":36}},"88":{"start":{"line":182,"column":4},"end":{"line":193,"column":null}},"89":{"start":{"line":183,"column":32},"end":{"line":183,"column":34}},"90":{"start":{"line":184,"column":6},"end":{"line":191,"column":null}},"91":{"start":{"line":185,"column":22},"end":{"line":185,"column":40}},"92":{"start":{"line":189,"column":8},"end":{"line":189,"column":74}},"93":{"start":{"line":189,"column":34},"end":{"line":189,"column":74}},"94":{"start":{"line":190,"column":8},"end":{"line":190,"column":27}},"95":{"start":{"line":192,"column":6},"end":{"line":192,"column":50}},"96":{"start":{"line":194,"column":4},"end":{"line":194,"column":40}},"97":{"start":{"line":202,"column":23},"end":{"line":202,"column":47}},"98":{"start":{"line":203,"column":28},"end":{"line":203,"column":36}},"99":{"start":{"line":204,"column":45},"end":{"line":204,"column":71}},"100":{"start":{"line":205,"column":4},"end":{"line":205,"column":43}},"101":{"start":{"line":206,"column":4},"end":{"line":206,"column":35}},"102":{"start":{"line":213,"column":58},"end":{"line":213,"column":62}},"103":{"start":{"line":214,"column":22},"end":{"line":214,"column":25}},"104":{"start":{"line":215,"column":4},"end":{"line":217,"column":null}},"105":{"start":{"line":216,"column":6},"end":{"line":216,"column":73}},"106":{"start":{"line":218,"column":4},"end":{"line":218,"column":16}},"107":{"start":{"line":223,"column":22},"end":{"line":223,"column":62}},"108":{"start":{"line":224,"column":23},"end":{"line":224,"column":72}},"109":{"start":{"line":225,"column":2},"end":{"line":237,"column":5}},"110":{"start":{"line":226,"column":32},"end":{"line":226,"column":50}},"111":{"start":{"line":227,"column":4},"end":{"line":227,"column":62}},"112":{"start":{"line":229,"column":64},"end":{"line":229,"column":69}},"113":{"start":{"line":230,"column":6},"end":{"line":233,"column":8}},"114":{"start":{"line":234,"column":6},"end":{"line":234,"column":63}},"115":{"start":{"line":234,"column":38},"end":{"line":234,"column":61}},"116":{"start":{"line":236,"column":4},"end":{"line":236,"column":56}},"117":{"start":{"line":236,"column":31},"end":{"line":236,"column":54}},"118":{"start":{"line":238,"column":2},"end":{"line":238,"column":67}},"119":{"start":{"line":222,"column":0},"end":{"line":222,"column":16}},"120":{"start":{"line":244,"column":15},"end":{"line":244,"column":32}},"121":{"start":{"line":245,"column":15},"end":{"line":245,"column":32}},"122":{"start":{"line":247,"column":4},"end":{"line":247,"column":32}},"123":{"start":{"line":247,"column":25},"end":{"line":247,"column":32}},"124":{"start":{"line":248,"column":4},"end":{"line":250,"column":null}},"125":{"start":{"line":249,"column":6},"end":{"line":249,"column":50}},"126":{"start":{"line":249,"column":35},"end":{"line":249,"column":48}},"127":{"start":{"line":251,"column":4},"end":{"line":258,"column":null}},"128":{"start":{"line":252,"column":30},"end":{"line":252,"column":36}},"129":{"start":{"line":253,"column":6},"end":{"line":257,"column":null}},"130":{"start":{"line":254,"column":8},"end":{"line":254,"column":37}},"131":{"start":{"line":256,"column":8},"end":{"line":256,"column":22}},"132":{"start":{"line":260,"column":2},"end":{"line":260,"column":23}},"133":{"start":{"line":261,"column":2},"end":{"line":268,"column":4}},"134":{"start":{"line":264,"column":20},"end":{"line":264,"column":34}},"135":{"start":{"line":265,"column":6},"end":{"line":265,"column":74}},"136":{"start":{"line":265,"column":29},"end":{"line":265,"column":74}},"137":{"start":{"line":266,"column":6},"end":{"line":266,"column":32}},"138":{"start":{"line":241,"column":0},"end":{"line":241,"column":16}}},"fnMap":{"0":{"name":"wasProjectionModified","decl":{"start":{"line":29,"column":9},"end":{"line":29,"column":30}},"loc":{"start":{"line":32,"column":25},"end":{"line":52,"column":1}}},"1":{"name":"(anonymous_2)","decl":{"start":{"line":39,"column":6},"end":{"line":39,"column":7}},"loc":{"start":{"line":39,"column":20},"end":{"line":42,"column":null}}},"2":{"name":"(anonymous_3)","decl":{"start":{"line":40,"column":8},"end":{"line":40,"column":9}},"loc":{"start":{"line":40,"column":18},"end":{"line":42,"column":44}}},"3":{"name":"(anonymous_4)","decl":{"start":{"line":48,"column":4},"end":{"line":48,"column":5}},"loc":{"start":{"line":48,"column":18},"end":{"line":49,"column":null}}},"4":{"name":"(anonymous_5)","decl":{"start":{"line":49,"column":6},"end":{"line":49,"column":7}},"loc":{"start":{"line":49,"column":16},"end":{"line":49,"column":68}}},"5":{"name":"classifyProjection","decl":{"start":{"line":55,"column":9},"end":{"line":55,"column":27}},"loc":{"start":{"line":55,"column":52},"end":{"line":78,"column":1}}},"6":{"name":"(anonymous_7)","decl":{"start":{"line":59,"column":34},"end":{"line":59,"column":35}},"loc":{"start":{"line":59,"column":52},"end":{"line":73,"column":3}}},"7":{"name":"classifyQuery","decl":{"start":{"line":85,"column":9},"end":{"line":85,"column":22}},"loc":{"start":{"line":86,"column":52},"end":{"line":118,"column":1}}},"8":{"name":"(anonymous_9)","decl":{"start":{"line":92,"column":52},"end":{"line":92,"column":55}},"loc":{"start":{"line":92,"column":59},"end":{"line":92,"column":61}}},"9":{"name":"findParam","decl":{"start":{"line":98,"column":11},"end":{"line":98,"column":20}},"loc":{"start":{"line":98,"column":65},"end":{"line":107,"column":3}}},"10":{"name":"(anonymous_11)","decl":{"start":{"line":105,"column":36},"end":{"line":105,"column":37}},"loc":{"start":{"line":105,"column":43},"end":{"line":105,"column":66}}},"11":{"name":"(anonymous_12)","decl":{"start":{"line":108,"column":32},"end":{"line":108,"column":33}},"loc":{"start":{"line":108,"column":44},"end":{"line":108,"column":59}}},"12":{"name":"(anonymous_13)","decl":{"start":{"line":111,"column":32},"end":{"line":111,"column":33}},"loc":{"start":{"line":111,"column":43},"end":{"line":115,"column":3}}},"13":{"name":"(anonymous_14)","decl":{"start":{"line":128,"column":2},"end":{"line":128,"column":23}},"loc":{"start":{"line":128,"column":47},"end":{"line":138,"column":3}}},"14":{"name":"(anonymous_15)","decl":{"start":{"line":140,"column":2},"end":{"line":140,"column":23}},"loc":{"start":{"line":142,"column":22},"end":{"line":161,"column":3}}},"15":{"name":"(anonymous_16)","decl":{"start":{"line":163,"column":2},"end":{"line":163,"column":23}},"loc":{"start":{"line":163,"column":38},"end":{"line":173,"column":3}}},"16":{"name":"(anonymous_17)","decl":{"start":{"line":175,"column":2},"end":{"line":175,"column":23}},"loc":{"start":{"line":175,"column":44},"end":{"line":195,"column":3}}},"17":{"name":"(anonymous_18)","decl":{"start":{"line":202,"column":2},"end":{"line":202,"column":23}},"loc":{"start":{"line":202,"column":74},"end":{"line":207,"column":3}}},"18":{"name":"(anonymous_19)","decl":{"start":{"line":209,"column":2},"end":{"line":209,"column":23}},"loc":{"start":{"line":211,"column":22},"end":{"line":219,"column":3}}},"19":{"name":"buildInvalidationMaps","decl":{"start":{"line":222,"column":16},"end":{"line":222,"column":37}},"loc":{"start":{"line":222,"column":66},"end":{"line":239,"column":1}}},"20":{"name":"(anonymous_21)","decl":{"start":{"line":225,"column":24},"end":{"line":225,"column":25}},"loc":{"start":{"line":225,"column":40},"end":{"line":237,"column":3}}},"21":{"name":"collectPopulations","decl":{"start":{"line":228,"column":13},"end":{"line":228,"column":31}},"loc":{"start":{"line":228,"column":54},"end":{"line":235,"column":5}}},"22":{"name":"(anonymous_23)","decl":{"start":{"line":234,"column":29},"end":{"line":234,"column":30}},"loc":{"start":{"line":234,"column":38},"end":{"line":234,"column":61}}},"23":{"name":"(anonymous_24)","decl":{"start":{"line":236,"column":22},"end":{"line":236,"column":23}},"loc":{"start":{"line":236,"column":31},"end":{"line":236,"column":54}}},"24":{"name":"collectInvalidations","decl":{"start":{"line":241,"column":16},"end":{"line":241,"column":36}},"loc":{"start":{"line":242,"column":63},"end":{"line":269,"column":1}}},"25":{"name":"addHandler","decl":{"start":{"line":246,"column":11},"end":{"line":246,"column":21}},"loc":{"start":{"line":246,"column":48},"end":{"line":259,"column":3}}},"26":{"name":"(anonymous_27)","decl":{"start":{"line":249,"column":26},"end":{"line":249,"column":27}},"loc":{"start":{"line":249,"column":35},"end":{"line":249,"column":48}}},"27":{"name":"(anonymous_28)","decl":{"start":{"line":263,"column":27},"end":{"line":263,"column":28}},"loc":{"start":{"line":263,"column":35},"end":{"line":267,"column":5}}}},"branchMap":{"0":{"loc":{"start":{"line":34,"column":2},"end":{"line":34,"column":42}},"type":"if","locations":[{"start":{"line":34,"column":2},"end":{"line":34,"column":42}}]},"1":{"loc":{"start":{"line":35,"column":2},"end":{"line":35,"column":42}},"type":"if","locations":[{"start":{"line":35,"column":2},"end":{"line":35,"column":42}}]},"2":{"loc":{"start":{"line":36,"column":2},"end":{"line":45,"column":null}},"type":"if","locations":[{"start":{"line":36,"column":2},"end":{"line":45,"column":null}}]},"3":{"loc":{"start":{"line":40,"column":18},"end":{"line":42,"column":44}},"type":"binary-expr","locations":[{"start":{"line":40,"column":18},"end":{"line":40,"column":35}},{"start":{"line":41,"column":13},"end":{"line":41,"column":44}},{"start":{"line":42,"column":13},"end":{"line":42,"column":44}}]},"4":{"loc":{"start":{"line":49,"column":16},"end":{"line":49,"column":68}},"type":"binary-expr","locations":[{"start":{"line":49,"column":16},"end":{"line":49,"column":33}},{"start":{"line":49,"column":37},"end":{"line":49,"column":68}}]},"5":{"loc":{"start":{"line":60,"column":4},"end":{"line":60,"column":86}},"type":"if","locations":[{"start":{"line":60,"column":4},"end":{"line":60,"column":86}}]},"6":{"loc":{"start":{"line":60,"column":8},"end":{"line":60,"column":34}},"type":"binary-expr","locations":[{"start":{"line":60,"column":8},"end":{"line":60,"column":19}},{"start":{"line":60,"column":23},"end":{"line":60,"column":34}}]},"7":{"loc":{"start":{"line":62,"column":4},"end":{"line":72,"column":null}},"type":"if","locations":[{"start":{"line":62,"column":4},"end":{"line":72,"column":null}},{"start":{"line":65,"column":11},"end":{"line":72,"column":null}}]},"8":{"loc":{"start":{"line":63,"column":6},"end":{"line":63,"column":81}},"type":"if","locations":[{"start":{"line":63,"column":6},"end":{"line":63,"column":81}}]},"9":{"loc":{"start":{"line":66,"column":6},"end":{"line":70,"column":null}},"type":"if","locations":[{"start":{"line":66,"column":6},"end":{"line":70,"column":null}},{"start":{"line":68,"column":13},"end":{"line":70,"column":null}}]},"10":{"loc":{"start":{"line":68,"column":13},"end":{"line":70,"column":null}},"type":"if","locations":[{"start":{"line":68,"column":13},"end":{"line":70,"column":null}}]},"11":{"loc":{"start":{"line":74,"column":2},"end":{"line":76,"column":null}},"type":"if","locations":[{"start":{"line":74,"column":2},"end":{"line":76,"column":null}}]},"12":{"loc":{"start":{"line":74,"column":6},"end":{"line":74,"column":43}},"type":"binary-expr","locations":[{"start":{"line":74,"column":6},"end":{"line":74,"column":29}},{"start":{"line":74,"column":33},"end":{"line":74,"column":43}}]},"13":{"loc":{"start":{"line":88,"column":2},"end":{"line":90,"column":null}},"type":"if","locations":[{"start":{"line":88,"column":2},"end":{"line":90,"column":null}}]},"14":{"loc":{"start":{"line":88,"column":6},"end":{"line":88,"column":40}},"type":"binary-expr","locations":[{"start":{"line":88,"column":6},"end":{"line":88,"column":11}},{"start":{"line":88,"column":15},"end":{"line":88,"column":40}}]},"15":{"loc":{"start":{"line":98,"column":51},"end":{"line":98,"column":65}},"type":"default-arg","locations":[{"start":{"line":98,"column":60},"end":{"line":98,"column":65}}]},"16":{"loc":{"start":{"line":99,"column":4},"end":{"line":99,"column":54}},"type":"if","locations":[{"start":{"line":99,"column":4},"end":{"line":99,"column":54}}]},"17":{"loc":{"start":{"line":99,"column":8},"end":{"line":99,"column":45}},"type":"binary-expr","locations":[{"start":{"line":99,"column":8},"end":{"line":99,"column":15}},{"start":{"line":99,"column":19},"end":{"line":99,"column":45}}]},"18":{"loc":{"start":{"line":101,"column":4},"end":{"line":106,"column":null}},"type":"if","locations":[{"start":{"line":101,"column":4},"end":{"line":106,"column":null}},{"start":{"line":104,"column":11},"end":{"line":106,"column":null}}]},"19":{"loc":{"start":{"line":102,"column":6},"end":{"line":102,"column":38}},"type":"if","locations":[{"start":{"line":102,"column":6},"end":{"line":102,"column":38}}]},"20":{"loc":{"start":{"line":112,"column":4},"end":{"line":114,"column":null}},"type":"if","locations":[{"start":{"line":112,"column":4},"end":{"line":114,"column":null}}]},"21":{"loc":{"start":{"line":137,"column":21},"end":{"line":137,"column":50}},"type":"cond-expr","locations":[{"start":{"line":137,"column":28},"end":{"line":137,"column":45}},{"start":{"line":137,"column":48},"end":{"line":137,"column":50}}]},"22":{"loc":{"start":{"line":148,"column":4},"end":{"line":159,"column":null}},"type":"if","locations":[{"start":{"line":148,"column":4},"end":{"line":159,"column":null}},{"start":{"line":155,"column":11},"end":{"line":159,"column":null}}]},"23":{"loc":{"start":{"line":148,"column":8},"end":{"line":148,"column":28}},"type":"binary-expr","locations":[{"start":{"line":148,"column":8},"end":{"line":148,"column":16}},{"start":{"line":148,"column":20},"end":{"line":148,"column":28}}]},"24":{"loc":{"start":{"line":151,"column":6},"end":{"line":154,"column":null}},"type":"if","locations":[{"start":{"line":151,"column":6},"end":{"line":154,"column":null}}]},"25":{"loc":{"start":{"line":151,"column":10},"end":{"line":152,"column":68}},"type":"binary-expr","locations":[{"start":{"line":151,"column":10},"end":{"line":151,"column":58}},{"start":{"line":152,"column":7},"end":{"line":152,"column":68}}]},"26":{"loc":{"start":{"line":155,"column":11},"end":{"line":159,"column":null}},"type":"if","locations":[{"start":{"line":155,"column":11},"end":{"line":159,"column":null}},{"start":{"line":157,"column":11},"end":{"line":159,"column":null}}]},"27":{"loc":{"start":{"line":155,"column":15},"end":{"line":155,"column":36}},"type":"binary-expr","locations":[{"start":{"line":155,"column":15},"end":{"line":155,"column":24}},{"start":{"line":155,"column":28},"end":{"line":155,"column":36}}]},"28":{"loc":{"start":{"line":157,"column":11},"end":{"line":159,"column":null}},"type":"if","locations":[{"start":{"line":157,"column":11},"end":{"line":159,"column":null}}]},"29":{"loc":{"start":{"line":157,"column":15},"end":{"line":157,"column":36}},"type":"binary-expr","locations":[{"start":{"line":157,"column":15},"end":{"line":157,"column":23}},{"start":{"line":157,"column":27},"end":{"line":157,"column":36}}]},"30":{"loc":{"start":{"line":168,"column":4},"end":{"line":168,"column":51}},"type":"if","locations":[{"start":{"line":168,"column":4},"end":{"line":168,"column":51}}]},"31":{"loc":{"start":{"line":168,"column":8},"end":{"line":168,"column":37}},"type":"binary-expr","locations":[{"start":{"line":168,"column":8},"end":{"line":168,"column":14}},{"start":{"line":168,"column":18},"end":{"line":168,"column":37}}]},"32":{"loc":{"start":{"line":171,"column":4},"end":{"line":171,"column":41}},"type":"if","locations":[{"start":{"line":171,"column":4},"end":{"line":171,"column":41}}]},"33":{"loc":{"start":{"line":179,"column":4},"end":{"line":179,"column":62}},"type":"if","locations":[{"start":{"line":179,"column":4},"end":{"line":179,"column":62}}]},"34":{"loc":{"start":{"line":189,"column":8},"end":{"line":189,"column":74}},"type":"if","locations":[{"start":{"line":189,"column":8},"end":{"line":189,"column":74}}]},"35":{"loc":{"start":{"line":203,"column":12},"end":{"line":203,"column":23}},"type":"default-arg","locations":[{"start":{"line":203,"column":21},"end":{"line":203,"column":23}}]},"36":{"loc":{"start":{"line":215,"column":4},"end":{"line":217,"column":null}},"type":"if","locations":[{"start":{"line":215,"column":4},"end":{"line":217,"column":null}}]},"37":{"loc":{"start":{"line":247,"column":4},"end":{"line":247,"column":32}},"type":"if","locations":[{"start":{"line":247,"column":4},"end":{"line":247,"column":32}}]},"38":{"loc":{"start":{"line":248,"column":4},"end":{"line":250,"column":null}},"type":"if","locations":[{"start":{"line":248,"column":4},"end":{"line":250,"column":null}}]},"39":{"loc":{"start":{"line":251,"column":4},"end":{"line":258,"column":null}},"type":"if","locations":[{"start":{"line":251,"column":4},"end":{"line":258,"column":null}}]},"40":{"loc":{"start":{"line":253,"column":6},"end":{"line":257,"column":null}},"type":"if","locations":[{"start":{"line":253,"column":6},"end":{"line":257,"column":null}},{"start":{"line":255,"column":13},"end":{"line":257,"column":null}}]},"41":{"loc":{"start":{"line":265,"column":6},"end":{"line":265,"column":74}},"type":"if","locations":[{"start":{"line":265,"column":6},"end":{"line":265,"column":74}}]}},"s":{"0":2,"1":2,"2":279,"3":0,"4":279,"5":151,"6":128,"7":113,"8":113,"9":115,"10":15,"11":15,"12":15,"13":322,"14":322,"15":322,"16":483,"17":0,"18":483,"19":483,"20":230,"21":0,"22":230,"23":253,"24":230,"25":23,"26":0,"27":253,"28":322,"29":46,"30":276,"31":276,"32":115,"33":161,"34":161,"35":161,"36":161,"37":161,"38":276,"39":23,"40":253,"41":253,"42":161,"43":69,"44":161,"45":92,"46":92,"47":161,"48":184,"49":161,"50":161,"51":184,"52":23,"53":161,"54":276,"55":276,"56":276,"57":276,"58":276,"59":276,"60":276,"61":276,"62":276,"63":276,"64":180,"65":180,"66":180,"67":180,"68":180,"69":140,"70":67,"71":40,"72":2,"73":38,"74":2,"75":109,"76":3072,"77":3072,"78":3072,"79":512,"80":2560,"81":2560,"82":649,"83":1911,"84":1982,"85":1982,"86":539,"87":1443,"88":1443,"89":1482,"90":1482,"91":615,"92":615,"93":256,"94":359,"95":1226,"96":1187,"97":46,"98":46,"99":46,"100":46,"101":46,"102":4,"103":4,"104":4,"105":3,"106":1,"107":23,"108":23,"109":23,"110":276,"111":276,"112":46,"113":46,"114":46,"115":0,"116":276,"117":46,"118":23,"119":2,"120":57,"121":57,"122":3256,"123":1271,"124":1985,"125":1187,"126":1187,"127":1985,"128":798,"129":798,"130":3,"131":795,"132":57,"133":57,"134":88,"135":88,"136":3,"137":85,"138":2},"f":{"0":279,"1":113,"2":115,"3":15,"4":15,"5":322,"6":483,"7":276,"8":161,"9":276,"10":92,"11":184,"12":184,"13":276,"14":180,"15":3072,"16":1982,"17":46,"18":4,"19":23,"20":276,"21":46,"22":0,"23":46,"24":57,"25":3256,"26":1187,"27":88},"b":{"0":[0],"1":[151],"2":[113],"3":[115,76,76],"4":[15,14],"5":[0],"6":[483,460],"7":[230,253],"8":[0],"9":[230,23],"10":[0],"11":[46],"12":[322,92],"13":[115],"14":[276,276],"15":[184],"16":[23],"17":[276,253],"18":[161,92],"19":[69],"20":[23],"21":[23,253],"22":[140,40],"23":[180,142],"24":[67],"25":[140,135],"26":[2,38],"27":[40,38],"28":[2],"29":[38,2],"30":[512],"31":[3072,2816],"32":[649],"33":[539],"34":[256],"35":[23],"36":[3],"37":[1271],"38":[1187],"39":[798],"40":[3,795],"41":[3]}}
,"/home/boar/mg/libs/mondis/src/CachedQuery/invalidation/handler.ts": {"path":"/home/boar/mg/libs/mondis/src/CachedQuery/invalidation/handler.ts","statementMap":{"0":{"start":{"line":3,"column":0},"end":{"line":3,"column":null}},"1":{"start":{"line":15,"column":13},"end":{"line":15,"column":28}},"2":{"start":{"line":12,"column":11},"end":{"line":12,"column":42}},"3":{"start":{"line":19,"column":4},"end":{"line":24,"column":null}},"4":{"start":{"line":20,"column":21},"end":{"line":20,"column":62}},"5":{"start":{"line":21,"column":21},"end":{"line":21,"column":62}},"6":{"start":{"line":22,"column":21},"end":{"line":22,"column":62}},"7":{"start":{"line":23,"column":15},"end":{"line":23,"column":27}},"8":{"start":{"line":28,"column":42},"end":{"line":28,"column":48}},"9":{"start":{"line":29,"column":35},"end":{"line":29,"column":71}},"10":{"start":{"line":30,"column":20},"end":{"line":39,"column":6}},"11":{"start":{"line":31,"column":6},"end":{"line":38,"column":9}},"12":{"start":{"line":32,"column":8},"end":{"line":34,"column":11}},"13":{"start":{"line":33,"column":10},"end":{"line":33,"column":57}},"14":{"start":{"line":35,"column":8},"end":{"line":37,"column":11}},"15":{"start":{"line":36,"column":10},"end":{"line":36,"column":57}},"16":{"start":{"line":40,"column":4},"end":{"line":40,"column":40}},"17":{"start":{"line":44,"column":32},"end":{"line":44,"column":38}},"18":{"start":{"line":45,"column":24},"end":{"line":45,"column":60}},"19":{"start":{"line":46,"column":20},"end":{"line":52,"column":6}},"20":{"start":{"line":47,"column":6},"end":{"line":51,"column":9}},"21":{"start":{"line":48,"column":8},"end":{"line":50,"column":11}},"22":{"start":{"line":49,"column":10},"end":{"line":49,"column":47}},"23":{"start":{"line":53,"column":4},"end":{"line":53,"column":40}},"24":{"start":{"line":57,"column":20},"end":{"line":57,"column":26}},"25":{"start":{"line":58,"column":4},"end":{"line":63,"column":7}},"26":{"start":{"line":59,"column":32},"end":{"line":62,"column":8}},"27":{"start":{"line":67,"column":27},"end":{"line":67,"column":36}},"28":{"start":{"line":68,"column":4},"end":{"line":68,"column":67}},"29":{"start":{"line":68,"column":60},"end":{"line":68,"column":67}},"30":{"start":{"line":70,"column":21},"end":{"line":70,"column":50}},"31":{"start":{"line":71,"column":4},"end":{"line":73,"column":null}},"32":{"start":{"line":72,"column":6},"end":{"line":72,"column":52}},"33":{"start":{"line":72,"column":28},"end":{"line":72,"column":50}},"34":{"start":{"line":74,"column":4},"end":{"line":76,"column":null}},"35":{"start":{"line":75,"column":6},"end":{"line":75,"column":76}},"36":{"start":{"line":75,"column":40},"end":{"line":75,"column":74}},"37":{"start":{"line":77,"column":19},"end":{"line":77,"column":40}},"38":{"start":{"line":78,"column":32},"end":{"line":78,"column":36}},"39":{"start":{"line":79,"column":4},"end":{"line":86,"column":7}},"40":{"start":{"line":80,"column":6},"end":{"line":80,"column":22}},"41":{"start":{"line":80,"column":15},"end":{"line":80,"column":22}},"42":{"start":{"line":81,"column":6},"end":{"line":85,"column":null}},"43":{"start":{"line":82,"column":8},"end":{"line":82,"column":42}},"44":{"start":{"line":83,"column":13},"end":{"line":85,"column":null}},"45":{"start":{"line":84,"column":8},"end":{"line":84,"column":51}},"46":{"start":{"line":90,"column":4},"end":{"line":93,"column":null}},"47":{"start":{"line":91,"column":22},"end":{"line":91,"column":57}},"48":{"start":{"line":92,"column":6},"end":{"line":92,"column":61}},"49":{"start":{"line":94,"column":4},"end":{"line":97,"column":6}},"50":{"start":{"line":10,"column":0},"end":{"line":10,"column":21}}},"fnMap":{"0":{"name":"(anonymous_0)","decl":{"start":{"line":14,"column":2},"end":{"line":14,"column":null}},"loc":{"start":{"line":15,"column":28},"end":{"line":16,"column":7}}},"1":{"name":"(anonymous_1)","decl":{"start":{"line":18,"column":2},"end":{"line":18,"column":15}},"loc":{"start":{"line":18,"column":35},"end":{"line":25,"column":3}}},"2":{"name":"(anonymous_2)","decl":{"start":{"line":27,"column":10},"end":{"line":27,"column":15}},"loc":{"start":{"line":27,"column":75},"end":{"line":41,"column":3}}},"3":{"name":"(anonymous_3)","decl":{"start":{"line":30,"column":41},"end":{"line":30,"column":42}},"loc":{"start":{"line":30,"column":49},"end":{"line":39,"column":5}}},"4":{"name":"(anonymous_4)","decl":{"start":{"line":31,"column":19},"end":{"line":31,"column":20}},"loc":{"start":{"line":31,"column":27},"end":{"line":38,"column":7}}},"5":{"name":"(anonymous_5)","decl":{"start":{"line":32,"column":24},"end":{"line":32,"column":25}},"loc":{"start":{"line":32,"column":33},"end":{"line":34,"column":9}}},"6":{"name":"(anonymous_6)","decl":{"start":{"line":35,"column":26},"end":{"line":35,"column":27}},"loc":{"start":{"line":35,"column":35},"end":{"line":37,"column":9}}},"7":{"name":"(anonymous_7)","decl":{"start":{"line":43,"column":10},"end":{"line":43,"column":15}},"loc":{"start":{"line":43,"column":75},"end":{"line":54,"column":3}}},"8":{"name":"(anonymous_8)","decl":{"start":{"line":46,"column":41},"end":{"line":46,"column":42}},"loc":{"start":{"line":46,"column":49},"end":{"line":52,"column":5}}},"9":{"name":"(anonymous_9)","decl":{"start":{"line":47,"column":19},"end":{"line":47,"column":20}},"loc":{"start":{"line":47,"column":27},"end":{"line":51,"column":7}}},"10":{"name":"(anonymous_10)","decl":{"start":{"line":48,"column":24},"end":{"line":48,"column":25}},"loc":{"start":{"line":48,"column":33},"end":{"line":50,"column":9}}},"11":{"name":"(anonymous_11)","decl":{"start":{"line":56,"column":10},"end":{"line":56,"column":15}},"loc":{"start":{"line":56,"column":75},"end":{"line":64,"column":3}}},"12":{"name":"(anonymous_12)","decl":{"start":{"line":59,"column":24},"end":{"line":59,"column":25}},"loc":{"start":{"line":59,"column":32},"end":{"line":62,"column":8}}},"13":{"name":"(anonymous_13)","decl":{"start":{"line":66,"column":2},"end":{"line":66,"column":7}},"loc":{"start":{"line":66,"column":57},"end":{"line":87,"column":3}}},"14":{"name":"(anonymous_14)","decl":{"start":{"line":72,"column":19},"end":{"line":72,"column":20}},"loc":{"start":{"line":72,"column":28},"end":{"line":72,"column":50}}},"15":{"name":"(anonymous_15)","decl":{"start":{"line":75,"column":19},"end":{"line":75,"column":20}},"loc":{"start":{"line":75,"column":40},"end":{"line":75,"column":74}}},"16":{"name":"(anonymous_16)","decl":{"start":{"line":79,"column":20},"end":{"line":79,"column":21}},"loc":{"start":{"line":79,"column":40},"end":{"line":86,"column":5}}},"17":{"name":"(anonymous_17)","decl":{"start":{"line":89,"column":10},"end":{"line":89,"column":30}},"loc":{"start":{"line":89,"column":44},"end":{"line":98,"column":3}}}},"branchMap":{"0":{"loc":{"start":{"line":19,"column":4},"end":{"line":24,"column":null}},"type":"switch","locations":[{"start":{"line":20,"column":6},"end":{"line":20,"column":62}},{"start":{"line":21,"column":6},"end":{"line":21,"column":62}},{"start":{"line":22,"column":6},"end":{"line":22,"column":62}},{"start":{"line":23,"column":6},"end":{"line":23,"column":27}}]},"1":{"loc":{"start":{"line":68,"column":4},"end":{"line":68,"column":67}},"type":"if","locations":[{"start":{"line":68,"column":4},"end":{"line":68,"column":67}}]},"2":{"loc":{"start":{"line":68,"column":8},"end":{"line":68,"column":58}},"type":"binary-expr","locations":[{"start":{"line":68,"column":9},"end":{"line":68,"column":14}},{"start":{"line":68,"column":18},"end":{"line":68,"column":30}},{"start":{"line":68,"column":36},"end":{"line":68,"column":41}},{"start":{"line":68,"column":45},"end":{"line":68,"column":57}}]},"3":{"loc":{"start":{"line":71,"column":4},"end":{"line":73,"column":null}},"type":"if","locations":[{"start":{"line":71,"column":4},"end":{"line":73,"column":null}}]},"4":{"loc":{"start":{"line":71,"column":8},"end":{"line":71,"column":27}},"type":"binary-expr","locations":[{"start":{"line":71,"column":8},"end":{"line":71,"column":12}},{"start":{"line":71,"column":16},"end":{"line":71,"column":27}}]},"5":{"loc":{"start":{"line":74,"column":4},"end":{"line":76,"column":null}},"type":"if","locations":[{"start":{"line":74,"column":4},"end":{"line":76,"column":null}}]},"6":{"loc":{"start":{"line":74,"column":8},"end":{"line":74,"column":27}},"type":"binary-expr","locations":[{"start":{"line":74,"column":8},"end":{"line":74,"column":12}},{"start":{"line":74,"column":16},"end":{"line":74,"column":27}}]},"7":{"loc":{"start":{"line":80,"column":6},"end":{"line":80,"column":22}},"type":"if","locations":[{"start":{"line":80,"column":6},"end":{"line":80,"column":22}}]},"8":{"loc":{"start":{"line":81,"column":6},"end":{"line":85,"column":null}},"type":"if","locations":[{"start":{"line":81,"column":6},"end":{"line":85,"column":null}},{"start":{"line":83,"column":13},"end":{"line":85,"column":null}}]},"9":{"loc":{"start":{"line":83,"column":13},"end":{"line":85,"column":null}},"type":"if","locations":[{"start":{"line":83,"column":13},"end":{"line":85,"column":null}}]},"10":{"loc":{"start":{"line":83,"column":17},"end":{"line":83,"column":49}},"type":"binary-expr","locations":[{"start":{"line":83,"column":17},"end":{"line":83,"column":35}},{"start":{"line":83,"column":39},"end":{"line":83,"column":49}}]},"11":{"loc":{"start":{"line":90,"column":4},"end":{"line":93,"column":null}},"type":"if","locations":[{"start":{"line":90,"column":4},"end":{"line":93,"column":null}}]},"12":{"loc":{"start":{"line":95,"column":15},"end":{"line":95,"column":61}},"type":"binary-expr","locations":[{"start":{"line":95,"column":15},"end":{"line":95,"column":55}},{"start":{"line":95,"column":59},"end":{"line":95,"column":61}}]},"13":{"loc":{"start":{"line":96,"column":17},"end":{"line":96,"column":65}},"type":"binary-expr","locations":[{"start":{"line":96,"column":17},"end":{"line":96,"column":59}},{"start":{"line":96,"column":63},"end":{"line":96,"column":65}}]}},"s":{"0":2,"1":23,"2":23,"3":60,"4":50,"5":7,"6":3,"7":0,"8":7,"9":7,"10":7,"11":7,"12":17,"13":180,"14":17,"15":4,"16":7,"17":50,"18":50,"19":50,"20":50,"21":349,"22":3072,"23":50,"24":3,"25":3,"26":3,"27":46,"28":46,"29":23,"30":23,"31":23,"32":23,"33":207,"34":23,"35":23,"36":69,"37":23,"38":23,"39":23,"40":276,"41":0,"42":276,"43":0,"44":276,"45":0,"46":57,"47":23,"48":23,"49":57,"50":2},"f":{"0":23,"1":60,"2":7,"3":7,"4":17,"5":180,"6":4,"7":50,"8":50,"9":349,"10":3072,"11":3,"12":3,"13":46,"14":207,"15":69,"16":276,"17":57},"b":{"0":[50,7,3,0],"1":[23],"2":[46,46,23,23],"3":[23],"4":[23,23],"5":[23],"6":[23,23],"7":[0],"8":[0,276],"9":[0],"10":[276,69],"11":[23],"12":[57,26],"13":[57,31]}}
[...]
,"/home/boar/mg/libs/mondis/src/CachedQuery/invalidation/mongoose-plugin.ts": {"path":"/home/boar/mg/libs/mondis/src/CachedQuery/invalidation/mongoose-plugin.ts","statementMap":{"0":{"start":{"line":8,"column":0},"end":{"line":8,"column":null}},"1":{"start":{"line":27,"column":20},"end":{"line":27,"column":50}},"2":{"start":{"line":28,"column":34},"end":{"line":28,"column":58}},"3":{"start":{"line":29,"column":16},"end":{"line":29,"column":70}},"4":{"start":{"line":30,"column":2},"end":{"line":30,"column":34}},"5":{"start":{"line":30,"column":14},"end":{"line":30,"column":34}},"6":{"start":{"line":31,"column":2},"end":{"line":31,"column":32}},"7":{"start":{"line":31,"column":17},"end":{"line":31,"column":32}},"8":{"start":{"line":32,"column":2},"end":{"line":32,"column":57}},"9":{"start":{"line":32,"column":28},"end":{"line":32,"column":57}},"10":{"start":{"line":33,"column":2},"end":{"line":33,"column":67}},"11":{"start":{"line":33,"column":33},"end":{"line":33,"column":67}},"12":{"start":{"line":34,"column":2},"end":{"line":34,"column":48}},"13":{"start":{"line":38,"column":38},"end":{"line":38,"column":41}},"14":{"start":{"line":39,"column":24},"end":{"line":39,"column":53}},"15":{"start":{"line":40,"column":2},"end":{"line":40,"column":35}},"16":{"start":{"line":44,"column":35},"end":{"line":44,"column":40}},"17":{"start":{"line":45,"column":29},"end":{"line":45,"column":47}},"18":{"start":{"line":46,"column":17},"end":{"line":46,"column":52}},"19":{"start":{"line":47,"column":17},"end":{"line":47,"column":34}},"20":{"start":{"line":48,"column":2},"end":{"line":48,"column":47}},"21":{"start":{"line":51,"column":13},"end":{"line":51,"column":54}},"22":{"start":{"line":52,"column":16},"end":{"line":52,"column":57}},"23":{"start":{"line":60,"column":4},"end":{"line":60,"column":37}},"24":{"start":{"line":63,"column":2},"end":{"line":119,"column":4}},"25":{"start":{"line":65,"column":40},"end":{"line":65,"column":61}},"26":{"start":{"line":66,"column":6},"end":{"line":66,"column":29}},"27":{"start":{"line":66,"column":22},"end":{"line":66,"column":29}},"28":{"start":{"line":67,"column":6},"end":{"line":76,"column":null}},"29":{"start":{"line":68,"column":8},"end":{"line":68,"column":75}},"30":{"start":{"line":70,"column":25},"end":{"line":70,"column":51}},"31":{"start":{"line":71,"column":8},"end":{"line":71,"column":37}},"32":{"start":{"line":71,"column":30},"end":{"line":71,"column":37}},"33":{"start":{"line":72,"column":23},"end":{"line":72,"column":72}},"34":{"start":{"line":73,"column":8},"end":{"line":73,"column":28}},"35":{"start":{"line":73,"column":21},"end":{"line":73,"column":28}},"36":{"start":{"line":74,"column":22},"end":{"line":74,"column":37}},"37":{"start":{"line":75,"column":8},"end":{"line":75,"column":87}},"38":{"start":{"line":80,"column":22},"end":{"line":80,"column":43}},"39":{"start":{"line":81,"column":6},"end":{"line":81,"column":49}},"40":{"start":{"line":85,"column":52},"end":{"line":85,"column":70}},"41":{"start":{"line":86,"column":19},"end":{"line":86,"column":54}},"42":{"start":{"line":87,"column":6},"end":{"line":94,"column":null}},"43":{"start":{"line":88,"column":25},"end":{"line":88,"column":52}},"44":{"start":{"line":89,"column":31},"end":{"line":89,"column":62}},"45":{"start":{"line":90,"column":8},"end":{"line":90,"column":82}},"46":{"start":{"line":91,"column":13},"end":{"line":94,"column":null}},"47":{"start":{"line":92,"column":25},"end":{"line":92,"column":62}},"48":{"start":{"line":93,"column":8},"end":{"line":93,"column":68}},"49":{"start":{"line":98,"column":19},"end":{"line":98,"column":53}},"50":{"start":{"line":99,"column":6},"end":{"line":101,"column":null}},"51":{"start":{"line":100,"column":8},"end":{"line":100,"column":72}},"52":{"start":{"line":100,"column":60},"end":{"line":100,"column":67}},"53":{"start":{"line":107,"column":28},"end":{"line":107,"column":32}},"54":{"start":{"line":108,"column":19},"end":{"line":109,"column":49}},"55":{"start":{"line":109,"column":23},"end":{"line":109,"column":48}},"56":{"start":{"line":110,"column":6},"end":{"line":110,"column":54}},"57":{"start":{"line":111,"column":6},"end":{"line":111,"column":13}},"58":{"start":{"line":114,"column":4},"end":{"line":114,"column":56}},"59":{"start":{"line":115,"column":4},"end":{"line":115,"column":60}},"60":{"start":{"line":116,"column":4},"end":{"line":116,"column":99}},"61":{"start":{"line":117,"column":4},"end":{"line":117,"column":119}},"62":{"start":{"line":118,"column":4},"end":{"line":118,"column":44}},"63":{"start":{"line":58,"column":0},"end":{"line":58,"column":24}}},"fnMap":{"0":{"name":"findDocs","decl":{"start":{"line":26,"column":15},"end":{"line":26,"column":23}},"loc":{"start":{"line":26,"column":64},"end":{"line":35,"column":1}}},"1":{"name":"getDocumentInfo","decl":{"start":{"line":37,"column":9},"end":{"line":37,"column":24}},"loc":{"start":{"line":37,"column":44},"end":{"line":41,"column":1}}},"2":{"name":"getQueryInfo","decl":{"start":{"line":43,"column":9},"end":{"line":43,"column":21}},"loc":{"start":{"line":43,"column":40},"end":{"line":49,"column":1}}},"3":{"name":"bindPlugin","decl":{"start":{"line":58,"column":24},"end":{"line":58,"column":34}},"loc":{"start":{"line":58,"column":62},"end":{"line":120,"column":1}}},"4":{"name":"effect","decl":{"start":{"line":59,"column":11},"end":{"line":59,"column":17}},"loc":{"start":{"line":59,"column":34},"end":{"line":61,"column":3}}},"5":{"name":"mondisPlugin","decl":{"start":{"line":63,"column":18},"end":{"line":63,"column":30}},"loc":{"start":{"line":63,"column":45},"end":{"line":119,"column":3}}},"6":{"name":"preDocSave","decl":{"start":{"line":64,"column":19},"end":{"line":64,"column":29}},"loc":{"start":{"line":64,"column":29},"end":{"line":77,"column":5}}},"7":{"name":"preDocRemove","decl":{"start":{"line":79,"column":19},"end":{"line":79,"column":31}},"loc":{"start":{"line":79,"column":31},"end":{"line":82,"column":5}}},"8":{"name":"preQueryUpdate","decl":{"start":{"line":84,"column":19},"end":{"line":84,"column":33}},"loc":{"start":{"line":84,"column":33},"end":{"line":95,"column":5}}},"9":{"name":"preQueryRemove","decl":{"start":{"line":97,"column":19},"end":{"line":97,"column":33}},"loc":{"start":{"line":97,"column":33},"end":{"line":102,"column":5}}},"10":{"name":"(anonymous_10)","decl":{"start":{"line":100,"column":51},"end":{"line":100,"column":52}},"loc":{"start":{"line":100,"column":60},"end":{"line":100,"column":67}}},"11":{"name":"preInsertMany","decl":{"start":{"line":104,"column":19},"end":{"line":104,"column":32}},"loc":{"start":{"line":104,"column":87},"end":{"line":112,"column":5}}},"12":{"name":"(anonymous_12)","decl":{"start":{"line":109,"column":13},"end":{"line":109,"column":14}},"loc":{"start":{"line":109,"column":23},"end":{"line":109,"column":48}}}},"branchMap":{"0":{"loc":{"start":{"line":26,"column":50},"end":{"line":26,"column":64}},"type":"default-arg","locations":[{"start":{"line":26,"column":59},"end":{"line":26,"column":64}}]},"1":{"loc":{"start":{"line":30,"column":2},"end":{"line":30,"column":34}},"type":"if","locations":[{"start":{"line":30,"column":2},"end":{"line":30,"column":34}}]},"2":{"loc":{"start":{"line":31,"column":2},"end":{"line":31,"column":32}},"type":"if","locations":[{"start":{"line":31,"column":2},"end":{"line":31,"column":32}}]},"3":{"loc":{"start":{"line":32,"column":2},"end":{"line":32,"column":57}},"type":"if","locations":[{"start":{"line":32,"column":2},"end":{"line":32,"column":57}}]},"4":{"loc":{"start":{"line":33,"column":2},"end":{"line":33,"column":67}},"type":"if","locations":[{"start":{"line":33,"column":2},"end":{"line":33,"column":67}}]},"5":{"loc":{"start":{"line":45,"column":10},"end":{"line":45,"column":24}},"type":"default-arg","locations":[{"start":{"line":45,"column":19},"end":{"line":45,"column":24}}]},"6":{"loc":{"start":{"line":66,"column":6},"end":{"line":66,"column":29}},"type":"if","locations":[{"start":{"line":66,"column":6},"end":{"line":66,"column":29}}]},"7":{"loc":{"start":{"line":67,"column":6},"end":{"line":76,"column":null}},"type":"if","locations":[{"start":{"line":67,"column":6},"end":{"line":76,"column":null}},{"start":{"line":69,"column":13},"end":{"line":76,"column":null}}]},"8":{"loc":{"start":{"line":71,"column":8},"end":{"line":71,"column":37}},"type":"if","locations":[{"start":{"line":71,"column":8},"end":{"line":71,"column":37}}]},"9":{"loc":{"start":{"line":73,"column":8},"end":{"line":73,"column":28}},"type":"if","locations":[{"start":{"line":73,"column":8},"end":{"line":73,"column":28}}]},"10":{"loc":{"start":{"line":87,"column":6},"end":{"line":94,"column":null}},"type":"if","locations":[{"start":{"line":87,"column":6},"end":{"line":94,"column":null}},{"start":{"line":91,"column":13},"end":{"line":94,"column":null}}]},"11":{"loc":{"start":{"line":91,"column":13},"end":{"line":94,"column":null}},"type":"if","locations":[{"start":{"line":91,"column":13},"end":{"line":94,"column":null}}]},"12":{"loc":{"start":{"line":99,"column":6},"end":{"line":101,"column":null}},"type":"if","locations":[{"start":{"line":99,"column":6},"end":{"line":101,"column":null}}]},"13":{"loc":{"start":{"line":108,"column":20},"end":{"line":108,"column":58}},"type":"cond-expr","locations":[{"start":{"line":108,"column":43},"end":{"line":108,"column":48}},{"start":{"line":108,"column":51},"end":{"line":108,"column":58}}]}},"s":{"0":2,"1":11,"2":11,"3":11,"4":11,"5":3,"6":11,"7":10,"8":11,"9":0,"10":11,"11":0,"12":11,"13":3,"14":3,"15":3,"16":8,"17":8,"18":8,"19":8,"20":8,"21":2,"22":2,"23":60,"24":23,"25":3,"26":3,"27":0,"28":3,"29":3,"30":0,"31":0,"32":0,"33":0,"34":0,"35":0,"36":0,"37":0,"38":0,"39":0,"40":8,"41":8,"42":8,"43":7,"44":7,"45":7,"46":1,"47":1,"48":1,"49":3,"50":3,"51":3,"52":3,"53":46,"54":46,"55":345,"56":46,"57":46,"58":46,"59":46,"60":46,"61":46,"62":46,"63":2},"f":{"0":11,"1":3,"2":8,"3":23,"4":60,"5":46,"6":3,"7":0,"8":8,"9":3,"10":3,"11":46,"12":345},"b":{"0":[0],"1":[3],"2":[10],"3":[0],"4":[0],"5":[7],"6":[0],"7":[3,0],"8":[0],"9":[0],"10":[7,1],"11":[1],"12":[3],"13":[46,0]}}
,"/home/boar/mg/libs/mondis/tests/setup.ts": {"path":"/home/boar/mg/libs/mondis/tests/setup.ts","statementMap":{"0":{"start":{"line":1,"column":0},"end":{"line":1,"column":50}},"1":{"start":{"line":3,"column":0},"end":{"line":3,"column":28}},"2":{"start":{"line":4,"column":0},"end":{"line":4,"column":79}},"3":{"start":{"line":5,"column":0},"end":{"line":5,"column":35}},"4":{"start":{"line":29,"column":2},"end":{"line":31,"column":4}},"5":{"start":{"line":28,"column":0},"end":{"line":28,"column":16}},"6":{"start":{"line":34,"column":13},"end":{"line":39,"column":11}},"7":{"start":{"line":41,"column":13},"end":{"line":53,"column":11}},"8":{"start":{"line":55,"column":13},"end":{"line":100,"column":2}},"9":{"start":{"line":57,"column":4},"end":{"line":57,"column":76}},"10":{"start":{"line":60,"column":4},"end":{"line":60,"column":101}},"11":{"start":{"line":63,"column":4},"end":{"line":63,"column":67}},"12":{"start":{"line":67,"column":4},"end":{"line":67,"column":72}},"13":{"start":{"line":70,"column":4},"end":{"line":70,"column":60}},"14":{"start":{"line":73,"column":4},"end":{"line":73,"column":87}},"15":{"start":{"line":76,"column":4},"end":{"line":76,"column":62}},"16":{"start":{"line":79,"column":4},"end":{"line":79,"column":65}},"17":{"start":{"line":82,"column":4},"end":{"line":82,"column":62}},"18":{"start":{"line":85,"column":4},"end":{"line":85,"column":73}},"19":{"start":{"line":88,"column":4},"end":{"line":88,"column":95}},"20":{"start":{"line":92,"column":4},"end":{"line":92,"column":45}},"21":{"start":{"line":95,"column":4},"end":{"line":95,"column":47}},"22":{"start":{"line":98,"column":4},"end":{"line":98,"column":46}},"23":{"start":{"line":105,"column":18},"end":{"line":196,"column":13}},"24":{"start":{"line":124,"column":24},"end":{"line":124,"column":32}},"25":{"start":{"line":131,"column":25},"end":{"line":131,"column":42}},"26":{"start":{"line":138,"column":26},"end":{"line":138,"column":58}},"27":{"start":{"line":145,"column":25},"end":{"line":145,"column":49}},"28":{"start":{"line":152,"column":28},"end":{"line":152,"column":57}},"29":{"start":{"line":159,"column":23},"end":{"line":159,"column":30}},"30":{"start":{"line":190,"column":23},"end":{"line":190,"column":44}},"31":{"start":{"line":198,"column":16},"end":{"line":198,"column":44}},"32":{"start":{"line":199,"column":19},"end":{"line":199,"column":48}},"33":{"start":{"line":200,"column":17},"end":{"line":200,"column":57}},"34":{"start":{"line":202,"column":2},"end":{"line":202,"column":35}},"35":{"start":{"line":203,"column":18},"end":{"line":208,"column":5}},"36":{"start":{"line":209,"column":17},"end":{"line":212,"column":5}},"37":{"start":{"line":214,"column":2},"end":{"line":217,"column":5}},"38":{"start":{"line":215,"column":21},"end":{"line":215,"column":64}},"39":{"start":{"line":216,"column":4},"end":{"line":216,"column":69}},"40":{"start":{"line":219,"column":2},"end":{"line":219,"column":56}},"41":{"start":{"line":220,"column":2},"end":{"line":223,"column":5}},"42":{"start":{"line":224,"column":2},"end":{"line":227,"column":5}},"43":{"start":{"line":229,"column":2},"end":{"line":229,"column":75}},"44":{"start":{"line":104,"column":0},"end":{"line":104,"column":7}},"45":{"start":{"line":237,"column":2},"end":{"line":242,"column":5}},"46":{"start":{"line":238,"column":20},"end":{"line":238,"column":43}},"47":{"start":{"line":239,"column":4},"end":{"line":239,"column":27}},"48":{"start":{"line":240,"column":32},"end":{"line":240,"column":39}},"49":{"start":{"line":241,"column":4},"end":{"line":241,"column":67}},"50":{"start":{"line":232,"column":0},"end":{"line":232,"column":16}}},"fnMap":{"0":{"name":"oid","decl":{"start":{"line":28,"column":16},"end":{"line":28,"column":19}},"loc":{"start":{"line":28,"column":32},"end":{"line":32,"column":1}}},"1":{"name":"(anonymous_8)","decl":{"start":{"line":56,"column":13},"end":{"line":56,"column":14}},"loc":{"start":{"line":57,"column":4},"end":{"line":57,"column":76}}},"2":{"name":"(anonymous_9)","decl":{"start":{"line":59,"column":25},"end":{"line":59,"column":26}},"loc":{"start":{"line":60,"column":4},"end":{"line":60,"column":101}}},"3":{"name":"(anonymous_10)","decl":{"start":{"line":62,"column":16},"end":{"line":62,"column":17}},"loc":{"start":{"line":63,"column":4},"end":{"line":63,"column":67}}},"4":{"name":"(anonymous_11)","decl":{"start":{"line":66,"column":18},"end":{"line":66,"column":19}},"loc":{"start":{"line":67,"column":4},"end":{"line":67,"column":72}}},"5":{"name":"(anonymous_12)","decl":{"start":{"line":69,"column":19},"end":{"line":69,"column":20}},"loc":{"start":{"line":70,"column":4},"end":{"line":70,"column":60}}},"6":{"name":"(anonymous_13)","decl":{"start":{"line":72,"column":19},"end":{"line":72,"column":20}},"loc":{"start":{"line":73,"column":4},"end":{"line":73,"column":87}}},"7":{"name":"(anonymous_14)","decl":{"start":{"line":75,"column":18},"end":{"line":75,"column":19}},"loc":{"start":{"line":76,"column":4},"end":{"line":76,"column":62}}},"8":{"name":"(anonymous_15)","decl":{"start":{"line":78,"column":21},"end":{"line":78,"column":22}},"loc":{"start":{"line":79,"column":4},"end":{"line":79,"column":65}}},"9":{"name":"(anonymous_16)","decl":{"start":{"line":81,"column":18},"end":{"line":81,"column":19}},"loc":{"start":{"line":82,"column":4},"end":{"line":82,"column":62}}},"10":{"name":"(anonymous_17)","decl":{"start":{"line":84,"column":19},"end":{"line":84,"column":20}},"loc":{"start":{"line":85,"column":4},"end":{"line":85,"column":73}}},"11":{"name":"(anonymous_18)","decl":{"start":{"line":87,"column":21},"end":{"line":87,"column":22}},"loc":{"start":{"line":88,"column":4},"end":{"line":88,"column":95}}},"12":{"name":"(anonymous_19)","decl":{"start":{"line":91,"column":13},"end":{"line":91,"column":14}},"loc":{"start":{"line":92,"column":4},"end":{"line":92,"column":45}}},"13":{"name":"(anonymous_20)","decl":{"start":{"line":94,"column":15},"end":{"line":94,"column":16}},"loc":{"start":{"line":95,"column":4},"end":{"line":95,"column":47}}},"14":{"name":"(anonymous_21)","decl":{"start":{"line":97,"column":15},"end":{"line":97,"column":16}},"loc":{"start":{"line":98,"column":4},"end":{"line":98,"column":46}}},"15":{"name":"init","decl":{"start":{"line":104,"column":22},"end":{"line":104,"column":26}},"loc":{"start":{"line":104,"column":60},"end":{"line":230,"column":1}}},"16":{"name":"(anonymous_23)","decl":{"start":{"line":124,"column":13},"end":{"line":124,"column":14}},"loc":{"start":{"line":124,"column":24},"end":{"line":124,"column":32}}},"17":{"name":"(anonymous_24)","decl":{"start":{"line":131,"column":13},"end":{"line":131,"column":14}},"loc":{"start":{"line":131,"column":25},"end":{"line":131,"column":42}}},"18":{"name":"(anonymous_25)","decl":{"start":{"line":138,"column":13},"end":{"line":138,"column":14}},"loc":{"start":{"line":138,"column":26},"end":{"line":138,"column":58}}},"19":{"name":"(anonymous_26)","decl":{"start":{"line":145,"column":13},"end":{"line":145,"column":14}},"loc":{"start":{"line":145,"column":25},"end":{"line":145,"column":49}}},"20":{"name":"(anonymous_27)","decl":{"start":{"line":152,"column":13},"end":{"line":152,"column":14}},"loc":{"start":{"line":152,"column":28},"end":{"line":152,"column":57}}},"21":{"name":"(anonymous_28)","decl":{"start":{"line":159,"column":13},"end":{"line":159,"column":14}},"loc":{"start":{"line":159,"column":23},"end":{"line":159,"column":30}}},"22":{"name":"(anonymous_29)","decl":{"start":{"line":190,"column":13},"end":{"line":190,"column":14}},"loc":{"start":{"line":190,"column":23},"end":{"line":190,"column":44}}},"23":{"name":"(anonymous_30)","decl":{"start":{"line":214,"column":41},"end":{"line":214,"column":42}},"loc":{"start":{"line":214,"column":65},"end":{"line":217,"column":3}}},"24":{"name":"mondisTest","decl":{"start":{"line":232,"column":16},"end":{"line":232,"column":26}},"loc":{"start":{"line":235,"column":40},"end":{"line":243,"column":1}}},"25":{"name":"(anonymous_32)","decl":{"start":{"line":237,"column":11},"end":{"line":237,"column":16}},"loc":{"start":{"line":237,"column":22},"end":{"line":242,"column":3}}}},"branchMap":{"0":{"loc":{"start":{"line":235,"column":2},"end":{"line":235,"column":40}},"type":"default-arg","locations":[{"start":{"line":235,"column":38},"end":{"line":235,"column":40}}]}},"s":{"0":2,"1":2,"2":2,"3":2,"4":76,"5":2,"6":2,"7":2,"8":2,"9":1,"10":1,"11":1,"12":1,"13":1,"14":1,"15":1,"16":1,"17":1,"18":1,"19":1,"20":1,"21":1,"22":1,"23":23,"24":33,"25":33,"26":33,"27":33,"28":33,"29":33,"30":33,"31":23,"32":23,"33":23,"34":23,"35":23,"36":23,"37":23,"38":276,"39":276,"40":23,"41":23,"42":23,"43":23,"44":2,"45":23,"46":23,"47":23,"48":23,"49":23,"50":2},"f":{"0":76,"1":1,"2":1,"3":1,"4":1,"5":1,"6":1,"7":1,"8":1,"9":1,"10":1,"11":1,"12":1,"13":1,"14":1,"15":23,"16":33,"17":33,"18":33,"19":33,"20":33,"21":33,"22":33,"23":276,"24":23,"25":23},"b":{"0":[19]}}
}
