TN:
SF:src/mondis.ts
FN:74,(anonymous_1)
FN:80,(anonymous_2)
FN:83,(anonymous_3)
FN:91,(anonymous_4)
FN:95,(anonymous_5)
FN:101,(anonymous_6)
FN:106,(anonymous_7)
FNF:7
FNH:7
FNDA:1,(anonymous_1)
FNDA:1,(anonymous_2)
FNDA:2,(anonymous_3)
FNDA:1,(anonymous_4)
FNDA:24,(anonymous_5)
FNDA:1016,(anonymous_6)
FNDA:296,(anonymous_7)
DA:5,1
DA:6,1
DA:7,1
DA:23,1
DA:75,1
DA:76,1
DA:77,1
DA:81,1
DA:82,1
DA:83,1
DA:84,2
DA:86,1
DA:88,1
DA:92,1
DA:96,24
DA:97,24
DA:98,24
DA:102,1016
DA:103,1016
DA:107,296
DA:108,296
DA:112,1
LF:22
LH:22
BRDA:77,0,0,1
BRDA:77,0,1,0
BRDA:82,1,0,1
BRDA:88,2,0,1
BRDA:102,3,0,0
BRDA:107,4,0,0
BRF:6
BRH:3
end_of_record
TN:
SF:src/CachedQuery/index.ts
FN:47,(anonymous_0)
FN:53,(anonymous_1)
FN:57,(anonymous_2)
FN:74,(anonymous_3)
FN:102,(anonymous_4)
FN:113,(anonymous_5)
FN:130,(anonymous_6)
FN:134,(anonymous_7)
FN:142,(anonymous_8)
FN:157,(anonymous_9)
FN:167,(anonymous_10)
FN:203,(anonymous_11)
FN:209,(anonymous_12)
FN:232,(anonymous_13)
FN:259,(anonymous_14)
FN:274,(anonymous_15)
FN:280,(anonymous_16)
FN:287,(anonymous_17)
FNF:18
FNH:18
FNDA:586,(anonymous_0)
FNDA:176,(anonymous_1)
FNDA:60,(anonymous_2)
FNDA:24,(anonymous_3)
FNDA:446,(anonymous_4)
FNDA:296,(anonymous_5)
FNDA:284,(anonymous_6)
FNDA:12,(anonymous_7)
FNDA:136,(anonymous_8)
FNDA:681,(anonymous_9)
FNDA:350,(anonymous_10)
FNDA:24,(anonymous_11)
FNDA:48,(anonymous_12)
FNDA:24,(anonymous_13)
FNDA:754,(anonymous_14)
FNDA:742,(anonymous_15)
FNDA:16,(anonymous_16)
FNDA:200,(anonymous_17)
DA:1,1
DA:11,1
DA:48,586
DA:49,586
DA:50,586
DA:54,176
DA:58,60
DA:75,24
DA:87,24
DA:88,24
DA:103,446
DA:104,446
DA:105,446
DA:106,0
DA:109,446
DA:110,446
DA:114,296
DA:115,296
DA:116,296
DA:117,296
DA:118,296
DA:119,50
DA:121,246
DA:122,246
DA:123,246
DA:125,296
DA:126,296
DA:127,296
DA:131,284
DA:135,12
DA:136,12
DA:143,136
DA:144,136
DA:145,136
DA:146,136
DA:147,136
DA:148,136
DA:150,136
DA:151,136
DA:152,136
DA:153,136
DA:154,136
DA:155,136
DA:156,136
DA:157,136
DA:158,681
DA:159,681
DA:161,136
DA:168,350
DA:169,350
DA:170,350
DA:171,350
DA:174,350
DA:175,120
DA:178,230
DA:179,230
DA:180,156
DA:181,156
DA:182,156
DA:183,66
DA:189,230
DA:190,164
DA:195,164
DA:196,136
DA:199,230
DA:200,230
DA:204,24
DA:205,24
DA:206,24
DA:210,48
DA:211,48
DA:216,48
DA:217,24
DA:219,24
DA:220,24
DA:221,24
DA:226,24
DA:233,24
DA:234,24
DA:235,24
DA:236,24
DA:237,0
DA:238,0
DA:241,24
DA:242,24
DA:243,24
DA:248,24
DA:249,12
DA:250,12
DA:251,12
DA:256,24
DA:260,754
DA:261,350
DA:262,350
DA:263,350
DA:264,230
DA:265,230
DA:267,120
DA:275,742
DA:276,24
DA:277,24
DA:278,8
DA:280,16
DA:281,16
DA:284,742
DA:288,200
DA:289,20
DA:290,20
DA:292,200
DA:296,1
LF:110
LH:107
BRDA:79,0,0,24
BRDA:80,1,0,0
BRDA:81,2,0,24
BRDA:82,3,0,0
BRDA:83,4,0,24
BRDA:84,5,0,20
BRDA:85,6,0,24
BRDA:86,7,0,24
BRDA:102,8,0,0
BRDA:104,9,0,294
BRDA:104,9,1,152
BRDA:105,10,0,0
BRDA:118,11,0,50
BRDA:118,11,1,246
BRDA:121,12,0,0
BRDA:122,13,0,20
BRDA:123,14,0,40
BRDA:123,15,0,246
BRDA:123,15,1,146
BRDA:125,16,0,296
BRDA:126,17,0,148
BRDA:171,18,0,278
BRDA:171,19,0,264
BRDA:174,20,0,120
BRDA:174,21,0,350
BRDA:174,21,1,160
BRDA:174,21,2,242
BRDA:174,21,3,134
BRDA:179,22,0,156
BRDA:182,23,0,66
BRDA:189,24,0,164
BRDA:195,25,0,136
BRDA:195,26,0,164
BRDA:195,26,1,28
BRDA:199,27,0,0
BRDA:206,28,0,24
BRDA:206,28,1,4
BRDA:216,29,0,24
BRDA:235,30,0,24
BRDA:236,31,0,0
BRDA:241,32,0,24
BRDA:248,33,0,12
BRDA:256,34,0,12
BRDA:256,34,1,12
BRDA:260,35,0,404
BRDA:262,36,0,24
BRDA:262,36,1,326
BRDA:262,37,0,350
BRDA:262,37,1,350
BRDA:263,38,0,230
BRDA:264,39,0,16
BRDA:264,39,1,214
BRDA:275,40,0,24
BRDA:277,41,0,8
BRDA:277,41,1,16
BRDA:288,42,0,20
BRF:56
BRH:49
end_of_record
TN:
SF:src/CachedQuery/invalidation.ts
FN:12,union
FN:14,(anonymous_1)
FN:15,(anonymous_2)
FN:21,flattenRedisMulti
FN:24,(anonymous_4)
FN:34,getInsertInvalidation
FN:52,(anonymous_6)
FN:57,parseCacheKey
FN:69,(anonymous_8)
FN:75,(anonymous_9)
FN:85,(anonymous_10)
FN:96,(anonymous_11)
FN:100,(anonymous_12)
FN:109,(anonymous_13)
FN:114,(anonymous_14)
FN:119,(anonymous_15)
FN:129,(anonymous_16)
FN:133,(anonymous_17)
FN:143,(anonymous_18)
FN:150,(anonymous_19)
FN:161,(anonymous_20)
FNF:21
FNH:20
FNDA:256,union
FNDA:728,(anonymous_1)
FNDA:144,(anonymous_2)
FNDA:168,flattenRedisMulti
FNDA:552,(anonymous_4)
FNDA:240,getInsertInvalidation
FNDA:64,(anonymous_6)
FNDA:67,parseCacheKey
FNDA:1,(anonymous_8)
FNDA:384,(anonymous_9)
FNDA:216,(anonymous_10)
FNDA:168,(anonymous_11)
FNDA:552,(anonymous_12)
FNDA:122,(anonymous_13)
FNDA:122,(anonymous_14)
FNDA:122,(anonymous_15)
FNDA:67,(anonymous_16)
FNDA:67,(anonymous_17)
FNDA:216,(anonymous_18)
FNDA:240,(anonymous_19)
FNDA:0,(anonymous_20)
DA:5,1
DA:13,256
DA:14,256
DA:15,728
DA:17,256
DA:22,168
DA:23,168
DA:24,168
DA:25,552
DA:26,552
DA:28,168
DA:39,240
DA:42,240
DA:44,200
DA:46,200
DA:47,200
DA:50,136
DA:52,96
DA:53,96
DA:56,1
DA:58,67
DA:59,67
DA:60,67
DA:66,1
DA:67,1
DA:70,1
DA:76,384
DA:77,384
DA:78,216
DA:80,384
DA:81,168
DA:86,216
DA:87,216
DA:89,216
DA:90,216
DA:91,216
DA:93,88
DA:97,168
DA:98,168
DA:99,168
DA:100,552
DA:101,168
DA:102,168
DA:103,168
DA:104,168
DA:106,34
DA:110,122
DA:112,122
DA:113,122
DA:114,122
DA:115,122
DA:116,122
DA:118,122
DA:119,122
DA:120,122
DA:121,122
DA:122,122
DA:125,122
DA:126,67
DA:130,67
DA:132,67
DA:133,67
DA:134,67
DA:135,67
DA:136,67
DA:137,62
DA:140,67
DA:144,216
DA:145,216
DA:146,216
DA:147,216
DA:149,216
DA:150,168
DA:151,240
DA:152,240
DA:153,136
DA:154,136
DA:155,136
DA:158,216
DA:162,0
LF:80
LH:79
BRDA:22,0,0,0
BRDA:25,1,0,0
BRDA:42,2,0,40
BRDA:42,3,0,240
BRDA:42,3,1,200
BRDA:42,3,2,200
BRDA:47,4,0,64
BRDA:50,5,0,40
BRDA:58,6,0,67
BRDA:58,6,1,0
BRDA:59,7,0,0
BRDA:59,8,0,67
BRDA:59,8,1,67
BRDA:77,9,0,216
BRDA:80,10,0,168
BRDA:90,11,0,28
BRDA:90,11,1,188
BRDA:91,12,0,128
BRDA:91,13,0,216
BRDA:91,13,1,148
BRDA:102,14,0,0
BRDA:104,15,0,134
BRDA:110,16,0,0
BRDA:116,17,0,0
BRDA:116,18,0,122
BRDA:116,18,1,122
BRDA:120,19,0,0
BRDA:122,20,0,67
BRDA:122,21,0,122
BRDA:122,21,1,122
BRDA:125,22,0,55
BRDA:130,23,0,0
BRDA:136,24,0,5
BRDA:136,25,0,67
BRDA:136,25,1,62
BRDA:152,26,0,104
BRDA:154,27,0,40
BRDA:155,28,0,96
BRF:38
BRH:29
end_of_record
TN:
SF:src/CachedQuery/lib.ts
FN:12,walk
FN:34,updateValue
FN:35,(anonymous_3)
FN:38,setValue
FN:39,(anonymous_5)
FN:42,unsetValue
FN:44,(anonymous_7)
FN:51,getValue
FN:53,(anonymous_9)
FN:57,hasObjectId
FN:69,collectPopulatedIds
FN:73,(anonymous_12)
FN:73,(anonymous_13)
FN:77,(anonymous_14)
FN:78,(anonymous_15)
FN:83,(anonymous_16)
FN:86,(anonymous_17)
FN:100,skipAndLimit
FN:116,classifyQueryKeys
FN:125,(anonymous_20)
FN:131,findParam
FN:138,(anonymous_22)
FN:141,(anonymous_23)
FN:144,(anonymous_24)
FN:153,jsonHash
FN:162,(anonymous_26)
FN:167,(anonymous_27)
FN:169,(anonymous_28)
FN:172,(anonymous_29)
FN:178,(anonymous_30)
FN:180,(anonymous_31)
FNF:31
FNH:27
FNDA:487,walk
FNDA:132,updateValue
FNDA:132,(anonymous_3)
FNDA:60,setValue
FNDA:60,(anonymous_5)
FNDA:7,unsetValue
FNDA:7,(anonymous_7)
FNDA:284,getValue
FNDA:284,(anonymous_9)
FNDA:197,hasObjectId
FNDA:136,collectPopulatedIds
FNDA:528,(anonymous_12)
FNDA:528,(anonymous_13)
FNDA:264,(anonymous_14)
FNDA:264,(anonymous_15)
FNDA:197,(anonymous_16)
FNDA:0,(anonymous_17)
FNDA:254,skipAndLimit
FNDA:20,classifyQueryKeys
FNDA:12,(anonymous_20)
FNDA:24,findParam
FNDA:8,(anonymous_22)
FNDA:16,(anonymous_23)
FNDA:16,(anonymous_24)
FNDA:24,jsonHash
FNDA:1,(anonymous_26)
FNDA:384,(anonymous_27)
FNDA:384,(anonymous_28)
FNDA:0,(anonymous_29)
FNDA:0,(anonymous_30)
FNDA:0,(anonymous_31)
DA:1,2
DA:2,2
DA:3,2
DA:18,487
DA:19,487
DA:20,487
DA:22,487
DA:23,483
DA:25,4
DA:26,4
DA:27,0
DA:29,4
DA:30,4
DA:34,2
DA:35,132
DA:38,2
DA:39,60
DA:42,2
DA:44,7
DA:45,7
DA:46,7
DA:48,7
DA:51,2
DA:53,284
DA:54,284
DA:57,2
DA:58,197
DA:69,2
DA:73,528
DA:74,136
DA:75,68
DA:77,68
DA:78,264
DA:79,264
DA:80,264
DA:82,197
DA:83,197
DA:84,197
DA:85,197
DA:86,0
DA:88,197
DA:94,68
DA:100,2
DA:101,254
DA:102,254
DA:103,254
DA:104,254
DA:105,254
DA:106,134
DA:108,120
DA:116,2
DA:119,20
DA:120,8
DA:122,12
DA:125,12
DA:126,12
DA:129,12
DA:130,12
DA:132,24
DA:133,20
DA:134,20
DA:135,12
DA:136,12
DA:138,8
DA:141,16
DA:143,12
DA:144,12
DA:145,16
DA:146,4
DA:150,12
DA:153,2
DA:154,24
DA:155,24
DA:162,2
DA:163,1
DA:165,1
DA:168,384
DA:169,384
DA:170,384
DA:171,384
DA:172,0
DA:173,0
DA:179,0
DA:180,0
DA:181,0
LF:85
LH:78
BRDA:18,0,0,0
BRDA:20,1,0,487
BRDA:20,1,1,0
BRDA:22,2,0,483
BRDA:22,2,1,4
BRDA:26,3,0,0
BRDA:26,4,0,4
BRDA:26,4,1,1
BRDA:59,5,0,197
BRDA:59,5,1,197
BRDA:59,5,2,197
BRDA:74,6,0,68
BRDA:80,7,0,67
BRDA:80,8,0,264
BRDA:80,8,1,197
BRDA:82,9,0,0
BRDA:82,9,1,197
BRDA:84,10,0,0
BRDA:85,11,0,0
BRDA:85,11,1,197
BRDA:101,12,0,230
BRDA:101,12,1,24
BRDA:102,13,0,122
BRDA:102,13,1,132
BRDA:103,14,0,0
BRDA:104,15,0,0
BRDA:104,16,0,254
BRDA:104,16,1,122
BRDA:105,17,0,134
BRDA:105,18,0,254
BRDA:105,18,1,230
BRDA:106,19,0,122
BRDA:106,19,1,12
BRDA:119,20,0,8
BRDA:119,21,0,20
BRDA:119,21,1,20
BRDA:122,22,0,0
BRDA:122,23,0,12
BRDA:122,23,1,12
BRDA:131,24,0,16
BRDA:132,25,0,4
BRDA:132,26,0,24
BRDA:132,26,1,24
BRDA:134,27,0,12
BRDA:134,27,1,8
BRDA:135,28,0,4
BRDA:145,29,0,4
BRDA:171,30,0,0
BRDA:171,31,0,384
BRDA:171,31,1,243
BRDA:179,32,0,0
BRF:51
BRH:40
end_of_record
TN:
SF:src/CachedQuery/mongoOperators.ts
FN:33,(anonymous_0)
FN:34,(anonymous_1)
FN:41,(anonymous_2)
FN:47,(anonymous_3)
FN:51,(anonymous_4)
FN:55,(anonymous_5)
FN:57,(anonymous_6)
FN:63,(anonymous_7)
FN:68,(anonymous_8)
FN:71,(anonymous_9)
FN:74,(anonymous_10)
FN:77,(anonymous_11)
FN:87,(anonymous_12)
FN:103,(anonymous_13)
FN:115,isSupportedOperator
FN:119,assertOperatorIsValid
FN:123,parseUpdateQuery
FN:127,addFieldToSetOp
FN:131,(anonymous_18)
FN:138,(anonymous_19)
FN:151,getFilterValue
FN:155,(anonymous_21)
FN:161,applyUpdates
FN:162,(anonymous_23)
FN:165,(anonymous_24)
FN:168,(anonymous_25)
FN:175,buildUpsertedDocument
FN:179,(anonymous_27)
FN:189,applyUpdateQuery
FNF:29
FNH:28
FNDA:128,(anonymous_0)
FNDA:128,(anonymous_1)
FNDA:128,(anonymous_2)
FNDA:4,(anonymous_3)
FNDA:4,(anonymous_4)
FNDA:4,(anonymous_5)
FNDA:4,(anonymous_6)
FNDA:3,(anonymous_7)
FNDA:51,(anonymous_8)
FNDA:49,(anonymous_9)
FNDA:4,(anonymous_10)
FNDA:4,(anonymous_11)
FNDA:4,(anonymous_12)
FNDA:4,(anonymous_13)
FNDA:257,isSupportedOperator
FNDA:116,assertOperatorIsValid
FNDA:117,parseUpdateQuery
FNDA:4,addFieldToSetOp
FNDA:116,(anonymous_18)
FNDA:4,(anonymous_19)
FNDA:24,getFilterValue
FNDA:0,(anonymous_21)
FNDA:117,applyUpdates
FNDA:141,(anonymous_23)
FNDA:188,(anonymous_24)
FNDA:259,(anonymous_25)
FNDA:25,buildUpsertedDocument
FNDA:24,(anonymous_27)
FNDA:92,applyUpdateQuery
DA:3,2
DA:18,2
DA:32,2
DA:34,128
DA:35,128
DA:36,3
DA:37,2
DA:38,1
DA:39,0
DA:41,128
DA:42,128
DA:43,127
DA:44,0
DA:48,4
DA:49,4
DA:52,4
DA:53,4
DA:56,4
DA:57,4
DA:58,4
DA:59,4
DA:60,0
DA:64,3
DA:65,3
DA:66,3
DA:69,51
DA:75,4
DA:78,4
DA:79,4
DA:80,1
DA:81,3
DA:82,3
DA:84,0
DA:88,4
DA:89,4
DA:91,3
DA:92,3
DA:93,2
DA:94,1
DA:95,1
DA:97,0
DA:100,0
DA:104,4
DA:105,4
DA:106,1
DA:107,3
DA:108,3
DA:110,0
DA:116,257
DA:120,116
DA:124,117
DA:125,117
DA:126,117
DA:128,4
DA:129,4
DA:131,117
DA:132,116
DA:133,0
DA:134,116
DA:135,116
DA:136,116
DA:137,116
DA:138,4
DA:139,4
DA:142,112
DA:145,0
DA:148,117
DA:152,24
DA:153,0
DA:154,0
DA:155,0
DA:156,0
DA:158,24
DA:162,117
DA:163,141
DA:164,141
DA:165,141
DA:166,188
DA:167,187
DA:168,187
DA:169,259
DA:175,2
DA:176,25
DA:177,25
DA:179,25
DA:180,24
DA:181,24
DA:184,25
DA:185,25
DA:186,25
DA:189,2
DA:190,92
LF:92
LH:79
BRDA:35,0,0,125
BRDA:35,1,0,128
BRDA:35,1,1,125
BRDA:36,2,0,1
BRDA:37,3,0,1
BRDA:38,4,0,1
BRDA:42,5,0,1
BRDA:43,6,0,127
BRDA:49,7,0,3
BRDA:53,8,0,1
BRDA:56,9,0,0
BRDA:58,10,0,0
BRDA:59,11,0,4
BRDA:64,12,0,0
BRDA:79,13,0,1
BRDA:79,13,1,3
BRDA:81,14,0,3
BRDA:81,14,1,0
BRDA:82,15,0,2
BRDA:89,16,0,1
BRDA:89,16,1,3
BRDA:91,17,0,3
BRDA:91,17,1,0
BRDA:92,18,0,2
BRDA:92,18,1,1
BRDA:92,19,0,3
BRDA:92,19,1,2
BRDA:94,20,0,1
BRDA:94,20,1,0
BRDA:105,21,0,1
BRDA:105,21,1,3
BRDA:107,22,0,3
BRDA:107,22,1,0
BRDA:120,23,0,0
BRDA:120,24,0,116
BRDA:120,24,1,116
BRDA:124,25,0,0
BRDA:125,26,0,0
BRDA:128,27,0,4
BRDA:132,28,0,0
BRDA:132,28,1,116
BRDA:134,29,0,116
BRDA:134,29,1,0
BRDA:135,30,0,0
BRDA:137,31,0,4
BRDA:137,31,1,112
BRDA:152,32,0,0
BRDA:152,33,0,24
BRDA:152,33,1,24
BRDA:154,34,0,0
BRDA:156,35,0,0
BRDA:163,36,0,0
BRDA:166,37,0,1
BRDA:167,38,0,0
BRDA:181,39,0,24
BRF:55
BRH:37
end_of_record
TN:
SF:src/CachedQuery/mongoosePlugin.ts
FN:21,findDocs
FN:32,getDocumentInfo
FN:38,getQueryInfo
FN:53,bindPlugin
FN:54,effect
FN:57,mondisPlugin
FN:58,preDocSave
FN:65,preDocRemove
FN:70,preQueryUpdate
FN:75,(anonymous_9)
FN:83,preQueryRemove
FN:87,(anonymous_11)
FN:91,preInsertMany
FN:96,(anonymous_13)
FNF:14
FNH:14
FNDA:144,findDocs
FNDA:120,getDocumentInfo
FNDA:144,getQueryInfo
FNDA:1,bindPlugin
FNDA:384,effect
FNDA:2,mondisPlugin
FNDA:96,preDocSave
FNDA:24,preDocRemove
FNDA:72,preQueryUpdate
FNDA:120,(anonymous_9)
FNDA:72,preQueryRemove
FNDA:384,(anonymous_11)
FNDA:48,preInsertMany
FNDA:312,(anonymous_13)
DA:8,1
DA:22,144
DA:23,144
DA:24,144
DA:25,144
DA:26,144
DA:27,144
DA:28,144
DA:29,144
DA:33,120
DA:34,120
DA:35,120
DA:39,144
DA:40,144
DA:41,144
DA:42,144
DA:43,144
DA:46,1
DA:47,1
DA:53,1
DA:55,384
DA:57,1
DA:59,96
DA:60,96
DA:61,96
DA:62,96
DA:66,24
DA:67,24
DA:71,72
DA:72,72
DA:73,72
DA:74,48
DA:75,120
DA:76,48
DA:77,24
DA:78,24
DA:79,24
DA:84,72
DA:85,72
DA:86,72
DA:87,384
DA:94,48
DA:95,48
DA:96,312
DA:97,48
DA:98,48
DA:101,2
DA:102,2
DA:103,2
DA:104,2
DA:105,2
LF:51
LH:51
BRDA:21,0,0,0
BRDA:25,1,0,72
BRDA:26,2,0,72
BRDA:27,3,0,0
BRDA:28,4,0,0
BRDA:40,5,0,120
BRDA:60,6,0,0
BRDA:61,7,0,24
BRDA:73,8,0,48
BRDA:73,8,1,24
BRDA:77,9,0,24
BRDA:86,10,0,72
BRDA:95,11,0,48
BRDA:95,11,1,0
BRF:14
BRH:9
end_of_record
