TN:
SF:src/mondis.ts
FN:95,buildCachedQueryMap
FN:98,(anonymous_2)
FN:114,(anonymous_3)
FN:120,(anonymous_4)
FN:124,(anonymous_5)
FN:132,(anonymous_6)
FN:136,(anonymous_7)
FN:141,(anonymous_8)
FNF:8
FNH:8
FNDA:23,buildCachedQueryMap
FNDA:276,(anonymous_2)
FNDA:23,(anonymous_3)
FNDA:23,(anonymous_4)
FNDA:69,(anonymous_5)
FNDA:23,(anonymous_6)
FNDA:262,(anonymous_7)
FNDA:152,(anonymous_8)
DA:5,2
DA:6,2
DA:7,2
DA:29,2
DA:96,23
DA:97,23
DA:98,23
DA:99,276
DA:100,276
DA:102,23
DA:115,23
DA:116,23
DA:117,23
DA:122,23
DA:123,23
DA:124,23
DA:125,69
DA:127,23
DA:129,23
DA:133,23
DA:137,262
DA:138,262
DA:142,152
DA:143,152
DA:147,2
LF:25
LH:25
BRDA:96,0,0,0
BRDA:97,1,0,0
BRDA:99,2,0,0
BRDA:114,3,0,0
BRDA:123,4,0,23
BRDA:129,5,0,23
BRDA:137,6,0,0
BRDA:142,7,0,0
BRF:8
BRH:2
end_of_record
TN:
SF:src/CachedQuery/config.ts
FN:50,transformPopulate
FN:51,(anonymous_1)
FN:62,selectPopulations
FN:64,(anonymous_3)
FN:70,(anonymous_4)
FN:75,parseConfig
FNF:6
FNH:6
FNDA:276,transformPopulate
FNDA:46,(anonymous_1)
FNDA:276,selectPopulations
FNDA:414,(anonymous_3)
FNDA:46,(anonymous_4)
FNDA:276,parseConfig
DA:51,276
DA:52,46
DA:53,46
DA:63,276
DA:64,414
DA:66,276
DA:67,253
DA:70,46
DA:75,2
DA:90,276
DA:91,276
DA:103,276
LF:12
LH:12
BRDA:56,0,0,23
BRDA:56,0,1,23
BRDA:57,1,0,0
BRDA:57,1,1,46
BRDA:64,2,0,414
BRDA:64,2,1,23
BRDA:66,3,0,23
BRDA:82,4,0,23
BRDA:83,5,0,230
BRDA:84,6,0,253
BRDA:85,7,0,228
BRDA:86,8,0,276
BRDA:87,9,0,253
BRDA:88,10,0,253
BRDA:89,11,0,276
BRF:15
BRH:14
end_of_record
TN:
SF:src/CachedQuery/index.ts
FN:30,(anonymous_0)
FN:36,(anonymous_1)
FN:40,(anonymous_2)
FN:51,(anonymous_3)
FN:56,(anonymous_4)
FN:66,(anonymous_5)
FN:83,(anonymous_6)
FN:87,(anonymous_7)
FN:95,(anonymous_8)
FN:100,(anonymous_9)
FN:112,(anonymous_10)
FN:116,(anonymous_11)
FN:126,(anonymous_12)
FN:162,(anonymous_13)
FN:168,(anonymous_14)
FN:191,(anonymous_15)
FN:218,(anonymous_16)
FN:233,(anonymous_17)
FN:239,(anonymous_18)
FNF:19
FNH:17
FNDA:359,(anonymous_0)
FNDA:119,(anonymous_1)
FNDA:120,(anonymous_2)
FNDA:276,(anonymous_3)
FNDA:1346,(anonymous_4)
FNDA:152,(anonymous_5)
FNDA:108,(anonymous_6)
FNDA:44,(anonymous_7)
FNDA:75,(anonymous_8)
FNDA:333,(anonymous_9)
FNDA:333,(anonymous_10)
FNDA:44,(anonymous_11)
FNDA:120,(anonymous_12)
FNDA:10,(anonymous_13)
FNDA:110,(anonymous_14)
FNDA:44,(anonymous_15)
FNDA:480,(anonymous_16)
FNDA:0,(anonymous_17)
FNDA:0,(anonymous_18)
DA:1,2
DA:10,2
DA:31,359
DA:32,359
DA:33,359
DA:37,119
DA:41,120
DA:52,276
DA:53,276
DA:57,1346
DA:58,1346
DA:59,1346
DA:60,0
DA:62,1346
DA:63,1346
DA:67,152
DA:68,152
DA:69,152
DA:70,152
DA:71,152
DA:72,9
DA:74,143
DA:75,143
DA:76,143
DA:78,152
DA:79,152
DA:80,152
DA:84,108
DA:88,44
DA:89,44
DA:96,75
DA:97,75
DA:98,75
DA:99,75
DA:100,333
DA:101,75
DA:102,75
DA:104,75
DA:105,75
DA:106,75
DA:107,75
DA:108,75
DA:109,75
DA:110,75
DA:111,75
DA:112,75
DA:113,333
DA:114,333
DA:116,75
DA:117,44
DA:118,44
DA:120,75
DA:127,120
DA:128,120
DA:129,120
DA:130,120
DA:133,120
DA:134,33
DA:137,87
DA:138,87
DA:139,87
DA:140,87
DA:141,87
DA:142,12
DA:148,87
DA:149,75
DA:154,75
DA:155,75
DA:158,87
DA:159,87
DA:163,10
DA:164,10
DA:165,10
DA:169,110
DA:170,110
DA:175,110
DA:176,66
DA:178,66
DA:179,66
DA:180,66
DA:185,44
DA:192,44
DA:193,44
DA:194,44
DA:195,44
DA:196,0
DA:197,0
DA:200,44
DA:201,44
DA:202,44
DA:207,44
DA:208,44
DA:209,44
DA:210,44
DA:215,44
DA:219,480
DA:220,120
DA:221,120
DA:222,120
DA:223,70
DA:224,70
DA:226,50
DA:234,0
DA:235,0
DA:236,0
DA:237,0
DA:239,0
DA:240,0
DA:243,0
DA:247,2
LF:110
LH:100
BRDA:56,0,0,0
BRDA:58,1,0,429
BRDA:58,1,1,917
BRDA:59,2,0,0
BRDA:71,3,0,9
BRDA:71,3,1,143
BRDA:74,4,0,13
BRDA:75,5,0,22
BRDA:76,6,0,22
BRDA:76,7,0,143
BRDA:76,7,1,77
BRDA:78,8,0,152
BRDA:79,9,0,26
BRDA:130,10,0,32
BRDA:130,11,0,120
BRDA:133,12,0,33
BRDA:133,13,0,120
BRDA:133,13,1,48
BRDA:133,13,2,98
BRDA:133,13,3,32
BRDA:138,14,0,87
BRDA:141,15,0,12
BRDA:148,16,0,75
BRDA:154,17,0,75
BRDA:154,18,0,75
BRDA:154,18,1,6
BRDA:158,19,0,0
BRDA:165,20,0,10
BRDA:165,20,1,0
BRDA:175,21,0,66
BRDA:194,22,0,44
BRDA:195,23,0,0
BRDA:200,24,0,44
BRDA:207,25,0,44
BRDA:215,26,0,44
BRDA:215,26,1,0
BRDA:219,27,0,360
BRDA:221,28,0,10
BRDA:221,28,1,110
BRDA:221,29,0,120
BRDA:221,29,1,120
BRDA:222,30,0,70
BRDA:223,31,0,10
BRDA:223,31,1,60
BRDA:234,32,0,0
BRDA:236,33,0,0
BRDA:236,33,1,0
BRF:47
BRH:38
end_of_record
TN:
SF:src/CachedQuery/utils.ts
FN:10,walk
FN:32,updateValue
FN:33,(anonymous_3)
FN:36,setValue
FN:37,(anonymous_5)
FN:40,unsetValue
FN:42,(anonymous_7)
FN:49,getValue
FN:51,(anonymous_9)
FN:55,hasObjectId
FN:67,collectPopulatedIds
FN:74,(anonymous_12)
FN:75,(anonymous_13)
FN:80,(anonymous_14)
FN:84,(anonymous_15)
FN:95,skipAndLimit
FN:106,jsonHash
FN:115,(anonymous_18)
FN:118,(anonymous_19)
FNF:19
FNH:17
FNDA:817,walk
FNDA:25,updateValue
FNDA:25,(anonymous_3)
FNDA:22,setValue
FNDA:22,(anonymous_5)
FNDA:7,unsetValue
FNDA:7,(anonymous_7)
FNDA:759,getValue
FNDA:759,(anonymous_9)
FNDA:74,hasObjectId
FNDA:75,collectPopulatedIds
FNDA:116,(anonymous_12)
FNDA:116,(anonymous_13)
FNDA:74,(anonymous_14)
FNDA:0,(anonymous_15)
FNDA:153,skipAndLimit
FNDA:0,jsonHash
FNDA:46,(anonymous_18)
FNDA:322,(anonymous_19)
DA:1,3
DA:2,3
DA:3,3
DA:16,817
DA:17,817
DA:18,817
DA:20,817
DA:21,813
DA:23,4
DA:24,4
DA:25,0
DA:27,4
DA:28,4
DA:32,3
DA:33,25
DA:36,3
DA:37,22
DA:40,3
DA:42,7
DA:43,7
DA:44,7
DA:46,7
DA:49,3
DA:51,759
DA:52,759
DA:55,3
DA:56,74
DA:67,3
DA:71,75
DA:72,12
DA:74,12
DA:75,116
DA:76,116
DA:77,116
DA:79,74
DA:80,74
DA:81,74
DA:82,74
DA:83,74
DA:84,0
DA:89,12
DA:95,3
DA:96,153
DA:97,153
DA:98,153
DA:99,153
DA:100,153
DA:101,54
DA:103,99
DA:106,3
DA:107,0
DA:108,0
DA:115,3
DA:116,46
DA:119,322
DA:120,322
DA:121,276
DA:123,46
LF:58
LH:54
BRDA:16,0,0,0
BRDA:18,1,0,817
BRDA:18,1,1,0
BRDA:20,2,0,813
BRDA:20,2,1,4
BRDA:24,3,0,0
BRDA:24,4,0,4
BRDA:24,4,1,1
BRDA:57,5,0,74
BRDA:57,5,1,74
BRDA:57,5,2,74
BRDA:71,6,0,63
BRDA:77,7,0,42
BRDA:77,8,0,116
BRDA:77,8,1,74
BRDA:79,9,0,0
BRDA:79,9,1,74
BRDA:81,10,0,0
BRDA:83,11,0,74
BRDA:96,12,0,109
BRDA:96,12,1,44
BRDA:97,13,0,43
BRDA:97,13,1,110
BRDA:98,14,0,0
BRDA:99,15,0,0
BRDA:99,16,0,153
BRDA:99,16,1,43
BRDA:100,17,0,54
BRDA:100,18,0,153
BRDA:100,18,1,131
BRDA:101,19,0,43
BRDA:101,19,1,11
BRDA:120,20,0,276
BRDA:120,20,1,46
BRF:34
BRH:27
end_of_record
TN:
SF:src/CachedQuery/invalidation/core.ts
FN:29,wasProjectionModified
FN:39,(anonymous_2)
FN:40,(anonymous_3)
FN:48,(anonymous_4)
FN:49,(anonymous_5)
FN:55,classifyProjection
FN:59,(anonymous_7)
FN:85,classifyQuery
FN:92,(anonymous_9)
FN:98,findParam
FN:105,(anonymous_11)
FN:108,(anonymous_12)
FN:111,(anonymous_13)
FN:128,(anonymous_14)
FN:140,(anonymous_15)
FN:163,(anonymous_16)
FN:175,(anonymous_17)
FN:202,(anonymous_18)
FN:209,(anonymous_19)
FN:222,buildInvalidationMaps
FN:225,(anonymous_21)
FN:228,collectPopulations
FN:234,(anonymous_23)
FN:236,(anonymous_24)
FN:241,collectInvalidations
FN:246,addHandler
FN:249,(anonymous_27)
FN:263,(anonymous_28)
FNF:28
FNH:27
FNDA:279,wasProjectionModified
FNDA:113,(anonymous_2)
FNDA:115,(anonymous_3)
FNDA:15,(anonymous_4)
FNDA:15,(anonymous_5)
FNDA:322,classifyProjection
FNDA:483,(anonymous_7)
FNDA:276,classifyQuery
FNDA:161,(anonymous_9)
FNDA:276,findParam
FNDA:92,(anonymous_11)
FNDA:184,(anonymous_12)
FNDA:184,(anonymous_13)
FNDA:276,(anonymous_14)
FNDA:180,(anonymous_15)
FNDA:3072,(anonymous_16)
FNDA:1982,(anonymous_17)
FNDA:46,(anonymous_18)
FNDA:4,(anonymous_19)
FNDA:23,buildInvalidationMaps
FNDA:276,(anonymous_21)
FNDA:46,collectPopulations
FNDA:0,(anonymous_23)
FNDA:46,(anonymous_24)
FNDA:57,collectInvalidations
FNDA:3256,addHandler
FNDA:1187,(anonymous_27)
FNDA:88,(anonymous_28)
DA:1,2
DA:12,2
DA:34,279
DA:35,279
DA:36,128
DA:38,113
DA:39,113
DA:40,115
DA:47,15
DA:48,15
DA:49,15
DA:56,322
DA:57,322
DA:59,322
DA:60,483
DA:61,483
DA:62,483
DA:63,230
DA:64,230
DA:66,253
DA:67,230
DA:68,23
DA:69,0
DA:71,253
DA:74,322
DA:75,46
DA:77,276
DA:88,276
DA:89,115
DA:92,161
DA:93,161
DA:96,161
DA:97,161
DA:99,276
DA:100,253
DA:101,253
DA:102,161
DA:103,161
DA:105,92
DA:108,184
DA:110,161
DA:111,161
DA:112,184
DA:113,23
DA:117,161
DA:128,276
DA:129,276
DA:130,276
DA:131,276
DA:132,276
DA:133,276
DA:134,276
DA:135,276
DA:136,276
DA:137,276
DA:144,180
DA:145,180
DA:146,180
DA:147,180
DA:148,180
DA:151,140
DA:153,67
DA:155,40
DA:156,2
DA:157,38
DA:158,2
DA:160,109
DA:164,3072
DA:165,3072
DA:168,3072
DA:170,2560
DA:171,2560
DA:172,1911
DA:176,1982
DA:179,1982
DA:181,1443
DA:182,1443
DA:183,1482
DA:184,1482
DA:185,615
DA:189,615
DA:190,359
DA:192,1226
DA:194,1187
DA:202,46
DA:203,46
DA:204,46
DA:205,46
DA:206,46
DA:213,4
DA:214,4
DA:215,4
DA:216,3
DA:218,1
DA:222,2
DA:223,23
DA:224,23
DA:225,23
DA:226,276
DA:227,276
DA:229,46
DA:230,46
DA:234,46
DA:236,276
DA:238,23
DA:241,2
DA:244,57
DA:245,57
DA:247,3256
DA:248,1985
DA:249,1187
DA:251,1985
DA:252,798
DA:253,798
DA:254,3
DA:256,795
DA:260,57
DA:261,57
DA:264,88
DA:265,88
DA:266,85
LF:121
LH:120
BRDA:34,0,0,0
BRDA:35,1,0,151
BRDA:36,2,0,113
BRDA:40,3,0,115
BRDA:40,3,1,76
BRDA:40,3,2,76
BRDA:49,4,0,15
BRDA:49,4,1,14
BRDA:60,5,0,0
BRDA:60,6,0,483
BRDA:60,6,1,460
BRDA:62,7,0,230
BRDA:62,7,1,253
BRDA:63,8,0,0
BRDA:66,9,0,230
BRDA:66,9,1,23
BRDA:68,10,0,0
BRDA:74,11,0,46
BRDA:74,12,0,322
BRDA:74,12,1,92
BRDA:88,13,0,115
BRDA:88,14,0,276
BRDA:88,14,1,276
BRDA:98,15,0,184
BRDA:99,16,0,23
BRDA:99,17,0,276
BRDA:99,17,1,253
BRDA:101,18,0,161
BRDA:101,18,1,92
BRDA:102,19,0,69
BRDA:112,20,0,23
BRDA:137,21,0,23
BRDA:137,21,1,253
BRDA:148,22,0,140
BRDA:148,22,1,40
BRDA:148,23,0,180
BRDA:148,23,1,142
BRDA:151,24,0,67
BRDA:151,25,0,140
BRDA:151,25,1,135
BRDA:155,26,0,2
BRDA:155,26,1,38
BRDA:155,27,0,40
BRDA:155,27,1,38
BRDA:157,28,0,2
BRDA:157,29,0,38
BRDA:157,29,1,2
BRDA:168,30,0,512
BRDA:168,31,0,3072
BRDA:168,31,1,2816
BRDA:171,32,0,649
BRDA:179,33,0,539
BRDA:189,34,0,256
BRDA:203,35,0,23
BRDA:215,36,0,3
BRDA:247,37,0,1271
BRDA:248,38,0,1187
BRDA:251,39,0,798
BRDA:253,40,0,3
BRDA:253,40,1,795
BRDA:265,41,0,3
BRF:61
BRH:57
end_of_record
TN:
SF:src/CachedQuery/invalidation/handler.ts
FN:14,(anonymous_0)
FN:18,(anonymous_1)
FN:27,(anonymous_2)
FN:30,(anonymous_3)
FN:31,(anonymous_4)
FN:32,(anonymous_5)
FN:35,(anonymous_6)
FN:43,(anonymous_7)
FN:46,(anonymous_8)
FN:47,(anonymous_9)
FN:48,(anonymous_10)
FN:56,(anonymous_11)
FN:59,(anonymous_12)
FN:66,(anonymous_13)
FN:72,(anonymous_14)
FN:75,(anonymous_15)
FN:79,(anonymous_16)
FN:89,(anonymous_17)
FNF:18
FNH:18
FNDA:23,(anonymous_0)
FNDA:60,(anonymous_1)
FNDA:7,(anonymous_2)
FNDA:7,(anonymous_3)
FNDA:17,(anonymous_4)
FNDA:180,(anonymous_5)
FNDA:4,(anonymous_6)
FNDA:50,(anonymous_7)
FNDA:50,(anonymous_8)
FNDA:349,(anonymous_9)
FNDA:3072,(anonymous_10)
FNDA:3,(anonymous_11)
FNDA:3,(anonymous_12)
FNDA:46,(anonymous_13)
FNDA:207,(anonymous_14)
FNDA:69,(anonymous_15)
FNDA:276,(anonymous_16)
FNDA:57,(anonymous_17)
DA:3,2
DA:10,2
DA:12,23
DA:15,23
DA:19,60
DA:20,50
DA:21,7
DA:22,3
DA:23,0
DA:28,7
DA:29,7
DA:30,7
DA:31,7
DA:32,17
DA:33,180
DA:35,17
DA:36,4
DA:40,7
DA:44,50
DA:45,50
DA:46,50
DA:47,50
DA:48,349
DA:49,3072
DA:53,50
DA:57,3
DA:58,3
DA:59,3
DA:67,46
DA:68,46
DA:70,23
DA:71,23
DA:72,207
DA:74,23
DA:75,69
DA:77,23
DA:78,23
DA:79,23
DA:80,276
DA:81,276
DA:82,0
DA:83,276
DA:84,0
DA:90,57
DA:91,23
DA:92,23
DA:94,57
LF:47
LH:44
BRDA:19,0,0,50
BRDA:19,0,1,7
BRDA:19,0,2,3
BRDA:19,0,3,0
BRDA:68,1,0,23
BRDA:68,2,0,46
BRDA:68,2,1,46
BRDA:68,2,2,23
BRDA:68,2,3,23
BRDA:71,3,0,23
BRDA:71,4,0,23
BRDA:71,4,1,23
BRDA:74,5,0,23
BRDA:74,6,0,23
BRDA:74,6,1,23
BRDA:80,7,0,0
BRDA:81,8,0,0
BRDA:81,8,1,276
BRDA:83,9,0,0
BRDA:83,10,0,276
BRDA:83,10,1,69
BRDA:90,11,0,23
BRDA:95,12,0,57
BRDA:95,12,1,26
BRDA:96,13,0,57
BRDA:96,13,1,31
BRF:26
BRH:22
end_of_record
TN:
SF:src/CachedQuery/invalidation/mongo-operators.ts
FN:40,parseArrayUpdateOperator
FN:50,applyArrayUpdate
FN:69,(anonymous_2)
FN:70,parseVal
FN:81,(anonymous_4)
FN:82,parseVal
FN:89,(anonymous_6)
FN:95,(anonymous_7)
FN:99,(anonymous_8)
FN:103,(anonymous_9)
FN:105,(anonymous_10)
FN:111,(anonymous_11)
FN:116,(anonymous_12)
FN:119,(anonymous_13)
FN:122,(anonymous_14)
FN:125,(anonymous_15)
FN:136,(anonymous_16)
FN:152,(anonymous_17)
FN:165,isSupportedOperator
FN:169,assertOperatorIsValid
FN:173,getFilterValue
FN:177,(anonymous_21)
FN:183,applyUpdates
FN:184,(anonymous_23)
FN:187,(anonymous_24)
FN:190,(anonymous_25)
FN:197,parseQueryUpdate
FN:201,addEntriesToSetOp
FN:205,(anonymous_28)
FN:223,collectModifiedKeys
FN:225,(anonymous_30)
FN:226,(anonymous_31)
FN:231,buildUpsertedDocument
FN:234,(anonymous_33)
FN:244,mapBeforeAndAfter
FN:245,(anonymous_35)
FN:247,(anonymous_36)
FNF:37
FNH:36
FNDA:10,parseArrayUpdateOperator
FNDA:10,applyArrayUpdate
FNDA:4,(anonymous_2)
FNDA:4,parseVal
FNDA:20,(anonymous_4)
FNDA:20,parseVal
FNDA:20,(anonymous_6)
FNDA:4,(anonymous_7)
FNDA:4,(anonymous_8)
FNDA:5,(anonymous_9)
FNDA:5,(anonymous_10)
FNDA:3,(anonymous_11)
FNDA:9,(anonymous_12)
FNDA:2,(anonymous_13)
FNDA:4,(anonymous_14)
FNDA:4,(anonymous_15)
FNDA:4,(anonymous_16)
FNDA:10,(anonymous_17)
FNDA:68,isSupportedOperator
FNDA:4,assertOperatorIsValid
FNDA:2,getFilterValue
FNDA:0,(anonymous_21)
FNDA:63,applyUpdates
FNDA:64,(anonymous_23)
FNDA:64,(anonymous_24)
FNDA:73,(anonymous_25)
FNDA:8,parseQueryUpdate
FNDA:5,addEntriesToSetOp
FNDA:9,(anonymous_28)
FNDA:7,collectModifiedKeys
FNDA:7,(anonymous_30)
FNDA:7,(anonymous_31)
FNDA:2,buildUpsertedDocument
FNDA:2,(anonymous_33)
FNDA:7,mapBeforeAndAfter
FNDA:7,(anonymous_35)
FNDA:17,(anonymous_36)
DA:2,3
DA:3,3
DA:5,3
DA:25,3
DA:41,10
DA:42,5
DA:43,5
DA:44,5
DA:45,5
DA:46,5
DA:47,5
DA:55,10
DA:56,10
DA:57,8
DA:59,2
DA:61,10
DA:62,2
DA:63,2
DA:65,10
DA:68,3
DA:70,4
DA:71,4
DA:72,2
DA:73,2
DA:74,1
DA:75,1
DA:77,0
DA:79,4
DA:82,20
DA:83,20
DA:84,3
DA:85,2
DA:86,1
DA:87,0
DA:89,20
DA:90,20
DA:91,19
DA:92,0
DA:96,4
DA:97,4
DA:100,4
DA:101,4
DA:104,5
DA:105,5
DA:106,5
DA:107,4
DA:108,0
DA:112,3
DA:113,3
DA:114,3
DA:117,9
DA:123,4
DA:126,4
DA:127,4
DA:128,1
DA:129,3
DA:131,3
DA:133,0
DA:137,4
DA:138,4
DA:140,3
DA:141,3
DA:142,2
DA:143,1
DA:144,1
DA:146,0
DA:149,0
DA:153,10
DA:154,10
DA:155,1
DA:156,1
DA:157,9
DA:158,9
DA:160,0
DA:166,68
DA:170,4
DA:174,2
DA:175,0
DA:176,0
DA:177,0
DA:178,0
DA:180,2
DA:183,3
DA:184,63
DA:185,64
DA:186,64
DA:187,64
DA:188,64
DA:189,63
DA:190,63
DA:191,73
DA:197,3
DA:198,8
DA:199,8
DA:200,8
DA:202,5
DA:203,5
DA:205,8
DA:206,9
DA:207,5
DA:208,4
DA:209,4
DA:210,4
DA:211,4
DA:212,0
DA:214,4
DA:217,0
DA:220,8
DA:223,3
DA:224,7
DA:225,7
DA:226,7
DA:228,7
DA:231,3
DA:232,2
DA:234,2
DA:235,2
DA:236,2
DA:239,2
DA:240,2
DA:241,2
DA:244,3
DA:245,7
DA:246,7
DA:247,17
LF:125
LH:111
BRDA:41,0,0,5
BRDA:41,1,0,10
BRDA:41,1,1,10
BRDA:41,1,2,5
BRDA:43,2,0,0
BRDA:44,3,0,0
BRDA:45,4,0,0
BRDA:45,5,0,5
BRDA:45,5,1,3
BRDA:46,6,0,0
BRDA:46,7,0,5
BRDA:46,7,1,3
BRDA:56,8,0,8
BRDA:56,8,1,2
BRDA:61,9,0,2
BRDA:62,10,0,1
BRDA:63,11,0,1
BRDA:71,12,0,2
BRDA:71,13,0,4
BRDA:71,13,1,3
BRDA:73,14,0,1
BRDA:74,15,0,1
BRDA:83,16,0,17
BRDA:83,17,0,20
BRDA:83,17,1,17
BRDA:84,18,0,1
BRDA:85,19,0,1
BRDA:86,20,0,1
BRDA:90,21,0,1
BRDA:91,22,0,19
BRDA:97,23,0,3
BRDA:101,24,0,1
BRDA:104,25,0,0
BRDA:106,26,0,1
BRDA:107,27,0,4
BRDA:112,28,0,0
BRDA:127,29,0,1
BRDA:127,29,1,3
BRDA:129,30,0,3
BRDA:129,30,1,0
BRDA:131,31,0,2
BRDA:138,32,0,1
BRDA:138,32,1,3
BRDA:140,33,0,3
BRDA:140,33,1,0
BRDA:141,34,0,2
BRDA:141,34,1,1
BRDA:141,35,0,3
BRDA:141,35,1,2
BRDA:143,36,0,1
BRDA:143,36,1,0
BRDA:154,37,0,1
BRDA:154,37,1,9
BRDA:157,38,0,9
BRDA:157,38,1,0
BRDA:170,39,0,0
BRDA:170,40,0,4
BRDA:170,40,1,4
BRDA:174,41,0,0
BRDA:174,42,0,2
BRDA:174,42,1,2
BRDA:176,43,0,0
BRDA:178,44,0,0
BRDA:185,45,0,0
BRDA:188,46,0,1
BRDA:189,47,0,0
BRDA:198,48,0,0
BRDA:199,49,0,0
BRDA:202,50,0,5
BRDA:206,51,0,5
BRDA:206,51,1,4
BRDA:208,52,0,4
BRDA:208,52,1,0
BRDA:209,53,0,0
BRDA:211,54,0,0
BRDA:211,54,1,4
BRDA:236,55,0,2
BRF:77
BRH:56
end_of_record
TN:
SF:src/CachedQuery/invalidation/mongoose-plugin.ts
FN:26,findDocs
FN:37,getDocumentInfo
FN:43,getQueryInfo
FN:58,bindPlugin
FN:59,effect
FN:63,mondisPlugin
FN:64,preDocSave
FN:79,preDocRemove
FN:84,preQueryUpdate
FN:97,preQueryRemove
FN:100,(anonymous_10)
FN:104,preInsertMany
FN:109,(anonymous_12)
FNF:13
FNH:12
FNDA:11,findDocs
FNDA:3,getDocumentInfo
FNDA:8,getQueryInfo
FNDA:23,bindPlugin
FNDA:60,effect
FNDA:46,mondisPlugin
FNDA:3,preDocSave
FNDA:0,preDocRemove
FNDA:8,preQueryUpdate
FNDA:3,preQueryRemove
FNDA:3,(anonymous_10)
FNDA:46,preInsertMany
FNDA:345,(anonymous_12)
DA:8,2
DA:27,11
DA:28,11
DA:29,11
DA:30,11
DA:31,11
DA:32,11
DA:33,11
DA:34,11
DA:38,3
DA:39,3
DA:40,3
DA:44,8
DA:45,8
DA:46,8
DA:47,8
DA:48,8
DA:51,2
DA:52,2
DA:58,2
DA:60,60
DA:63,23
DA:65,3
DA:66,3
DA:67,3
DA:68,3
DA:70,0
DA:71,0
DA:72,0
DA:73,0
DA:74,0
DA:75,0
DA:80,0
DA:81,0
DA:85,8
DA:86,8
DA:87,8
DA:88,7
DA:89,7
DA:90,7
DA:91,1
DA:92,1
DA:93,1
DA:98,3
DA:99,3
DA:100,3
DA:107,46
DA:108,46
DA:109,345
DA:110,46
DA:111,46
DA:114,46
DA:115,46
DA:116,46
DA:117,46
DA:118,46
LF:56
LH:48
BRDA:26,0,0,0
BRDA:30,1,0,3
BRDA:31,2,0,10
BRDA:32,3,0,0
BRDA:33,4,0,0
BRDA:45,5,0,7
BRDA:66,6,0,0
BRDA:67,7,0,3
BRDA:67,7,1,0
BRDA:71,8,0,0
BRDA:73,9,0,0
BRDA:87,10,0,7
BRDA:87,10,1,1
BRDA:91,11,0,1
BRDA:99,12,0,3
BRDA:108,13,0,46
BRDA:108,13,1,0
BRF:17
BRH:9
end_of_record
TN:
SF:tests/setup.ts
FN:28,oid
FN:56,(anonymous_8)
FN:59,(anonymous_9)
FN:62,(anonymous_10)
FN:66,(anonymous_11)
FN:69,(anonymous_12)
FN:72,(anonymous_13)
FN:75,(anonymous_14)
FN:78,(anonymous_15)
FN:81,(anonymous_16)
FN:84,(anonymous_17)
FN:87,(anonymous_18)
FN:91,(anonymous_19)
FN:94,(anonymous_20)
FN:97,(anonymous_21)
FN:104,init
FN:124,(anonymous_23)
FN:131,(anonymous_24)
FN:138,(anonymous_25)
FN:145,(anonymous_26)
FN:152,(anonymous_27)
FN:159,(anonymous_28)
FN:190,(anonymous_29)
FN:214,(anonymous_30)
FN:232,mondisTest
FN:237,(anonymous_32)
FNF:26
FNH:26
FNDA:76,oid
FNDA:1,(anonymous_8)
FNDA:1,(anonymous_9)
FNDA:1,(anonymous_10)
FNDA:1,(anonymous_11)
FNDA:1,(anonymous_12)
FNDA:1,(anonymous_13)
FNDA:1,(anonymous_14)
FNDA:1,(anonymous_15)
FNDA:1,(anonymous_16)
FNDA:1,(anonymous_17)
FNDA:1,(anonymous_18)
FNDA:1,(anonymous_19)
FNDA:1,(anonymous_20)
FNDA:1,(anonymous_21)
FNDA:23,init
FNDA:33,(anonymous_23)
FNDA:33,(anonymous_24)
FNDA:33,(anonymous_25)
FNDA:33,(anonymous_26)
FNDA:33,(anonymous_27)
FNDA:33,(anonymous_28)
FNDA:33,(anonymous_29)
FNDA:276,(anonymous_30)
FNDA:23,mondisTest
FNDA:23,(anonymous_32)
DA:1,2
DA:3,2
DA:4,2
DA:5,2
DA:28,2
DA:29,76
DA:34,2
DA:41,2
DA:55,2
DA:57,1
DA:60,1
DA:63,1
DA:67,1
DA:70,1
DA:73,1
DA:76,1
DA:79,1
DA:82,1
DA:85,1
DA:88,1
DA:92,1
DA:95,1
DA:98,1
DA:104,2
DA:105,23
DA:124,33
DA:131,33
DA:138,33
DA:145,33
DA:152,33
DA:159,33
DA:190,33
DA:198,23
DA:199,23
DA:200,23
DA:202,23
DA:203,23
DA:209,23
DA:214,23
DA:215,276
DA:216,276
DA:219,23
DA:220,23
DA:224,23
DA:229,23
DA:232,2
DA:237,23
DA:238,23
DA:239,23
DA:240,23
DA:241,23
LF:51
LH:51
BRDA:235,0,0,19
BRF:1
BRH:1
end_of_record
